*------------------------------------------------------------*
* Report Log
Date:                April 13, 2022
Time:                18:21:21
*------------------------------------------------------------*
12011  *------------------------------------------------------------*;
12012  * Part: Computing statistics for class target variables;
12013  *------------------------------------------------------------*;
12014  ods listing close;
12015  ods output onewayfreqs=WORK.TEMPFREQ;
12016  proc freq data = EMWS5.Ids_DATA order=formatted addnames;
12017  table TargetBuy / missing;
12018  run;

NOTE: View EMWS5.IDS_DATA.VIEW used (Total process time):
      real time           0.04 seconds
      cpu time            0.04 seconds
      
NOTE: There were 22223 observations read from the data set DATA.ORGANICS.
NOTE: The data set WORK.TEMPFREQ has 2 observations and 8 variables.
NOTE: There were 22223 observations read from the data set EMWS5.IDS_DATA.
NOTE: PROCEDURE FREQ used (Total process time):
      real time           0.06 seconds
      cpu time            0.06 seconds
      

12019  quit;
12020  ods listing;
12021  data WORK.Part_BAR(keep=_VARIABLE_ TYPE COUNT PERCENT _X_ _XLABEL_);
12022  label _VARIABLE_ = "%sysfunc(sasmsg(sashelp.dmine, rpt_variable_vlabel, NOQUOTE))" Type = "%sysfunc(sasmsg(sashelp.dmine, rpt_type_vlabel,         NOQUOTE))" _X_ = "%sysfunc(sasmsg(sashelp.dmine, rpt_numValue_vlabel, NOQUOTE))" _XLABEL_ =
12023     "%sysfunc(sasmsg(sashelp.dmine, rpt_fmtValue_vlabel ,    NOQUOTE))" COUNT = "%sysfunc(sasmsg(sashelp.dmine, rpt_count_vlabel,        NOQUOTE))" PERCENT = "%sysfunc(sasmsg(sashelp.dmine, rpt_percent_vlabel,      NOQUOTE))";
12024  dsid = open("WORK.TEMPFREQ");
12025  varnum = varnum(dsid, 'VARIABLE');
12026  freqnum = varnum(dsid, 'FREQUENCY');
12027  pvarnum = varnum(dsid, 'PERCENT');
12028  typenum = varnum(dsid, '_TYPE_');
12029  length _VARIABLE_ $32 TYPE $1 _XLABEL_ $32;
12030  do while(^fetch(dsid));
12031  _VARIABLE_ = strip(getvarc(dsid, varnum));
12032  count = getvarn(dsid, freqnum);
12033  percent= getvarn(dsid, pvarnum);
12034  vvarnum = varnum(dsid, _VARIABLE_);
12035  type = vartype(dsid, vvarnum);
12036  fvarnum = varnum(dsid, 'F_'!!substr(_VARIABLE_, 1, 30));
12037  _XLABEL_ = left(getvarc(dsid, fvarnum));
12038  _X_ = .;
12039  if TYPE eq 'N' then _X_ = getvarn(dsid, vvarnum);
12040  output;
12041  end;
12042  dsid = close(dsid);
12043  run;

NOTE: The data set WORK.PART_BAR has 2 observations and 6 variables.
NOTE: DATA statement used (Total process time):
      real time           0.00 seconds
      cpu time            0.00 seconds
      

12044  proc sort data=WORK.Part_BAR NOTHREADS;
12045  by _VARIABLE_;
12046  run;

NOTE: There were 2 observations read from the data set WORK.PART_BAR.
NOTE: The data set WORK.PART_BAR has 2 observations and 6 variables.
NOTE: PROCEDURE SORT used (Total process time):
      real time           0.01 seconds
      cpu time            0.00 seconds
      

12047  proc sort data=WORK.M170F346;
12048  by Name;
12049  run;

NOTE: There were 1 observations read from the data set WORK.M170F346.
NOTE: The data set WORK.M170F346 has 1 observations and 21 variables.
NOTE: PROCEDURE SORT used (Total process time):
      real time           0.00 seconds
      cpu time            0.00 seconds
      

12050  data WORK.Part_BAR;
12051  merge WORK.Part_BAR(in=_a) WORK.M170F346(keep=Name Label Role rename=(Name=_Variable_ Label=_Label_));
12052  by _Variable_;
12053  label Role = "%sysfunc(sasmsg(sashelp.dmine, meta_role_vlabel ,  NOQUOTE))";
12054  label Label = "%sysfunc(sasmsg(sashelp.dmine, meta_label_vlabel , NOQUOTE))";
12055  if _a then output;
12056  run;

NOTE: Variable Label is uninitialized.
WARNING: Multiple lengths were specified for the BY variable _VARIABLE_ by input data sets. This might cause unexpected results.
NOTE: There were 2 observations read from the data set WORK.PART_BAR.
NOTE: There were 1 observations read from the data set WORK.M170F346.
NOTE: The data set WORK.PART_BAR has 2 observations and 8 variables.
NOTE: DATA statement used (Total process time):
      real time           0.01 seconds
      cpu time            0.01 seconds
      

12057  data EMWS5.Part_CLASS;
12058  length DATA $8;
12059  set WORK.Part_BAR;
12060  DATA = "DATA";
12061  run;

NOTE: There were 2 observations read from the data set WORK.PART_BAR.
NOTE: The data set EMWS5.PART_CLASS has 2 observations and 9 variables.
NOTE: DATA statement used (Total process time):
      real time           0.00 seconds
      cpu time            0.00 seconds
      

12062  *------------------------------------------------------------*;
12063  * Part: Computing statistics for interval target variables;
12064  *------------------------------------------------------------*;
12065  *------------------------------------------------------------*;
12066  * Part: Computing statistics for class target variables;
12067  *------------------------------------------------------------*;
12068  ods listing close;
12069  ods output onewayfreqs=WORK.TEMPFREQ;
12070  proc freq data = EMWS5.Part_TRAIN order=formatted addnames;
12071  table TargetBuy / missing;
12072  run;

NOTE: The data set WORK.TEMPFREQ has 2 observations and 8 variables.
NOTE: There were 14445 observations read from the data set EMWS5.PART_TRAIN.
NOTE: PROCEDURE FREQ used (Total process time):
      real time           0.01 seconds
      cpu time            0.00 seconds
      

12073  quit;
12074  ods listing;
12075  data WORK.Part_BAR(keep=_VARIABLE_ TYPE COUNT PERCENT _X_ _XLABEL_);
12076  label _VARIABLE_ = "%sysfunc(sasmsg(sashelp.dmine, rpt_variable_vlabel, NOQUOTE))" Type = "%sysfunc(sasmsg(sashelp.dmine, rpt_type_vlabel,         NOQUOTE))" _X_ = "%sysfunc(sasmsg(sashelp.dmine, rpt_numValue_vlabel, NOQUOTE))" _XLABEL_ =
12077     "%sysfunc(sasmsg(sashelp.dmine, rpt_fmtValue_vlabel ,    NOQUOTE))" COUNT = "%sysfunc(sasmsg(sashelp.dmine, rpt_count_vlabel,        NOQUOTE))" PERCENT = "%sysfunc(sasmsg(sashelp.dmine, rpt_percent_vlabel,      NOQUOTE))";
12078  dsid = open("WORK.TEMPFREQ");
12079  varnum = varnum(dsid, 'VARIABLE');
12080  freqnum = varnum(dsid, 'FREQUENCY');
12081  pvarnum = varnum(dsid, 'PERCENT');
12082  typenum = varnum(dsid, '_TYPE_');
12083  length _VARIABLE_ $32 TYPE $1 _XLABEL_ $32;
12084  do while(^fetch(dsid));
12085  _VARIABLE_ = strip(getvarc(dsid, varnum));
12086  count = getvarn(dsid, freqnum);
12087  percent= getvarn(dsid, pvarnum);
12088  vvarnum = varnum(dsid, _VARIABLE_);
12089  type = vartype(dsid, vvarnum);
12090  fvarnum = varnum(dsid, 'F_'!!substr(_VARIABLE_, 1, 30));
12091  _XLABEL_ = left(getvarc(dsid, fvarnum));
12092  _X_ = .;
12093  if TYPE eq 'N' then _X_ = getvarn(dsid, vvarnum);
12094  output;
12095  end;
12096  dsid = close(dsid);
12097  run;

NOTE: The data set WORK.PART_BAR has 2 observations and 6 variables.
NOTE: DATA statement used (Total process time):
      real time           0.01 seconds
      cpu time            0.01 seconds
      

12098  proc sort data=WORK.Part_BAR NOTHREADS;
12099  by _VARIABLE_;
12100  run;

NOTE: There were 2 observations read from the data set WORK.PART_BAR.
NOTE: The data set WORK.PART_BAR has 2 observations and 6 variables.
NOTE: PROCEDURE SORT used (Total process time):
      real time           0.00 seconds
      cpu time            0.00 seconds
      

12101  proc sort data=WORK.M170F346;
12102  by Name;
12103  run;

NOTE: Input data set is already sorted, no sorting done.
NOTE: PROCEDURE SORT used (Total process time):
      real time           0.00 seconds
      cpu time            0.00 seconds
      

12104  data WORK.Part_BAR;
12105  merge WORK.Part_BAR(in=_a) WORK.M170F346(keep=Name Label Role rename=(Name=_Variable_ Label=_Label_));
12106  by _Variable_;
12107  label Role = "%sysfunc(sasmsg(sashelp.dmine, meta_role_vlabel ,  NOQUOTE))";
12108  label Label = "%sysfunc(sasmsg(sashelp.dmine, meta_label_vlabel , NOQUOTE))";
12109  if _a then output;
12110  run;

NOTE: Variable Label is uninitialized.
WARNING: Multiple lengths were specified for the BY variable _VARIABLE_ by input data sets. This might cause unexpected results.
NOTE: There were 2 observations read from the data set WORK.PART_BAR.
NOTE: There were 1 observations read from the data set WORK.M170F346.
NOTE: The data set WORK.PART_BAR has 2 observations and 8 variables.
NOTE: DATA statement used (Total process time):
      real time           0.01 seconds
      cpu time            0.01 seconds
      

12111  data WORK.Part_BAR;
12112  length DATA $8;
12113  set WORK.Part_BAR;
12114  DATA = "TRAIN";
12115  run;

NOTE: There were 2 observations read from the data set WORK.PART_BAR.
NOTE: The data set WORK.PART_BAR has 2 observations and 9 variables.
NOTE: DATA statement used (Total process time):
      real time           0.00 seconds
      cpu time            0.00 seconds
      

12116  data EMWS5.Part_CLASS;
12117  set EMWS5.Part_CLASS WORK.Part_BAR;
12118  run;

NOTE: There were 2 observations read from the data set EMWS5.PART_CLASS.
NOTE: There were 2 observations read from the data set WORK.PART_BAR.
NOTE: The data set EMWS5.PART_CLASS has 4 observations and 9 variables.
NOTE: DATA statement used (Total process time):
      real time           0.00 seconds
      cpu time            0.00 seconds
      

12119  *------------------------------------------------------------*;
12120  * Part: Computing statistics for interval target variables;
12121  *------------------------------------------------------------*;
12122  *------------------------------------------------------------*;
12123  * Part: Computing statistics for class target variables;
12124  *------------------------------------------------------------*;
12125  ods listing close;
12126  ods output onewayfreqs=WORK.TEMPFREQ;
12127  proc freq data = EMWS5.Part_VALIDATE order=formatted addnames;
12128  table TargetBuy / missing;
12129  run;

NOTE: The data set WORK.TEMPFREQ has 2 observations and 8 variables.
NOTE: There were 7778 observations read from the data set EMWS5.PART_VALIDATE.
NOTE: PROCEDURE FREQ used (Total process time):
      real time           0.01 seconds
      cpu time            0.01 seconds
      

12130  quit;
12131  ods listing;
12132  data WORK.Part_BAR(keep=_VARIABLE_ TYPE COUNT PERCENT _X_ _XLABEL_);
12133  label _VARIABLE_ = "%sysfunc(sasmsg(sashelp.dmine, rpt_variable_vlabel, NOQUOTE))" Type = "%sysfunc(sasmsg(sashelp.dmine, rpt_type_vlabel,         NOQUOTE))" _X_ = "%sysfunc(sasmsg(sashelp.dmine, rpt_numValue_vlabel, NOQUOTE))" _XLABEL_ =
12134     "%sysfunc(sasmsg(sashelp.dmine, rpt_fmtValue_vlabel ,    NOQUOTE))" COUNT = "%sysfunc(sasmsg(sashelp.dmine, rpt_count_vlabel,        NOQUOTE))" PERCENT = "%sysfunc(sasmsg(sashelp.dmine, rpt_percent_vlabel,      NOQUOTE))";
12135  dsid = open("WORK.TEMPFREQ");
12136  varnum = varnum(dsid, 'VARIABLE');
12137  freqnum = varnum(dsid, 'FREQUENCY');
12138  pvarnum = varnum(dsid, 'PERCENT');
12139  typenum = varnum(dsid, '_TYPE_');
12140  length _VARIABLE_ $32 TYPE $1 _XLABEL_ $32;
12141  do while(^fetch(dsid));
12142  _VARIABLE_ = strip(getvarc(dsid, varnum));
12143  count = getvarn(dsid, freqnum);
12144  percent= getvarn(dsid, pvarnum);
12145  vvarnum = varnum(dsid, _VARIABLE_);
12146  type = vartype(dsid, vvarnum);
12147  fvarnum = varnum(dsid, 'F_'!!substr(_VARIABLE_, 1, 30));
12148  _XLABEL_ = left(getvarc(dsid, fvarnum));
12149  _X_ = .;
12150  if TYPE eq 'N' then _X_ = getvarn(dsid, vvarnum);
12151  output;
12152  end;
12153  dsid = close(dsid);
12154  run;

NOTE: The data set WORK.PART_BAR has 2 observations and 6 variables.
NOTE: DATA statement used (Total process time):
      real time           0.00 seconds
      cpu time            0.00 seconds
      

12155  proc sort data=WORK.Part_BAR NOTHREADS;
12156  by _VARIABLE_;
12157  run;

NOTE: There were 2 observations read from the data set WORK.PART_BAR.
NOTE: The data set WORK.PART_BAR has 2 observations and 6 variables.
NOTE: PROCEDURE SORT used (Total process time):
      real time           0.01 seconds
      cpu time            0.00 seconds
      

12158  proc sort data=WORK.M170F346;
12159  by Name;
12160  run;

NOTE: Input data set is already sorted, no sorting done.
NOTE: PROCEDURE SORT used (Total process time):
      real time           0.00 seconds
      cpu time            0.00 seconds
      

12161  data WORK.Part_BAR;
12162  merge WORK.Part_BAR(in=_a) WORK.M170F346(keep=Name Label Role rename=(Name=_Variable_ Label=_Label_));
12163  by _Variable_;
12164  label Role = "%sysfunc(sasmsg(sashelp.dmine, meta_role_vlabel ,  NOQUOTE))";
12165  label Label = "%sysfunc(sasmsg(sashelp.dmine, meta_label_vlabel , NOQUOTE))";
12166  if _a then output;
12167  run;

NOTE: Variable Label is uninitialized.
WARNING: Multiple lengths were specified for the BY variable _VARIABLE_ by input data sets. This might cause unexpected results.
NOTE: There were 2 observations read from the data set WORK.PART_BAR.
NOTE: There were 1 observations read from the data set WORK.M170F346.
NOTE: The data set WORK.PART_BAR has 2 observations and 8 variables.
NOTE: DATA statement used (Total process time):
      real time           0.01 seconds
      cpu time            0.01 seconds
      

12168  data WORK.Part_BAR;
12169  length DATA $8;
12170  set WORK.Part_BAR;
12171  DATA = "VALIDATE";
12172  run;

NOTE: There were 2 observations read from the data set WORK.PART_BAR.
NOTE: The data set WORK.PART_BAR has 2 observations and 9 variables.
NOTE: DATA statement used (Total process time):
      real time           0.00 seconds
      cpu time            0.00 seconds
      

12173  data EMWS5.Part_CLASS;
12174  set EMWS5.Part_CLASS WORK.Part_BAR;
12175  run;

NOTE: There were 4 observations read from the data set EMWS5.PART_CLASS.
NOTE: There were 2 observations read from the data set WORK.PART_BAR.
NOTE: The data set EMWS5.PART_CLASS has 6 observations and 9 variables.
NOTE: DATA statement used (Total process time):
      real time           0.01 seconds
      cpu time            0.01 seconds
      

12176  *------------------------------------------------------------*;
12177  * Part: Computing statistics for interval target variables;
12178  *------------------------------------------------------------*;
12179  data EMWS5.Part_CLASS(rename=(_VARIABLE_=VARIABLE _X_=VALUE _XLABEL_=FORMATTEDVALUE));
12180  label DATA = "%sysfunc(sasmsg(sashelp.dmine, rpt_data_vlabel ,   NOQUOTE))";
12181  set EMWS5.Part_CLASS;
12182  drop type role;
12183  run;

NOTE: There were 6 observations read from the data set EMWS5.PART_CLASS.
NOTE: The data set EMWS5.PART_CLASS has 6 observations and 7 variables.
NOTE: DATA statement used (Total process time):
      real time           0.00 seconds
      cpu time            0.00 seconds
      

12184  proc sort data=EMWS5.Part_CLASS NOTHREADS;
12185  by DATA;
12186  run;

NOTE: There were 6 observations read from the data set EMWS5.PART_CLASS.
NOTE: The data set EMWS5.PART_CLASS has 6 observations and 7 variables.
NOTE: PROCEDURE SORT used (Total process time):
      real time           0.01 seconds
      cpu time            0.01 seconds
      

12187  %let _cn = %sysfunc(getoption(CENTER));
12188  %let _nb = %sysfunc(getoption(NUMBER));
12189  options nonumber nocenter;
12190  proc print data=EMWS5.Part_CLASS noobs label;
12191  by DATA;
12192  title9 ' ';
12193  title10 "%sysfunc(sasmsg(sashelp.dmine, rpt_classTargetStats_title, NOQUOTE))";
12194  run;

NOTE: There were 6 observations read from the data set EMWS5.PART_CLASS.
NOTE: The PROCEDURE PRINT printed page 3.
NOTE: PROCEDURE PRINT used (Total process time):
      real time           0.00 seconds
      cpu time            0.00 seconds
      

12195  title10;
12196  options &_cn &_nb;

