*------------------------------------------------------------*
* Training Log
Date:                April 13, 2022
Time:                18:21:20
*------------------------------------------------------------*
11434  proc freq data=EMWS5.Part_VariableSet noprint;
11435  table ROLE*LEVEL/out=WORK.PartMETA;
11436  run;

NOTE: There were 13 observations read from the data set EMWS5.PART_VARIABLESET.
NOTE: The data set WORK.PARTMETA has 6 observations and 4 variables.
NOTE: PROCEDURE FREQ used (Total process time):
      real time           0.04 seconds
      cpu time            0.03 seconds
      

11437  proc print data=WORK.PartMETA label noobs;
11438  var ROLE LEVEL COUNT;
11439  label ROLE = "%sysfunc(sasmsg(sashelp.dmine, meta_role_vlabel, NOQUOTE))" LEVEL = "%sysfunc(sasmsg(sashelp.dmine, meta_level_vlabel, NOQUOTE))" COUNT = "%sysfunc(sasmsg(sashelp.dmine, rpt_count_vlabel, NOQUOTE))";
11440  title9 ' ';
11441  title10 "%sysfunc(sasmsg(sashelp.dmine, rpt_varSummary_title  , NOQUOTE))";
11442  run;

NOTE: There were 6 observations read from the data set WORK.PARTMETA.
NOTE: The PROCEDURE PRINT printed page 1.
NOTE: PROCEDURE PRINT used (Total process time):
      real time           0.01 seconds
      cpu time            0.01 seconds
      

11443  title10;

trainPct=65 validatePct=35 testPct=0 
NOTE: View EMWS5.IDS_DATA.VIEW used (Total process time):
      real time           0.04 seconds
      cpu time            0.04 seconds
      
11451  *------------------------------------------------------------*;
11452  * Part: Retrieving stratification variable(s) levels;
11453  *------------------------------------------------------------*;
11454  proc freq data=EMWS5.Ids_DATA noprint;
11455  table
11456  TargetBuy
11457  /out=WORK.Part_FREQ(drop=percent);
11458  run;

NOTE: View EMWS5.IDS_DATA.VIEW used (Total process time):
      real time           0.04 seconds
      cpu time            0.04 seconds
      
NOTE: There were 22223 observations read from the data set DATA.ORGANICS.
NOTE: There were 22223 observations read from the data set EMWS5.IDS_DATA.
NOTE: The data set WORK.PART_FREQ has 2 observations and 2 variables.
NOTE: PROCEDURE FREQ used (Total process time):
      real time           0.06 seconds
      cpu time            0.06 seconds
      

11459  proc sort data=WORK.Part_FREQ;
11460  by descending count;
11461  run;

NOTE: There were 2 observations read from the data set WORK.PART_FREQ.
NOTE: The data set WORK.PART_FREQ has 2 observations and 2 variables.
NOTE: PROCEDURE SORT used (Total process time):
      real time           0.01 seconds
      cpu time            0.01 seconds
      

11462  * Part: Retrieving levels that meet minimum requirement;
11463  data WORK.Part_FREQ2(keep = count);
11464  set WORK.Part_FREQ;
11465  where (.01 * 65 * count) >= 3;
11466  run;

NOTE: There were 2 observations read from the data set WORK.PART_FREQ.
      WHERE (0.65*count)>=3;
NOTE: The data set WORK.PART_FREQ2 has 2 observations and 1 variables.
NOTE: DATA statement used (Total process time):
      real time           0.00 seconds
      cpu time            0.00 seconds
      

11467  *------------------------------------------------------------*;
11468  * Part: Create stratified partitioning;
11469  *------------------------------------------------------------*;
11470  data
11471  EMWS5.Part_TRAIN(label="")
11472  EMWS5.Part_VALIDATE(label="")
11473  ;
11474  retain _seed_ 12345;
11475  drop _seed_ _genvalue_;
11476  call ranuni(_seed_, _genvalue_);
11477  label _dataobs_ = "%sysfunc(sasmsg(sashelp.dmine, sample_dataobs_vlabel, NOQUOTE))";
11478  _dataobs_ = _N_;
11479  drop _c00:;
11480  set EMWS5.Ids_DATA;
11481  if
11482  TargetBuy = 0
11483  then do;
11484  if (16718+1-_C000003)*_genvalue_ <= (10867 - _C000001) then do;
11485  _C000001 + 1;
11486  output EMWS5.Part_TRAIN;
11487  end;
11488  else do;
11489  _C000002 + 1;
11490  output EMWS5.Part_VALIDATE;
11491  end;
11492  _C000003+1;
11493  end;
11494  else if
11495  TargetBuy = 1
11496  then do;
11497  if (5505+1-_C000006)*_genvalue_ <= (3578 - _C000004) then do;
11498  _C000004 + 1;
11499  output EMWS5.Part_TRAIN;
11500  end;
11501  else do;
11502  _C000005 + 1;
11503  output EMWS5.Part_VALIDATE;
11504  end;
11505  _C000006+1;
11506  end;
11507  run;

NOTE: View EMWS5.IDS_DATA.VIEW used (Total process time):
      real time           0.04 seconds
      cpu time            0.04 seconds
      
NOTE: There were 22223 observations read from the data set DATA.ORGANICS.
NOTE: There were 22223 observations read from the data set EMWS5.IDS_DATA.
NOTE: The data set EMWS5.PART_TRAIN has 14445 observations and 14 variables.
NOTE: The data set EMWS5.PART_VALIDATE has 7778 observations and 14 variables.
NOTE: DATA statement used (Total process time):
      real time           0.06 seconds
      cpu time            0.06 seconds
      

11508  data _tempNobs;
11509  length Type $8 Table $32 Nobs 8;
11510  label type= "%sysfunc(sasmsg(sashelp.dmine, meta_type_vlabel,    NOQUOTE))" table = "%sysfunc(sasmsg(sashelp.dmine, meta_dataset_vlabel, NOQUOTE))" nobs = "%sysfunc(sasmsg(sashelp.dmine,  rpt_numObs_vlabel,   NOQUOTE))";
11511  type='DATA';
11512  table="EMWS5.Ids_DATA";
11513  Nobs=22223;
11514  output;
11515  type='TRAIN';
11516  table="EMWS5.Part_TRAIN";
11517  Nobs=14445;
11518  output;
11519  type='VALIDATE';
11520  table="EMWS5.Part_VALIDATE";
11521  Nobs=7778;
11522  output;
11523  run;

NOTE: The data set WORK._TEMPNOBS has 3 observations and 3 variables.
NOTE: DATA statement used (Total process time):
      real time           0.01 seconds
      cpu time            0.01 seconds
      

11524  %let _cn = %sysfunc(getoption(CENTER));
11525  %let _nb = %sysfunc(getoption(NUMBER));
11526  options nonumber nocenter;
11527  proc print data=_tempNobs noobs label;
11528  title9 ' ';
11529  title10 "%sysfunc(sasmsg(sashelp.dmine, rpt_partitionSummary_title, NOQUOTE))";
11530  run;

NOTE: There were 3 observations read from the data set WORK._TEMPNOBS.
NOTE: The PROCEDURE PRINT printed page 2.
NOTE: PROCEDURE PRINT used (Total process time):
      real time           0.00 seconds
      cpu time            0.00 seconds
      

11531  title10;
11532  options &_cn &_nb;
11533  run;

