1 
Traverser: Traverser invoked.  MPCONNECT command is sas. 
Traverser: Beginning flow traversal 
*------------------------------------------------------------* 
* 
* Ids : Beginning Update 
* datetime : 13APR2022:19:27:14 
* 
*------------------------------------------------------------* 
*------------------------------------------------------------* 
* 
* Ids : End Update 
* datetime : 13APR2022:19:27:14 
* 
*------------------------------------------------------------* 
Traverser: WaitingNode "CLUS" 
traverser_readyNode_note 
*------------------------------------------------------------* 
* 
* Part : Beginning Update 
* datetime : 13APR2022:19:27:14 
* 
*------------------------------------------------------------* 
*------------------------------------------------------------* 
* 
* Part : End Update 
* datetime : 13APR2022:19:27:14 
* 
*------------------------------------------------------------* 
traverser_readyNode_note 
*------------------------------------------------------------* 
* 
* Clus : Beginning Update 
* datetime : 13APR2022:19:27:15 
* 
*------------------------------------------------------------* 
*------------------------------------------------------------* 
* 
* Clus : End Update 
* datetime : 13APR2022:19:27:15 
* 
*------------------------------------------------------------* 
Traverser: Run Completed 
