*------------------------------------------------------------*
* Report Log
Date:                May 05, 2022
Time:                00:28:58
*------------------------------------------------------------*
12409  *------------------------------------------------------------*;
12410  * &msgString;
12411  *------------------------------------------------------------*;
12412  filename _flowref "C:\Users\Kyle McLester\Desktop\dsba-6201\final-project\Workspaces\EMWS3\Trans2\EMFLOWSCORE.sas";
12413  proc FCMP NOEXECUTE IMPUTEDDEPS OUTDEPS=WORK.TRANS_SCOREINPUTS;
12414  %INCLUDE _flowref;
12472  run;

NOTE: Dependency structure written to data set WORK.TRANS_SCOREINPUTS.
NOTE: PROCEDURE FCMP used (Total process time):
      real time           0.01 seconds
      cpu time            0.01 seconds
      

12473  quit;
12474  data WORK.TRANS_SCOREINPUTS;
12475  set WORK.TRANS_SCOREINPUTS(keep=RHS rename=(RHS=NAME));
12476  length UNAME $32;
12477  UNAME = upcase(NAME);
12478  run;

NOTE: There were 3 observations read from the data set WORK.TRANS_SCOREINPUTS.
NOTE: The data set WORK.TRANS_SCOREINPUTS has 3 observations and 2 variables.
NOTE: DATA statement used (Total process time):
      real time           0.00 seconds
      cpu time            0.00 seconds
      

12479  proc sort data=WORK.TRANS_SCOREINPUTS NODUPKEY;
12480  by UNAME;
12481  run;

NOTE: There were 3 observations read from the data set WORK.TRANS_SCOREINPUTS.
NOTE: 0 observations with duplicate key values were deleted.
NOTE: The data set WORK.TRANS_SCOREINPUTS has 3 observations and 2 variables.
NOTE: PROCEDURE SORT used (Total process time):
      real time           0.01 seconds
      cpu time            0.00 seconds
      

12482  filename _flowref;
NOTE: Fileref _FLOWREF has been deassigned.
12483  %let SYSCC = 0;
12484  *------------------------------------------------------------*;
12485  * transformcombinevariables;
12486  *------------------------------------------------------------*;
12487  data WORK.TRANS_OUTPUTVARS;
12488  length Uname inputName $32 inputLevel $10 inputType $1 _MetaFlag 8;
12489  set
12490  EMWS3.Trans2_RESULT
12491  ;
12492  _MetaFlag=0;
12493  uname = upcase(name);
12494  run;

NOTE: There were 3 observations read from the data set EMWS3.TRANS2_RESULT.
NOTE: The data set WORK.TRANS_OUTPUTVARS has 3 observations and 13 variables.
NOTE: DATA statement used (Total process time):
      real time           0.00 seconds
      cpu time            0.00 seconds
      

12495  data _temp;
12496  length UNAME $32;
12497  set EMWS3.Trans2_CMeta_TRAIN(keep=NAME LEVEL ROLE TYPE CREATOR LABEL);
12498  UNAME = upcase(name);
12499  where upcase(CREATOR) = upcase("Trans2");
12500  run;

NOTE: There were 3 observations read from the data set EMWS3.TRANS2_CMETA_TRAIN.
      WHERE UPCASE(CREATOR)='TRANS2';
NOTE: The data set WORK._TEMP has 3 observations and 7 variables.
NOTE: DATA statement used (Total process time):
      real time           0.01 seconds
      cpu time            0.01 seconds
      

12501  proc sort data=_temp(drop=CREATOR);
12502  by UNAME;
12503  run;

NOTE: There were 3 observations read from the data set WORK._TEMP.
NOTE: The data set WORK._TEMP has 3 observations and 6 variables.
NOTE: PROCEDURE SORT used (Total process time):
      real time           0.00 seconds
      cpu time            0.00 seconds
      

12504  proc sort data=WORK.TRANS_OUTPUTVARS;
12505  by UNAME;
12506  run;

NOTE: There were 3 observations read from the data set WORK.TRANS_OUTPUTVARS.
NOTE: The data set WORK.TRANS_OUTPUTVARS has 3 observations and 13 variables.
NOTE: PROCEDURE SORT used (Total process time):
      real time           0.00 seconds
      cpu time            0.00 seconds
      

12507  data WORK.TRANS_OUTPUTVARS;
12508  merge WORK.TRANS_OUTPUTVARS _temp;
12509  by UNAME;
12510  run;

NOTE: There were 3 observations read from the data set WORK.TRANS_OUTPUTVARS.
NOTE: There were 3 observations read from the data set WORK._TEMP.
NOTE: The data set WORK.TRANS_OUTPUTVARS has 3 observations and 13 variables.
NOTE: DATA statement used (Total process time):
      real time           0.01 seconds
      cpu time            0.01 seconds
      

12511  *------------------------------------------------------------*;
12512  * Trans2: Get Metadata for the Score Inputs Variables;
12513  *------------------------------------------------------------*;
12514  data _temp;
12515  length UNAME $32;
12516  set EMWS3.Trans2_VariableSet(keep=NAME LEVEL TYPE LABEL);
12517  UNAME = upcase(name);
12518  run;

NOTE: There were 28 observations read from the data set EMWS3.TRANS2_VARIABLESET.
NOTE: The data set WORK._TEMP has 28 observations and 5 variables.
NOTE: DATA statement used (Total process time):
      real time           0.00 seconds
      cpu time            0.00 seconds
      

12519  proc sort data=_temp;
12520  by UNAME;
12521  run;

NOTE: There were 28 observations read from the data set WORK._TEMP.
NOTE: The data set WORK._TEMP has 28 observations and 5 variables.
NOTE: PROCEDURE SORT used (Total process time):
      real time           0.01 seconds
      cpu time            0.01 seconds
      

12522  data WORK.TRANS_SCOREINPUTS;
12523  merge WORK.TRANS_SCOREINPUTS(in=_a) _temp(in=_b);
12524  by UNAME;
12525  if _a and _b then output;
12526  run;

NOTE: There were 3 observations read from the data set WORK.TRANS_SCOREINPUTS.
NOTE: There were 28 observations read from the data set WORK._TEMP.
NOTE: The data set WORK.TRANS_SCOREINPUTS has 3 observations and 5 variables.
NOTE: DATA statement used (Total process time):
      real time           0.00 seconds
      cpu time            0.00 seconds
      

12527  *------------------------------------------------------------*;
12528  * Trans2: Computing Summary Statistics;
12529  *------------------------------------------------------------*;
12530  proc dmdb data=EMWS3.Trans2_TRAIN classout=WORK.TRANS_CLASSSTATS varout=WORK.TRANS_VARSTATS;
12531  class
12532  PCTL_GiftAll
12533  PCTL_GiftCntAll
12534  PCTL_GiftTimeLast_REV
12535  ;
12536  var
12537  GiftAll
12538  GiftCntAll
12539  GiftTimeLast_REV
12540  ;
12541  run;

NOTE: Records processed = 9686   Memory used = 511K.
NOTE: There were 9686 observations read from the data set DATA.PVA97NK.
NOTE: There were 9686 observations read from the data set EMWS3.IDS_DATA.
NOTE: There were 9686 observations read from the data set EMWS3.TRANS_TRAIN.
NOTE: View EMWS3.TRANS2_TRAIN.VIEW used (Total process time):
      real time           0.14 seconds
      cpu time            0.14 seconds
      
NOTE: There were 9686 observations read from the data set EMWS3.TRANS3_TRAIN.
NOTE: There were 9686 observations read from the data set EMWS3.TRANS2_TRAIN.
NOTE: The data set WORK.TRANS_CLASSSTATS has 12 observations and 9 variables.
NOTE: The data set WORK.TRANS_VARSTATS has 3 observations and 9 variables.
NOTE: PROCEDURE DMDB used (Total process time):
      real time           0.14 seconds
      cpu time            0.14 seconds
      

12542  *------------------------------------------------------------*;
12543  * Trans2: Combine Information and Statistics for Class Variables;
12544  *------------------------------------------------------------*;
12545  proc sort data=WORK.TRANS_OUTPUTVARS out=_temp;
12546  by NAME;
12547  run;

NOTE: There were 3 observations read from the data set WORK.TRANS_OUTPUTVARS.
NOTE: The data set WORK._TEMP has 3 observations and 13 variables.
NOTE: PROCEDURE SORT used (Total process time):
      real time           0.01 seconds
      cpu time            0.01 seconds
      

12548  proc sort data=WORK.TRANS_CLASSSTATS;
12549  by NAME;
12550  run;

NOTE: There were 12 observations read from the data set WORK.TRANS_CLASSSTATS.
NOTE: The data set WORK.TRANS_CLASSSTATS has 12 observations and 9 variables.
NOTE: PROCEDURE SORT used (Total process time):
      real time           0.00 seconds
      cpu time            0.00 seconds
      

12551  data WORK.TRANS_CLASSSTATS(keep=name nlevel nmiss);
12552  retain nlevel nmiss;
12553  set WORK.TRANS_CLASSSTATS;
12554  by Name;
12555  if first.Name then do;
12556  nlevel= 0;
12557  nmiss= 0;
12558  end;
12559  if (type='C' and CRAW='') or (type='N' and NRAW=.) then nmiss = FREQUENCY;
12560  else nlevel + 1;
12561  if last.name then output;
12562  run;

NOTE: There were 12 observations read from the data set WORK.TRANS_CLASSSTATS.
NOTE: The data set WORK.TRANS_CLASSSTATS has 3 observations and 3 variables.
NOTE: DATA statement used (Total process time):
      real time           0.01 seconds
      cpu time            0.00 seconds
      

12563  /*Merge Statistics for Class Output Vars */
12564  data WORK.TRANS_CLASSSTATS;
12565  length SOURCE $6 _METHOD_ $8 NAME $32 FORMULA $300;
12566  merge WORK.TRANS_CLASSSTATS(in=_a) _temp(in=_b keep=NAME InputName Formula _MetaFlag LEVEL TYPE LABEL);
12567  by NAME;
12568  if _a and _b then do;
12569  SOURCE='Output';
12570  if _MetaFlag = 1 then _METHOD_="Meta";
12571  else if Formula eq 'Interaction' then _METHOD_="Computed";
12572  else if inputName eq '' then _METHOD_="Formula";
12573  else _METHOD_="Computed";
12574  if Formula = '' then Formula = "User Code";
12575  end;
12576  if _a then output;
12577  drop inputName LEVEL TYPE _MetaFlag;
12578  run;

NOTE: There were 3 observations read from the data set WORK.TRANS_CLASSSTATS.
NOTE: There were 3 observations read from the data set WORK._TEMP.
NOTE: The data set WORK.TRANS_CLASSSTATS has 3 observations and 7 variables.
NOTE: DATA statement used (Total process time):
      real time           0.00 seconds
      cpu time            0.00 seconds
      

12579  /*Merge Statistics for Class Input Vars */
12580  proc sort data=WORK.TRANS_SCOREINPUTS(drop=TYPE LEVEL) out=_temp nodupkey;
12581  by NAME;
12582  run;

NOTE: There were 3 observations read from the data set WORK.TRANS_SCOREINPUTS.
NOTE: 0 observations with duplicate key values were deleted.
NOTE: The data set WORK._TEMP has 3 observations and 3 variables.
NOTE: PROCEDURE SORT used (Total process time):
      real time           0.00 seconds
      cpu time            0.00 seconds
      

12583  data WORK.TRANS_CLASSSTATS;
12584  merge WORK.TRANS_CLASSSTATS(in=_a) _temp(in=_b);
12585  by NAME;
12586  if _a and _b then do;
12587  SOURCE='Input';
12588  _METHOD_="Original";
12589  end;
12590  if _a then output;
12591  run;

NOTE: There were 3 observations read from the data set WORK.TRANS_CLASSSTATS.
NOTE: There were 3 observations read from the data set WORK._TEMP.
NOTE: The data set WORK.TRANS_CLASSSTATS has 3 observations and 8 variables.
NOTE: DATA statement used (Total process time):
      real time           0.01 seconds
      cpu time            0.00 seconds
      

12592  *------------------------------------------------------------*;
12593  * Trans2: Combine Information and Statistics for Interval Variables;
12594  *------------------------------------------------------------*;
12595  proc sort data=WORK.TRANS_OUTPUTVARS out=_temp;
12596  by NAME;
12597  run;

NOTE: There were 3 observations read from the data set WORK.TRANS_OUTPUTVARS.
NOTE: The data set WORK._TEMP has 3 observations and 13 variables.
NOTE: PROCEDURE SORT used (Total process time):
      real time           0.00 seconds
      cpu time            0.00 seconds
      

12598  proc sort data=WORK.TRANS_VARSTATS;
12599  by NAME;
12600  run;

NOTE: There were 3 observations read from the data set WORK.TRANS_VARSTATS.
NOTE: The data set WORK.TRANS_VARSTATS has 3 observations and 9 variables.
NOTE: PROCEDURE SORT used (Total process time):
      real time           0.01 seconds
      cpu time            0.01 seconds
      

12601  *Merge Statistics for Output Vars;
12602  data WORK.TRANS_VARSTATS;
12603  length SOURCE $6 _METHOD_ $8 NAME $32 FORMULA $300;
12604  merge WORK.TRANS_VARSTATS(in=_a) _temp(in=_b keep=NAME Formula InputName _MetaFlag LEVEL TYPE LABEL);
12605  by NAME;
12606  if _a and _b then do;
12607  SOURCE='Output';
12608  if _MetaFlag = 1 then _METHOD_="Meta";
12609  else if Formula eq 'Interaction' then _METHOD_="Computed";
12610  else if inputName eq '' then _METHOD_="Formula";
12611  else _METHOD_="Computed";
12612  if Formula = '' then Formula = "Mixture of variables";
12613  end;
12614  if _a then output;
12615  drop inputName LEVEL TYPE _MetaFlag;
12616  run;

NOTE: There were 3 observations read from the data set WORK.TRANS_VARSTATS.
NOTE: There were 3 observations read from the data set WORK._TEMP.
NOTE: The data set WORK.TRANS_VARSTATS has 3 observations and 13 variables.
NOTE: DATA statement used (Total process time):
      real time           0.00 seconds
      cpu time            0.00 seconds
      

12617  *Merge Statistics for Input Vars;
12618  proc sort data=WORK.TRANS_SCOREINPUTS(drop=TYPE LEVEL) out=_temp nodupkey;
12619  by NAME;
12620  run;

NOTE: There were 3 observations read from the data set WORK.TRANS_SCOREINPUTS.
NOTE: 0 observations with duplicate key values were deleted.
NOTE: The data set WORK._TEMP has 3 observations and 3 variables.
NOTE: PROCEDURE SORT used (Total process time):
      real time           0.01 seconds
      cpu time            0.01 seconds
      

12621  data WORK.TRANS_VARSTATS;
12622  merge WORK.TRANS_VARSTATS(in=_a) _temp(in=_b);
12623  by NAME;
12624  if _a and _b then do;
12625  SOURCE='Input';
12626  _METHOD_="Original";
12627  end;
12628  if _a then output;
12629  run;

NOTE: There were 3 observations read from the data set WORK.TRANS_VARSTATS.
NOTE: There were 3 observations read from the data set WORK._TEMP.
NOTE: The data set WORK.TRANS_VARSTATS has 3 observations and 14 variables.
NOTE: DATA statement used (Total process time):
      real time           0.00 seconds
      cpu time            0.00 seconds
      

12630  *------------------------------------------------------------*;
12631  * Trans2: Combine statistics for class and interval variables;
12632  *------------------------------------------------------------*;
12633  data EMWS3.Trans2_STATISTICS;
12634  length SOURCE $6 _METHOD_ $8 NAME $32 FORMULA $300;
12635  label SOURCE = "%sysfunc(sasmsg(sashelp.dmine, rpt_source_vlabel,  NOQUOTE))" _METHOD_ = "%sysfunc(sasmsg(sashelp.dmine, rpt_method_vlabel,  NOQUOTE))" NAME = "%sysfunc(sasmsg(sashelp.dmine, meta_name_vlabel,  NOQUOTE))" FORMULA =
12636     "%sysfunc(sasmsg(sashelp.dmine, rpt_formula_vlabel,   NOQUOTE))" NLEVEL = "%sysfunc(sasmsg(sashelp.dmine, rpt_numcat_vlabel,   NOQUOTE))" N = "%sysfunc(sasmsg(sashelp.dmine, rpt_nonmiss_vlabel, NOQUOTE))" NMISS =
12637     "%sysfunc(sasmsg(sashelp.dmine, rpt_missing_vlabel, NOQUOTE))" MIN = "%sysfunc(sasmsg(sashelp.dmine, rpt_minimum_vlabel, NOQUOTE))" MAX = "%sysfunc(sasmsg(sashelp.dmine, rpt_maximum_vlabel, NOQUOTE))" MEAN =
12638     "%sysfunc(sasmsg(sashelp.dmine, rpt_mean_vlabel,    NOQUOTE))" STD = "%sysfunc(sasmsg(sashelp.dmine, rpt_std_vlabel,     NOQUOTE))" SKEWNESS = "%sysfunc(sasmsg(sashelp.dmine, rpt_skewness_vlabel, NOQUOTE))" KURTOSIS =
12639     "%sysfunc(sasmsg(sashelp.dmine, rpt_kurtosis_vlabel, NOQUOTE))" LABEL = "%sysfunc(sasmsg(sashelp.dmine, meta_label_vlabel, NOQUOTE))";
12640  set
12641  WORK.TRANS_CLASSSTATS
12642  WORK.TRANS_VARSTATS
12643  ;
12644  drop UNAME;
12645  run;

NOTE: There were 3 observations read from the data set WORK.TRANS_CLASSSTATS.
NOTE: There were 3 observations read from the data set WORK.TRANS_VARSTATS.
NOTE: The data set EMWS3.TRANS2_STATISTICS has 6 observations and 14 variables.
NOTE: DATA statement used (Total process time):
      real time           0.04 seconds
      cpu time            0.04 seconds
      

12646  proc sort data=EMWS3.Trans2_STATISTICS;
12647  by SOURCE _METHOD_ NAME;
12648  run;

NOTE: There were 6 observations read from the data set EMWS3.TRANS2_STATISTICS.
NOTE: The data set EMWS3.TRANS2_STATISTICS has 6 observations and 14 variables.
NOTE: PROCEDURE SORT used (Total process time):
      real time           0.01 seconds
      cpu time            0.00 seconds
      

12649  proc sort data = EMWS3.Trans2_STATISTICS NOTHREADS;
12650  by SOURCE NAME;
12651  run;

NOTE: There were 6 observations read from the data set EMWS3.TRANS2_STATISTICS.
NOTE: The data set EMWS3.TRANS2_STATISTICS has 6 observations and 14 variables.
NOTE: PROCEDURE SORT used (Total process time):
      real time           0.00 seconds
      cpu time            0.00 seconds
      

12652  title9 ' ';
12653  proc print data = EMWS3.Trans2_STATISTICS(obs=500) noobs label;
12654  title9 "%sysfunc(sasmsg(sashelp.dmine, rpt_intervalinputStats_title, NOQUOTE))";
12655  title10 "%sysfunc(sasmsg(sashelp.dmine, rpt_maxObsPrinted_title, NOQUOTE))";
12656  var Name NMISS MIN MAX MEAN STD SKEWNESS KURTOSIS;
12657  where SOURCE eq 'INPUT' and mean ne .;
12658  run;

NOTE: No observations were selected from data set EMWS3.TRANS2_STATISTICS.
NOTE: There were 0 observations read from the data set EMWS3.TRANS2_STATISTICS.
      WHERE (SOURCE='INPUT') and (mean not = .);
NOTE: PROCEDURE PRINT used (Total process time):
      real time           0.01 seconds
      cpu time            0.00 seconds
      

12659  proc print data = EMWS3.Trans2_STATISTICS(obs=500) noobs label;
12660  title9 "%sysfunc(sasmsg(sashelp.dmine, rpt_intervaloutputStats_title, NOQUOTE))";
12661  title10 "%sysfunc(sasmsg(sashelp.dmine, rpt_maxObsPrinted_title, NOQUOTE))";
12662  var Name _METHOD_ NMISS MIN MAX MEAN STD SKEWNESS KURTOSIS;
12663  where SOURCE eq 'OUTPUT' and mean ne .;
12664  run;

NOTE: No observations were selected from data set EMWS3.TRANS2_STATISTICS.
NOTE: There were 0 observations read from the data set EMWS3.TRANS2_STATISTICS.
      WHERE (SOURCE='OUTPUT') and (mean not = .);
NOTE: PROCEDURE PRINT used (Total process time):
      real time           0.00 seconds
      cpu time            0.00 seconds
      

12665  proc print data = EMWS3.Trans2_STATISTICS(obs=500) noobs label;
12666  title9 "%sysfunc(sasmsg(sashelp.dmine, rpt_classinputStats_title, NOQUOTE))";
12667  title10 "%sysfunc(sasmsg(sashelp.dmine, rpt_maxObsPrinted_title, NOQUOTE))";
12668  var Name NLEVEL NMISS;
12669  where SOURCE eq 'INPUT' and nlevel ne .;
12670  run;

NOTE: No observations were selected from data set EMWS3.TRANS2_STATISTICS.
NOTE: There were 0 observations read from the data set EMWS3.TRANS2_STATISTICS.
      WHERE (SOURCE='INPUT') and (nlevel not = .);
NOTE: PROCEDURE PRINT used (Total process time):
      real time           0.01 seconds
      cpu time            0.01 seconds
      

12671  proc print data = EMWS3.Trans2_STATISTICS(obs=500) noobs label;
12672  title9 "%sysfunc(sasmsg(sashelp.dmine, rpt_classoutputStats_title, NOQUOTE))";
12673  title10 "%sysfunc(sasmsg(sashelp.dmine, rpt_maxObsPrinted_title, NOQUOTE))";
12674  var Name _METHOD_ NLEVEL NMISS;
12675  where SOURCE eq 'OUTPUT' and nlevel ne .;
12676  run;

NOTE: No observations were selected from data set EMWS3.TRANS2_STATISTICS.
NOTE: There were 0 observations read from the data set EMWS3.TRANS2_STATISTICS.
      WHERE (SOURCE='OUTPUT') and (nlevel not = .);
NOTE: PROCEDURE PRINT used (Total process time):
      real time           0.00 seconds
      cpu time            0.00 seconds
      

12677  title9;
12678  title10;

12679  data EMWS3.Trans2_EMSCOREVAR;
12680  length Name $32 formula $300 file $200;
12681  keep NAME Formula file;
12682  set EMWS3.Trans2_STATISTICS;
12683  where SOURCE='Output';
12684  select( _METHOD_);
12685  when('Computed') do;
12686  file="TRANSFORMCODE\"!!strip(NAME)!!'.sas';
12687  formula = '';
12688  end;
12689  when('Formula') do;
12690  if Formula eq 'Mixture of variables' then do;
12691  file= "EDITORCODE.sas";
12692  formula = '';
12693  end;
12694  if Formula = 'User Code' then do;
12695  file= "EDITORCODE.sas";
12696  formula = '';
12697  end;
12698  end;
12699  otherwise;
12700  end;
12701  output;
12702  run;

NOTE: There were 3 observations read from the data set EMWS3.TRANS2_STATISTICS.
      WHERE SOURCE='Output';
NOTE: The data set EMWS3.TRANS2_EMSCOREVAR has 3 observations and 3 variables.
NOTE: DATA statement used (Total process time):
      real time           0.01 seconds
      cpu time            0.01 seconds
      

