*------------------------------------------------------------*
* Training Log
Date:                May 04, 2022
Time:                23:59:55
*------------------------------------------------------------*
11434  proc freq data=EMWS3.Trans3_VariableSet noprint;
11435  table ROLE*LEVEL/out=WORK.Trans3META;
11436  run;

NOTE: There were 27 observations read from the data set EMWS3.TRANS3_VARIABLESET.
NOTE: The data set WORK.TRANS3META has 5 observations and 4 variables.
NOTE: PROCEDURE FREQ used (Total process time):
      real time           0.02 seconds
      cpu time            0.01 seconds
      

11437  proc print data=WORK.Trans3META label noobs;
11438  var ROLE LEVEL COUNT;
11439  label ROLE = "%sysfunc(sasmsg(sashelp.dmine, meta_role_vlabel, NOQUOTE))" LEVEL = "%sysfunc(sasmsg(sashelp.dmine, meta_level_vlabel, NOQUOTE))" COUNT = "%sysfunc(sasmsg(sashelp.dmine, rpt_count_vlabel, NOQUOTE))";
11440  title9 ' ';
11441  title10 "%sysfunc(sasmsg(sashelp.dmine, rpt_varSummary_title  , NOQUOTE))";
11442  run;

NOTE: There were 5 observations read from the data set WORK.TRANS3META.
NOTE: The PROCEDURE PRINT printed page 1.
NOTE: PROCEDURE PRINT used (Total process time):
      real time           0.01 seconds
      cpu time            0.01 seconds
      

11443  title10;

11444  data WORK.M1_BS0SK;
11445  set WORK.M1_BS0SK;
11446  if (METHOD='NONE' and ROLE ne 'FREQ') or (role = 'REJECTED' and METHOD = 'DEFAULT') then delete;
11447  run;

NOTE: There were 27 observations read from the data set WORK.M1_BS0SK.
NOTE: The data set WORK.M1_BS0SK has 26 observations and 22 variables.
NOTE: DATA statement used (Total process time):
      real time           0.00 seconds
      cpu time            0.00 seconds
      

NOTE: There were 9686 observations read from the data set DATA.PVA97NK.
NOTE: View EMWS3.TRANS_TRAIN.VIEW used (Total process time):
      real time           0.06 seconds
      cpu time            0.06 seconds
      
NOTE: There were 9686 observations read from the data set EMWS3.IDS_DATA.
11512  *------------------------------------------------------------*;
11513  * Trans: Computing Summary Statistics;
11514  *------------------------------------------------------------*;
11515  data WORK.M0C3YQA1;
11516  set WORK.M0C3YQA1;
11517  if (role = 'REJECTED') then role = 'INPUT';
11518  run;

NOTE: There were 26 observations read from the data set WORK.M0C3YQA1.
NOTE: The data set WORK.M0C3YQA1 has 26 observations and 22 variables.
NOTE: DATA statement used (Total process time):
      real time           0.01 seconds
      cpu time            0.01 seconds
      

11519  *------------------------------------------------------------* ;
11520  * EM: DMDBClass Macro ;
11521  *------------------------------------------------------------* ;
11522  %macro DMDBClass;
11523      DemCluster(ASC) DemGender(ASC) DemHomeOwner(ASC) StatusCat96NK(ASC)
11524     StatusCatStarAll(ASC) TargetB(DESC)
11525  %mend DMDBClass;
11526  *------------------------------------------------------------* ;
11527  * EM: DMDBVar Macro ;
11528  *------------------------------------------------------------* ;
11529  %macro DMDBVar;
11530      DemAge DemMedHomeValue DemMedIncome DemPctVeterans GiftAvg36 GiftAvgAll
11531     GiftAvgCard36 GiftAvgLast GiftCnt36 GiftCntAll GiftCntCard36 GiftCntCardAll
11532     GiftTimeFirst GiftTimeLast_REV PromCnt12 PromCnt36 PromCntAll PromCntCard12
11533     PromCntCard36 PromCntCardAll
11534  %mend DMDBVar;
11535  *------------------------------------------------------------*;
11536  * EM: Create DMDB;
11537  *------------------------------------------------------------*;
11538  proc dmdb batch data=EMWS3.Trans_TRAIN
11539  dmdbcat=WORK.EM_DMDB
11540  classout=WORK.Transclassout
11541  maxlevel = 513
11542  ;
11543  class %DMDBClass;
11544  var %DMDBVar;
11545  target
11546  TargetB
11547  ;
11548  run;

NOTE: Records processed = 9686   Memory used = 511K.
NOTE: There were 9686 observations read from the data set DATA.PVA97NK.
NOTE: View EMWS3.TRANS_TRAIN.VIEW used (Total process time):
      real time           0.07 seconds
      cpu time            0.07 seconds
      
NOTE: There were 9686 observations read from the data set EMWS3.IDS_DATA.
NOTE: There were 9686 observations read from the data set EMWS3.TRANS_TRAIN.
NOTE: The data set WORK.TRANSCLASSOUT has 69 observations and 9 variables.
NOTE: PROCEDURE DMDB used (Total process time):
      real time           0.07 seconds
      cpu time            0.07 seconds
      

11549  quit;
11550  *--- end code ---*;

11551  data WORK.TransINTERVALMETA;
11552  set WORK.M1_BS0SK;
11553  if LEVEL ne 'INTERVAL' then delete;
11554  run;

NOTE: There were 26 observations read from the data set WORK.M1_BS0SK.
NOTE: The data set WORK.TRANSINTERVALMETA has 20 observations and 22 variables.
NOTE: DATA statement used (Total process time):
      real time           0.00 seconds
      cpu time            0.00 seconds
      

11555  *------------------------------------------------------------*;
11556  * Trans: Determining Variables to Scale;
11557  *------------------------------------------------------------*;
11558  data WORK.M05TMUOA;
11559  set WORK.M05TMUOA;
11560  where (TYPE="N" and (METHOD in("MAX_NORM", "MAX_CORR", "EQUALIZE", "OP_MAX_NORM", "OP_EQUALIZE"))) or (ROLE eq "FREQ");
11561  run;

NOTE: There were 0 observations read from the data set WORK.M05TMUOA.
      WHERE ((TYPE='N') and METHOD in ('EQUALIZE', 'MAX_CORR', 'MAX_NORM', 'OP_EQUALIZE', 'OP_MAX_NORM')) or (ROLE='FREQ');
NOTE: The data set WORK.M05TMUOA has 0 observations and 22 variables.
NOTE: DATA statement used (Total process time):
      real time           0.00 seconds
      cpu time            0.00 seconds
      

NOTE: View EMWS3.TRANS_TRAIN.VIEW used (Total process time):
      real time           0.32 seconds
      cpu time            0.21 seconds
      
