*------------------------------------------------------------*
* Score Log
Date:                April 13, 2022
Time:                18:05:29
*------------------------------------------------------------*
17171  %let EMEXCEPTIONSTRING=;
17172  *------------------------------------------------------------*;
17173  * SCORE: Tree2;
17174  *------------------------------------------------------------*;
17175  %let EM_ACTION = SCORE;
17176  %let syscc = 0;
17177  %macro main;
17178  
17179    %if %upcase(&EM_ACTION) = CREATE %then %do;
17180      filename temp catalog 'sashelp.emmodl.tree_create.source';
17181      %include temp;
17182      filename temp;
17183  
17184      %em_tree_create;
17185    %end;
17186  
17187     %else
17188     %if %upcase(&EM_ACTION) = TRAIN %then %do;
17189  
17190         filename temp catalog 'sashelp.emmodl.tree_train.source';
17191         %include temp;
17192         filename temp;
17193         %em_tree_train;
17194     %end;
17195  
17196    %else
17197    %if %upcase(&EM_ACTION) = SCORE %then %do;
17198      filename temp catalog 'sashelp.emmodl.tree_score.source';
17199      %include temp;
17200      filename temp;
17201  
17202      %em_tree_score;
17203  
17204    %end;
17205  
17206    %else
17207    %if %upcase(&EM_ACTION) = REPORT %then %do;
17208  
17209         filename temp catalog 'sashelp.emmodl.tree_report.source';
17210         %include temp;
17211         filename temp;
17212  
17213         %em_tree_report;
17214     %end;
17215  
17216    %else
17217    %if %upcase(&EM_ACTION) = OPENINT %then %do;
17218  
17219         filename temp catalog 'sashelp.emmodl.tree_actions.source';
17220         %include temp;
17221         filename temp;
17222         %EM_TREE_OPENTREEVIEWER;
17223  
17224     %end;
17225  
17226    %else
17227    %if %upcase(&EM_ACTION) = CLOSEINT %then %do;
17228  
17229         filename temp catalog 'sashelp.emmodl.tree_actions.source';
17230         %include temp;
17231         filename temp;
17232         %EM_TREE_CLOSETREEVIEWER;
17233  
17234     %end;
17235  
17236  
17237     %doendm:
17238  %mend main;
17239  
17240  %main;
NOTE: %INCLUDE (level 1) file TEMP is file SASHELP.EMMODL.TREE_SCORE.SOURCE.
17242 +%macro em_tree_score;
17244 +   /* determine if multiple targets will be processed */
17245 +   %let em_tree_multipleTargets=N;
17246 +   %let em_tree_numTarget=1;
17247 +   %if "&EM_PROPERTY_USEMULTIPLETARGET" eq "Y" %then %do;
17248 +      /* determine if there are any ordinal target variables - if so, multiple targets are not supported */
17249 +      %if &EM_NUM_ORDINAL_TARGET gt 0 %then %do;
17250 +         %let em_tree_multipleTargets=N;
17251 +      %end;
17252 +      %else %do;
17253 +         /* create macro array of targets  */
17254 +         data _null_;
17255 +           set &EM_DATA_VARIABLESET(where=(ROLE='TARGET' AND LEVEL^='ORDINAL')) end=eof;
17256 +           call symput('em_tree_targetVars'!!strip(put(_N_, BEST.)), strip(Name));
17257 +           if eof then
17258 +             call symput('em_tree_numTarget', strip(put(_N_, BEST.)));
17259 +        run;
17261 +        %if &em_tree_numTarget gt 1 %then %do;
17262 +           %let em_tree_multipleTargets=Y;
17263 +        %end;
17264 +      %end;
17265 +   %end;
17267 +   /* build flow and publish scoring code */
17268 +   %EM_GETNAME(key=TREEFLOW, type=FILE, extension=sas);
17269 +   %EM_GETNAME(key=TREEPUBLISH, type=FILE, extension=sas);
17271 +   filename treeflow "&EM_USER_TREEFLOW";
17272 +   filename treepub "&EM_USER_TREEPUBLISH";
17274 +   filename flowref  "&EM_FILE_EMFLOWSCORECODE";
17275 +   filename pubref   "&EM_FILE_EMPUBLISHSCORECODE";
17277 +   %em_copyfile(infref=treeflow, outfref=flowref);
17278 +   %em_copyfile(infref=treepub, outfref=pubref);
17280 +   filename treeflow;
17281 +   filename treepub;
17283 +   /* if priors are used, add code to generate unadjusted residuals in export */
17284 +   %let useAdjPriors = N;
17285 +   data _null_;
17286 +     set &EM_DEC_DECMETA(where=(_TYPE_="DECPRIOR"));
17287 +     if USE="Y" then call symput('useAdjPriors', 'Y');
17288 +   run;
17289 +   %if (("&em_tree_multipleTargets" eq "N") AND ("&useAdjPriors" eq "Y")) %then %do;
17290 +      filename temp catalog 'sashelp.emutil.em_makeunadjustedresidualvars.source';
17291 +      %include temp;
17292 +      filename temp;
17294 +      %EM_GETNAME(key=adjResidualCode, type=FILE, extension=sas);
17295 +      filename adjref "&EM_USER_adjResidualCode";
17296 +      %makeUnadjustedResidualVars(target=%EM_TARGET, decmeta=&EM_DEC_DECMETA, fref=adjref);
17298 +      %em_copyfile(infref=adjref, outfref=flowref, append=Y);
17300 +      filename adjref;
17301 +   %end;
17303 +   /* LEAF */
17304 +   %if "&EM_PROPERTY_LEAFID" eq "Y" %then %do;
17305 +      data _null_;
17306 +        file flowref mod;
17307 +        put 'drop _LEAF_;';
17308 +      run;
17310 +      data _null_;
17311 +        file pubref mod;
17312 +        put 'drop _LEAF_;';
17313 +      run;
17315 +   %end;
17317 +   filename flowref;
17318 +   filename pubref;
17320 +   /* em_metachange code */
17321 +   %if "&EM_PROPERTY_LEAFID" eq "Y" %then %do;
17322 +     %EM_METACHANGE(name=_NODE_, role=&EM_PROPERTY_NODEROLE, LEVEL=NOMINAL);
17323 +   %end;
17325 +   /* variable selection based on importance stat    */
17326 +   %if "&EM_PROPERTY_VARSELECTION" eq "Y" %then %do;
17327 +     %EM_GETNAME(key=OUTIMPORT, type=DATA);
17328 +     %let dsid = %sysfunc(open(&EM_USER_OUTIMPORT(where=(IMPORTANCE<0.05))));
17329 +     %let varnum = %sysfunc(varnum(&dsid, NAME));
17330 +     %let obs = %sysfunc(fetch(&dsid));
17331 +     %do %while(&obs=0);
17332 +       %let temp = %nrbquote(%sysfunc(getvarc(&dsid, &varnum)));
17333 +       %let varname = %nrbquote(%sysfunc(tranwrd(&temp,  %str(%"),"")));
17334 +       %EM_METACHANGE(name=&varname, role=REJECTED);
17335 +       %let obs = %sysfunc(fetch(&dsid));
17336 +     %end;
17337 +     %if &dsid %then %let dsid=%sysfunc(close(&dsid));
17338 +   %end;
17340 +   /* set Q_ varaibles to role of ASSESS when in the presense of prior probabilities */
17341 +   %if %sysfunc(exist(&EM_DEC_DECMETA)) %then %do;
17342 +    %let tree_pred_vars = ;
17343 +    %let tree_pred_lvl =;
17344 +    %let numpred= 0;
17346 +    data _null_;
17347 +     set &EM_DEC_DECMETA(where=(_TYPE_="PREDICTED")) end=eof;
17348 +     call symput('tree_pred_vars'!!strip(put(_N_, BEST.)), strip(VARIABLE));
17349 +     call symput('tree_pred_lvl'!!strip(put(_N_, BEST.)), strip(LEVEL));
17350 +     if eof then
17351 +       call symput('numpred', strip(put(_N_, BEST.)));
17352 +    run;
17353 +   %end;
17355 +   %if &numpred ne 0 %then %do;
17356 +    %do i=1 %to &numpred;
17357 +      %let qpred = Q%substr(&&tree_pred_vars&i,2);
17358 +      %EM_METACHANGE(name=&qpred, role=ASSESS);
17359 +    %end;
17360 +   %end;
17362 +   /* determine if multiple targets will be processed */
17363 +   %let em_tree_multipleTargets=N;
17364 +   %let em_tree_numTarget=1;
17365 +   %if "&EM_PROPERTY_USEMULTIPLETARGET" eq "Y" %then %do;
17366 +      /* determine if there are any ordinal target variables - if so, multiple targets are not supported */
17367 +      %if &EM_NUM_ORDINAL_TARGET gt 0 %then %do;
17368 +         %let em_tree_multipleTargets=N;
17369 +      %end;
17370 +      %else %do;
17371 +        data _null_;
17372 +          set &EM_DATA_VARIABLESET(where=(ROLE='TARGET' AND LEVEL^='ORDINAL')) end=eof;
17373 +          if eof then
17374 +            call symput('em_tree_numTarget', strip(put(_N_, BEST.)));
17375 +        run;
17377 +        %if &em_tree_numTarget gt 1 %then %do;
17378 +           %let em_tree_multipleTargets=Y;
17379 +        %end;
17380 +     %end;
17381 +   %end;
17383 +   /* need to include this code to do the %em_report for OUTIMPORT here instead of in Report code so _loop data set is created when group processing */
17384 +   %if "&em_tree_multipleTargets" eq "N" %then %do;
17386 +      /* variable importance */
17387 +      %EM_GETNAME(key=OUTIMPORT, type=DATA);
17388 +      %if %sysfunc(exist(&EM_USER_OUTIMPORT)) eq 1 %then %do;
17390 +         %let validexist=0;
17391 +         %if (("&EM_IMPORT_VALIDATE" ne "") AND (%sysfunc(exist(&EM_IMPORT_VALIDATE)) or %sysfunc(exist(&EM_IMPORT_VALIDATE,VIEW)))) %then %do;
17392 +           %let validexist=1;
17393 +         %end;
17395 +         /* determine if vars exists - properties could indicate they are they but freeze=Y would mean the node wasn't retrained */
17396 +         /* and the columns may not be generated                                                                                 */
17397 +         %let em_tree_cvexists=;
17398 +         %let em_tree_surrexists=.;
17399 +         data _null_;
17400 +            set &EM_USER_OUTIMPORT (obs=2) end=eof;
17401 +            if eof then do ;
17402 +               call symput("em_tree_cvexists" , strip(put(cvimportance,best.))) ;
17403 +               call symput("em_tree_surrexists", strip(put(nsurrogates, best.)));
17404 +            end;
17405 +         run;
17407 +         data &EM_USER_OUTIMPORT;
17408 +            set &EM_USER_OUTIMPORT;
17410 +            /* format columns based on Precison value specified */
17411 +            format importance 15.&EM_PROPERTY_PRECISION
17412 +                 %if &validexist %then %do;
17413 +                   vimportance ratio 15.&EM_PROPERTY_PRECISION
17414 +                 %end;
17415 +                 %if "&EM_TREE_CVEXISTS" ne "." %then %do;
17416 +                   cvimportance vimportance ratio 15.&EM_PROPERTY_PRECISION
17417 +                 %end;
17418 +            ;
17419 +            label  NAME       = "%sysfunc(sasmsg(sashelp.dmine, meta_name_vlabel, noquote))"
17420 +                 LABEL        = "%sysfunc(sasmsg(sashelp.dmine, meta_label_vlabel, noquote))"
17421 +                 NRULES       = "%sysfunc(sasmsg(sashelp.dmine, rpt_nrules_vlabel, noquote))"
17422 +                 IMPORTANCE   = "%sysfunc(sasmsg(sashelp.dmine, rpt_importance_vlabel, noquote))"
17423 +                 %if "&em_tree_surrexists" ne "" %then %do;
17424 +                   NSURROGATES  = "%sysfunc(sasmsg(sashelp.dmine, rpt_nsurrogates_vlabel, noquote))"
17425 +                 %end;
17426 +                 %if &validexist %then %do;
17427 +                   VIMPORTANCE = "%sysfunc(sasmsg(sashelp.dmine, rpt_vimportance_vlabel, noquote))"
17428 +                   RATIO       = "%sysfunc(sasmsg(sashelp.dmine, rpt_ratio_vlabel, noquote))"
17429 +                 %end;
17430 +                 %if "&EM_TREE_CVEXISTS" ne "" %then %do;
17431 +                   VIMPORTANCE = "%sysfunc(sasmsg(sashelp.dmine, rpt_vimportance_vlabel, noquote))"
17432 +                   CVIMPORTANCE =  "%sysfunc(sasmsg(sashelp.dmine, rpt_cvimport_vlabel, noquote))"
17433 +                   CVRULES= "%sysfunc(sasmsg(sashelp.dmine, rpt_cvrules_vlabel, noquote))"
17434 +                   RATIO = "%sysfunc(sasmsg(sashelp.dmine, rpt_ratio_vlabel, noquote))"
17435 +                 %end;
17436 +            ;
17437 +         run;
17439 +         %EM_REPORT(key=OUTIMPORT, viewtype=DATA, block=MODEL, description=IMPORTANCE, autodisplay=N);
17440 +      %end;
17441 +   %end;
17443 +   %doendm:
17444 +%mend em_tree_score;
NOTE: %INCLUDE (level 1) ending.
NOTE: Fileref TEMP has been deassigned.

NOTE: The file FLOWREF is:
      Filename=C:\Users\Kyle McLester\Desktop\dsba-6201\final-project\Workspaces\EMWS4\Tree2\EMFLOWSCORE.sas,
      RECFM=V,LRECL=20000,File Size (bytes)=0,
      Last Modified=13Apr2022:18:05:28,
      Create Time=13Apr2022:18:04:31

NOTE: 170 records were written to the file FLOWREF.
      The minimum record length was 1.
      The maximum record length was 65.
NOTE: DATA statement used (Total process time):
      real time           0.01 seconds
      cpu time            0.01 seconds
      


NOTE: The file PUBREF is:
      Filename=C:\Users\Kyle McLester\Desktop\dsba-6201\final-project\Workspaces\EMWS4\Tree2\EMPUBLISHSCORE.sas,
      RECFM=V,LRECL=20000,File Size (bytes)=0,
      Last Modified=13Apr2022:18:05:28,
      Create Time=13Apr2022:18:04:31

NOTE: 148 records were written to the file PUBREF.
      The minimum record length was 1.
      The maximum record length was 65.
NOTE: DATA statement used (Total process time):
      real time           0.00 seconds
      cpu time            0.00 seconds
      

NOTE: Fileref TREEFLOW has been deassigned.
NOTE: Fileref TREEPUB has been deassigned.

NOTE: There were 1 observations read from the data set EMWS4.IDS_RESPOND_DM.
      WHERE _TYPE_='DECPRIOR';
NOTE: DATA statement used (Total process time):
      real time           0.00 seconds
      cpu time            0.00 seconds
      


NOTE: The file FLOWREF is:
      Filename=C:\Users\Kyle McLester\Desktop\dsba-6201\final-project\Workspaces\EMWS4\Tree2\EMFLOWSCORE.sas,
      RECFM=V,LRECL=32767,File Size (bytes)=5983,
      Last Modified=13Apr2022:18:05:28,
      Create Time=13Apr2022:18:04:31

NOTE: 1 record was written to the file FLOWREF.
      The minimum record length was 12.
      The maximum record length was 12.
NOTE: DATA statement used (Total process time):
      real time           0.01 seconds
      cpu time            0.01 seconds
      


NOTE: The file PUBREF is:
      Filename=C:\Users\Kyle McLester\Desktop\dsba-6201\final-project\Workspaces\EMWS4\Tree2\EMPUBLISHSCORE.sas,
      RECFM=V,LRECL=32767,File Size (bytes)=5354,
      Last Modified=13Apr2022:18:05:28,
      Create Time=13Apr2022:18:04:31

NOTE: 1 record was written to the file PUBREF.
      The minimum record length was 12.
      The maximum record length was 12.
NOTE: DATA statement used (Total process time):
      real time           0.00 seconds
      cpu time            0.00 seconds
      

NOTE: Fileref FLOWREF has been deassigned.
NOTE: Fileref PUBREF has been deassigned.

NOTE: The data set WORK.EM_METACHANGE has 1 observations and 9 variables.
NOTE: DATA statement used (Total process time):
      real time           0.00 seconds
      cpu time            0.00 seconds
      


NOTE: There were 1 observations read from the data set WORK.EM_METACHANGE.
NOTE: The data set WORK.EM_METACHANGE has 2 observations and 9 variables.
NOTE: DATA statement used (Total process time):
      real time           0.01 seconds
      cpu time            0.01 seconds
      


NOTE: There were 2 observations read from the data set WORK.EM_METACHANGE.
NOTE: The data set WORK.EM_METACHANGE has 3 observations and 9 variables.
NOTE: DATA statement used (Total process time):
      real time           0.00 seconds
      cpu time            0.00 seconds
      


NOTE: There were 3 observations read from the data set WORK.EM_METACHANGE.
NOTE: The data set WORK.EM_METACHANGE has 4 observations and 9 variables.
NOTE: DATA statement used (Total process time):
      real time           0.01 seconds
      cpu time            0.00 seconds
      


NOTE: There were 4 observations read from the data set WORK.EM_METACHANGE.
NOTE: The data set WORK.EM_METACHANGE has 5 observations and 9 variables.
NOTE: DATA statement used (Total process time):
      real time           0.00 seconds
      cpu time            0.00 seconds
      


NOTE: There were 5 observations read from the data set WORK.EM_METACHANGE.
NOTE: The data set WORK.EM_METACHANGE has 6 observations and 9 variables.
NOTE: DATA statement used (Total process time):
      real time           0.01 seconds
      cpu time            0.00 seconds
      


NOTE: There were 6 observations read from the data set WORK.EM_METACHANGE.
NOTE: The data set WORK.EM_METACHANGE has 7 observations and 9 variables.
NOTE: DATA statement used (Total process time):
      real time           0.00 seconds
      cpu time            0.00 seconds
      


NOTE: There were 7 observations read from the data set WORK.EM_METACHANGE.
NOTE: The data set WORK.EM_METACHANGE has 8 observations and 9 variables.
NOTE: DATA statement used (Total process time):
      real time           0.01 seconds
      cpu time            0.01 seconds
      


NOTE: There were 8 observations read from the data set WORK.EM_METACHANGE.
NOTE: The data set WORK.EM_METACHANGE has 9 observations and 9 variables.
NOTE: DATA statement used (Total process time):
      real time           0.00 seconds
      cpu time            0.00 seconds
      


NOTE: There were 9 observations read from the data set WORK.EM_METACHANGE.
NOTE: The data set WORK.EM_METACHANGE has 10 observations and 9 variables.
NOTE: DATA statement used (Total process time):
      real time           0.00 seconds
      cpu time            0.00 seconds
      


NOTE: There were 10 observations read from the data set WORK.EM_METACHANGE.
NOTE: The data set WORK.EM_METACHANGE has 11 observations and 9 variables.
NOTE: DATA statement used (Total process time):
      real time           0.01 seconds
      cpu time            0.01 seconds
      


NOTE: There were 11 observations read from the data set WORK.EM_METACHANGE.
NOTE: The data set WORK.EM_METACHANGE has 12 observations and 9 variables.
NOTE: DATA statement used (Total process time):
      real time           0.00 seconds
      cpu time            0.00 seconds
      


NOTE: There were 12 observations read from the data set WORK.EM_METACHANGE.
NOTE: The data set WORK.EM_METACHANGE has 13 observations and 9 variables.
NOTE: DATA statement used (Total process time):
      real time           0.01 seconds
      cpu time            0.01 seconds
      


NOTE: There were 13 observations read from the data set WORK.EM_METACHANGE.
NOTE: The data set WORK.EM_METACHANGE has 14 observations and 9 variables.
NOTE: DATA statement used (Total process time):
      real time           0.00 seconds
      cpu time            0.00 seconds
      


NOTE: There were 14 observations read from the data set WORK.EM_METACHANGE.
NOTE: The data set WORK.EM_METACHANGE has 15 observations and 9 variables.
NOTE: DATA statement used (Total process time):
      real time           0.01 seconds
      cpu time            0.01 seconds
      


NOTE: There were 15 observations read from the data set WORK.EM_METACHANGE.
NOTE: The data set WORK.EM_METACHANGE has 16 observations and 9 variables.
NOTE: DATA statement used (Total process time):
      real time           0.00 seconds
      cpu time            0.00 seconds
      


NOTE: There were 16 observations read from the data set WORK.EM_METACHANGE.
NOTE: The data set WORK.EM_METACHANGE has 17 observations and 9 variables.
NOTE: DATA statement used (Total process time):
      real time           0.01 seconds
      cpu time            0.00 seconds
      


NOTE: There were 17 observations read from the data set WORK.EM_METACHANGE.
NOTE: The data set WORK.EM_METACHANGE has 18 observations and 9 variables.
NOTE: DATA statement used (Total process time):
      real time           0.00 seconds
      cpu time            0.00 seconds
      


NOTE: There were 18 observations read from the data set WORK.EM_METACHANGE.
NOTE: The data set WORK.EM_METACHANGE has 19 observations and 9 variables.
NOTE: DATA statement used (Total process time):
      real time           0.01 seconds
      cpu time            0.01 seconds
      


NOTE: There were 19 observations read from the data set WORK.EM_METACHANGE.
NOTE: The data set WORK.EM_METACHANGE has 20 observations and 9 variables.
NOTE: DATA statement used (Total process time):
      real time           0.01 seconds
      cpu time            0.00 seconds
      


NOTE: There were 20 observations read from the data set WORK.EM_METACHANGE.
NOTE: The data set WORK.EM_METACHANGE has 21 observations and 9 variables.
NOTE: DATA statement used (Total process time):
      real time           0.00 seconds
      cpu time            0.00 seconds
      


NOTE: There were 21 observations read from the data set WORK.EM_METACHANGE.
NOTE: The data set WORK.EM_METACHANGE has 22 observations and 9 variables.
NOTE: DATA statement used (Total process time):
      real time           0.01 seconds
      cpu time            0.00 seconds
      


NOTE: There were 22 observations read from the data set WORK.EM_METACHANGE.
NOTE: The data set WORK.EM_METACHANGE has 23 observations and 9 variables.
NOTE: DATA statement used (Total process time):
      real time           0.00 seconds
      cpu time            0.00 seconds
      


NOTE: There were 23 observations read from the data set WORK.EM_METACHANGE.
NOTE: The data set WORK.EM_METACHANGE has 24 observations and 9 variables.
NOTE: DATA statement used (Total process time):
      real time           0.00 seconds
      cpu time            0.00 seconds
      


NOTE: There were 24 observations read from the data set WORK.EM_METACHANGE.
NOTE: The data set WORK.EM_METACHANGE has 25 observations and 9 variables.
NOTE: DATA statement used (Total process time):
      real time           0.01 seconds
      cpu time            0.01 seconds
      


NOTE: There were 25 observations read from the data set WORK.EM_METACHANGE.
NOTE: The data set WORK.EM_METACHANGE has 26 observations and 9 variables.
NOTE: DATA statement used (Total process time):
      real time           0.00 seconds
      cpu time            0.00 seconds
      


NOTE: There were 26 observations read from the data set WORK.EM_METACHANGE.
NOTE: The data set WORK.EM_METACHANGE has 27 observations and 9 variables.
NOTE: DATA statement used (Total process time):
      real time           0.01 seconds
      cpu time            0.01 seconds
      


NOTE: There were 27 observations read from the data set WORK.EM_METACHANGE.
NOTE: The data set WORK.EM_METACHANGE has 28 observations and 9 variables.
NOTE: DATA statement used (Total process time):
      real time           0.01 seconds
      cpu time            0.00 seconds
      


NOTE: There were 28 observations read from the data set WORK.EM_METACHANGE.
NOTE: The data set WORK.EM_METACHANGE has 29 observations and 9 variables.
NOTE: DATA statement used (Total process time):
      real time           0.00 seconds
      cpu time            0.00 seconds
      


NOTE: There were 29 observations read from the data set WORK.EM_METACHANGE.
NOTE: The data set WORK.EM_METACHANGE has 30 observations and 9 variables.
NOTE: DATA statement used (Total process time):
      real time           0.01 seconds
      cpu time            0.00 seconds
      


NOTE: There were 30 observations read from the data set WORK.EM_METACHANGE.
NOTE: The data set WORK.EM_METACHANGE has 31 observations and 9 variables.
NOTE: DATA statement used (Total process time):
      real time           0.00 seconds
      cpu time            0.00 seconds
      


NOTE: There were 31 observations read from the data set WORK.EM_METACHANGE.
NOTE: The data set WORK.EM_METACHANGE has 32 observations and 9 variables.
NOTE: DATA statement used (Total process time):
      real time           0.00 seconds
      cpu time            0.00 seconds
      


NOTE: There were 32 observations read from the data set WORK.EM_METACHANGE.
NOTE: The data set WORK.EM_METACHANGE has 33 observations and 9 variables.
NOTE: DATA statement used (Total process time):
      real time           0.01 seconds
      cpu time            0.01 seconds
      


NOTE: There were 33 observations read from the data set WORK.EM_METACHANGE.
NOTE: The data set WORK.EM_METACHANGE has 34 observations and 9 variables.
NOTE: DATA statement used (Total process time):
      real time           0.01 seconds
      cpu time            0.01 seconds
      


NOTE: There were 34 observations read from the data set WORK.EM_METACHANGE.
NOTE: The data set WORK.EM_METACHANGE has 35 observations and 9 variables.
NOTE: DATA statement used (Total process time):
      real time           0.01 seconds
      cpu time            0.00 seconds
      


NOTE: There were 35 observations read from the data set WORK.EM_METACHANGE.
NOTE: The data set WORK.EM_METACHANGE has 36 observations and 9 variables.
NOTE: DATA statement used (Total process time):
      real time           0.00 seconds
      cpu time            0.00 seconds
      


NOTE: There were 36 observations read from the data set WORK.EM_METACHANGE.
NOTE: The data set WORK.EM_METACHANGE has 37 observations and 9 variables.
NOTE: DATA statement used (Total process time):
      real time           0.01 seconds
      cpu time            0.00 seconds
      


NOTE: There were 37 observations read from the data set WORK.EM_METACHANGE.
NOTE: The data set WORK.EM_METACHANGE has 38 observations and 9 variables.
NOTE: DATA statement used (Total process time):
      real time           0.00 seconds
      cpu time            0.00 seconds
      


NOTE: There were 38 observations read from the data set WORK.EM_METACHANGE.
NOTE: The data set WORK.EM_METACHANGE has 39 observations and 9 variables.
NOTE: DATA statement used (Total process time):
      real time           0.01 seconds
      cpu time            0.00 seconds
      


NOTE: There were 39 observations read from the data set WORK.EM_METACHANGE.
NOTE: The data set WORK.EM_METACHANGE has 40 observations and 9 variables.
NOTE: DATA statement used (Total process time):
      real time           0.00 seconds
      cpu time            0.00 seconds
      


NOTE: There were 40 observations read from the data set WORK.EM_METACHANGE.
NOTE: The data set WORK.EM_METACHANGE has 41 observations and 9 variables.
NOTE: DATA statement used (Total process time):
      real time           0.01 seconds
      cpu time            0.00 seconds
      


NOTE: There were 41 observations read from the data set WORK.EM_METACHANGE.
NOTE: The data set WORK.EM_METACHANGE has 42 observations and 9 variables.
NOTE: DATA statement used (Total process time):
      real time           0.00 seconds
      cpu time            0.00 seconds
      


NOTE: There were 42 observations read from the data set WORK.EM_METACHANGE.
NOTE: The data set WORK.EM_METACHANGE has 43 observations and 9 variables.
NOTE: DATA statement used (Total process time):
      real time           0.00 seconds
      cpu time            0.00 seconds
      


NOTE: There were 43 observations read from the data set WORK.EM_METACHANGE.
NOTE: The data set WORK.EM_METACHANGE has 44 observations and 9 variables.
NOTE: DATA statement used (Total process time):
      real time           0.01 seconds
      cpu time            0.01 seconds
      


NOTE: There were 44 observations read from the data set WORK.EM_METACHANGE.
NOTE: The data set WORK.EM_METACHANGE has 45 observations and 9 variables.
NOTE: DATA statement used (Total process time):
      real time           0.00 seconds
      cpu time            0.00 seconds
      


NOTE: There were 45 observations read from the data set WORK.EM_METACHANGE.
NOTE: The data set WORK.EM_METACHANGE has 46 observations and 9 variables.
NOTE: DATA statement used (Total process time):
      real time           0.01 seconds
      cpu time            0.01 seconds
      


NOTE: There were 46 observations read from the data set WORK.EM_METACHANGE.
NOTE: The data set WORK.EM_METACHANGE has 47 observations and 9 variables.
NOTE: DATA statement used (Total process time):
      real time           0.00 seconds
      cpu time            0.00 seconds
      


NOTE: There were 47 observations read from the data set WORK.EM_METACHANGE.
NOTE: The data set WORK.EM_METACHANGE has 48 observations and 9 variables.
NOTE: DATA statement used (Total process time):
      real time           0.01 seconds
      cpu time            0.01 seconds
      


NOTE: There were 48 observations read from the data set WORK.EM_METACHANGE.
NOTE: The data set WORK.EM_METACHANGE has 49 observations and 9 variables.
NOTE: DATA statement used (Total process time):
      real time           0.00 seconds
      cpu time            0.00 seconds
      


NOTE: There were 49 observations read from the data set WORK.EM_METACHANGE.
NOTE: The data set WORK.EM_METACHANGE has 50 observations and 9 variables.
NOTE: DATA statement used (Total process time):
      real time           0.01 seconds
      cpu time            0.01 seconds
      


NOTE: There were 50 observations read from the data set WORK.EM_METACHANGE.
NOTE: The data set WORK.EM_METACHANGE has 51 observations and 9 variables.
NOTE: DATA statement used (Total process time):
      real time           0.00 seconds
      cpu time            0.00 seconds
      


NOTE: There were 51 observations read from the data set WORK.EM_METACHANGE.
NOTE: The data set WORK.EM_METACHANGE has 52 observations and 9 variables.
NOTE: DATA statement used (Total process time):
      real time           0.01 seconds
      cpu time            0.00 seconds
      


NOTE: There were 52 observations read from the data set WORK.EM_METACHANGE.
NOTE: The data set WORK.EM_METACHANGE has 53 observations and 9 variables.
NOTE: DATA statement used (Total process time):
      real time           0.00 seconds
      cpu time            0.00 seconds
      


NOTE: There were 53 observations read from the data set WORK.EM_METACHANGE.
NOTE: The data set WORK.EM_METACHANGE has 54 observations and 9 variables.
NOTE: DATA statement used (Total process time):
      real time           0.01 seconds
      cpu time            0.00 seconds
      


NOTE: There were 54 observations read from the data set WORK.EM_METACHANGE.
NOTE: The data set WORK.EM_METACHANGE has 55 observations and 9 variables.
NOTE: DATA statement used (Total process time):
      real time           0.00 seconds
      cpu time            0.00 seconds
      


NOTE: There were 55 observations read from the data set WORK.EM_METACHANGE.
NOTE: The data set WORK.EM_METACHANGE has 56 observations and 9 variables.
NOTE: DATA statement used (Total process time):
      real time           0.00 seconds
      cpu time            0.00 seconds
      


NOTE: There were 56 observations read from the data set WORK.EM_METACHANGE.
NOTE: The data set WORK.EM_METACHANGE has 57 observations and 9 variables.
NOTE: DATA statement used (Total process time):
      real time           0.01 seconds
      cpu time            0.01 seconds
      


NOTE: There were 57 observations read from the data set WORK.EM_METACHANGE.
NOTE: The data set WORK.EM_METACHANGE has 58 observations and 9 variables.
NOTE: DATA statement used (Total process time):
      real time           0.00 seconds
      cpu time            0.00 seconds
      


NOTE: There were 58 observations read from the data set WORK.EM_METACHANGE.
NOTE: The data set WORK.EM_METACHANGE has 59 observations and 9 variables.
NOTE: DATA statement used (Total process time):
      real time           0.01 seconds
      cpu time            0.01 seconds
      


NOTE: There were 59 observations read from the data set WORK.EM_METACHANGE.
NOTE: The data set WORK.EM_METACHANGE has 60 observations and 9 variables.
NOTE: DATA statement used (Total process time):
      real time           0.00 seconds
      cpu time            0.00 seconds
      


NOTE: There were 60 observations read from the data set WORK.EM_METACHANGE.
NOTE: The data set WORK.EM_METACHANGE has 61 observations and 9 variables.
NOTE: DATA statement used (Total process time):
      real time           0.01 seconds
      cpu time            0.01 seconds
      


NOTE: There were 61 observations read from the data set WORK.EM_METACHANGE.
NOTE: The data set WORK.EM_METACHANGE has 62 observations and 9 variables.
NOTE: DATA statement used (Total process time):
      real time           0.00 seconds
      cpu time            0.00 seconds
      


NOTE: There were 62 observations read from the data set WORK.EM_METACHANGE.
NOTE: The data set WORK.EM_METACHANGE has 63 observations and 9 variables.
NOTE: DATA statement used (Total process time):
      real time           0.01 seconds
      cpu time            0.01 seconds
      


NOTE: There were 63 observations read from the data set WORK.EM_METACHANGE.
NOTE: The data set WORK.EM_METACHANGE has 64 observations and 9 variables.
NOTE: DATA statement used (Total process time):
      real time           0.00 seconds
      cpu time            0.00 seconds
      


NOTE: There were 64 observations read from the data set WORK.EM_METACHANGE.
NOTE: The data set WORK.EM_METACHANGE has 65 observations and 9 variables.
NOTE: DATA statement used (Total process time):
      real time           0.01 seconds
      cpu time            0.00 seconds
      


NOTE: There were 65 observations read from the data set WORK.EM_METACHANGE.
NOTE: The data set WORK.EM_METACHANGE has 66 observations and 9 variables.
NOTE: DATA statement used (Total process time):
      real time           0.00 seconds
      cpu time            0.00 seconds
      


NOTE: There were 66 observations read from the data set WORK.EM_METACHANGE.
NOTE: The data set WORK.EM_METACHANGE has 67 observations and 9 variables.
NOTE: DATA statement used (Total process time):
      real time           0.01 seconds
      cpu time            0.00 seconds
      


NOTE: There were 67 observations read from the data set WORK.EM_METACHANGE.
NOTE: The data set WORK.EM_METACHANGE has 68 observations and 9 variables.
NOTE: DATA statement used (Total process time):
      real time           0.00 seconds
      cpu time            0.00 seconds
      


NOTE: There were 68 observations read from the data set WORK.EM_METACHANGE.
NOTE: The data set WORK.EM_METACHANGE has 69 observations and 9 variables.
NOTE: DATA statement used (Total process time):
      real time           0.01 seconds
      cpu time            0.01 seconds
      


NOTE: There were 69 observations read from the data set WORK.EM_METACHANGE.
NOTE: The data set WORK.EM_METACHANGE has 70 observations and 9 variables.
NOTE: DATA statement used (Total process time):
      real time           0.00 seconds
      cpu time            0.00 seconds
      


NOTE: There were 70 observations read from the data set WORK.EM_METACHANGE.
NOTE: The data set WORK.EM_METACHANGE has 71 observations and 9 variables.
NOTE: DATA statement used (Total process time):
      real time           0.00 seconds
      cpu time            0.00 seconds
      


NOTE: There were 71 observations read from the data set WORK.EM_METACHANGE.
NOTE: The data set WORK.EM_METACHANGE has 72 observations and 9 variables.
NOTE: DATA statement used (Total process time):
      real time           0.01 seconds
      cpu time            0.00 seconds
      


NOTE: There were 72 observations read from the data set WORK.EM_METACHANGE.
NOTE: The data set WORK.EM_METACHANGE has 73 observations and 9 variables.
NOTE: DATA statement used (Total process time):
      real time           0.00 seconds
      cpu time            0.00 seconds
      


NOTE: There were 73 observations read from the data set WORK.EM_METACHANGE.
NOTE: The data set WORK.EM_METACHANGE has 74 observations and 9 variables.
NOTE: DATA statement used (Total process time):
      real time           0.01 seconds
      cpu time            0.01 seconds
      


NOTE: There were 74 observations read from the data set WORK.EM_METACHANGE.
NOTE: The data set WORK.EM_METACHANGE has 75 observations and 9 variables.
NOTE: DATA statement used (Total process time):
      real time           0.00 seconds
      cpu time            0.00 seconds
      


NOTE: There were 75 observations read from the data set WORK.EM_METACHANGE.
NOTE: The data set WORK.EM_METACHANGE has 76 observations and 9 variables.
NOTE: DATA statement used (Total process time):
      real time           0.01 seconds
      cpu time            0.01 seconds
      


NOTE: There were 76 observations read from the data set WORK.EM_METACHANGE.
NOTE: The data set WORK.EM_METACHANGE has 77 observations and 9 variables.
NOTE: DATA statement used (Total process time):
      real time           0.00 seconds
      cpu time            0.00 seconds
      


NOTE: There were 77 observations read from the data set WORK.EM_METACHANGE.
NOTE: The data set WORK.EM_METACHANGE has 78 observations and 9 variables.
NOTE: DATA statement used (Total process time):
      real time           0.01 seconds
      cpu time            0.01 seconds
      


NOTE: There were 78 observations read from the data set WORK.EM_METACHANGE.
NOTE: The data set WORK.EM_METACHANGE has 79 observations and 9 variables.
NOTE: DATA statement used (Total process time):
      real time           0.00 seconds
      cpu time            0.00 seconds
      


NOTE: There were 79 observations read from the data set WORK.EM_METACHANGE.
NOTE: The data set WORK.EM_METACHANGE has 80 observations and 9 variables.
NOTE: DATA statement used (Total process time):
      real time           0.01 seconds
      cpu time            0.00 seconds
      


NOTE: There were 80 observations read from the data set WORK.EM_METACHANGE.
NOTE: The data set WORK.EM_METACHANGE has 81 observations and 9 variables.
NOTE: DATA statement used (Total process time):
      real time           0.00 seconds
      cpu time            0.00 seconds
      


NOTE: There were 81 observations read from the data set WORK.EM_METACHANGE.
NOTE: The data set WORK.EM_METACHANGE has 82 observations and 9 variables.
NOTE: DATA statement used (Total process time):
      real time           0.00 seconds
      cpu time            0.00 seconds
      


NOTE: There were 82 observations read from the data set WORK.EM_METACHANGE.
NOTE: The data set WORK.EM_METACHANGE has 83 observations and 9 variables.
NOTE: DATA statement used (Total process time):
      real time           0.01 seconds
      cpu time            0.01 seconds
      


NOTE: There were 83 observations read from the data set WORK.EM_METACHANGE.
NOTE: The data set WORK.EM_METACHANGE has 84 observations and 9 variables.
NOTE: DATA statement used (Total process time):
      real time           0.00 seconds
      cpu time            0.00 seconds
      


NOTE: There were 84 observations read from the data set WORK.EM_METACHANGE.
NOTE: The data set WORK.EM_METACHANGE has 85 observations and 9 variables.
NOTE: DATA statement used (Total process time):
      real time           0.01 seconds
      cpu time            0.01 seconds
      


NOTE: There were 2 observations read from the data set EMWS4.IDS_RESPOND_DM.
      WHERE _TYPE_='PREDICTED';
NOTE: DATA statement used (Total process time):
      real time           0.00 seconds
      cpu time            0.00 seconds
      


NOTE: There were 85 observations read from the data set WORK.EM_METACHANGE.
NOTE: The data set WORK.EM_METACHANGE has 86 observations and 9 variables.
NOTE: DATA statement used (Total process time):
      real time           0.00 seconds
      cpu time            0.00 seconds
      


NOTE: There were 86 observations read from the data set WORK.EM_METACHANGE.
NOTE: The data set WORK.EM_METACHANGE has 87 observations and 9 variables.
NOTE: DATA statement used (Total process time):
      real time           0.00 seconds
      cpu time            0.00 seconds
      


NOTE: Variable cvimportance is uninitialized.
NOTE: Variable nsurrogates is uninitialized.
NOTE: There were 2 observations read from the data set EMWS4.TREE2_OUTIMPORT.
NOTE: DATA statement used (Total process time):
      real time           0.00 seconds
      cpu time            0.00 seconds
      


NOTE: Variable NSURROGATES is uninitialized.
NOTE: Variable CVIMPORTANCE is uninitialized.
NOTE: Variable CVRULES is uninitialized.
NOTE: There were 90 observations read from the data set EMWS4.TREE2_OUTIMPORT.
NOTE: The data set EMWS4.TREE2_OUTIMPORT has 90 observations and 6 variables.
NOTE: DATA statement used (Total process time):
      real time           0.01 seconds
      cpu time            0.01 seconds
      


NOTE: The data set WORK.EM_USER_REPORT has 132 observations and 4 variables.
NOTE: DATA statement used (Total process time):
      real time           0.03 seconds
      cpu time            0.03 seconds
      

17445  
17446  *------------------------------------------------------------*;
17447  * End SCORE: Tree2;
17448  *------------------------------------------------------------*;

17449  proc sort data=WORK.EM_METACHANGE;
17450  by key uname;
17451  run;

NOTE: There were 87 observations read from the data set WORK.EM_METACHANGE.
NOTE: The data set WORK.EM_METACHANGE has 87 observations and 9 variables.
NOTE: PROCEDURE SORT used (Total process time):
      real time           0.00 seconds
      cpu time            0.00 seconds
      

17452  filename x "C:\Users\Kyle McLester\Desktop\dsba-6201\final-project\Workspaces\EMWS4\Tree2\CDELTA_TRAIN.sas";
17453  data _null_;
17454  file x;
17455  put 'if upcase(NAME) = "BOTHPAYM" then do;';
17456  put 'ROLE = "REJECTED";';
17457  put 'end;';
17458  put 'else ';
17459  put 'if upcase(NAME) = "BUYPROP" then do;';
17460  put 'ROLE = "REJECTED";';
17461  put 'end;';
17462  put 'else ';
17463  put 'if upcase(NAME) = "CATALOGCNT" then do;';
17464  put 'ROLE = "REJECTED";';
17465  put 'end;';
17466  put 'else ';
17467  put 'if upcase(NAME) = "CCPAYM" then do;';
17468  put 'ROLE = "REJECTED";';
17469  put 'end;';
17470  put 'else ';
17471  put 'if upcase(NAME) = "DEPT01" then do;';
17472  put 'ROLE = "REJECTED";';
17473  put 'end;';
17474  put 'else ';
17475  put 'if upcase(NAME) = "DEPT02" then do;';
17476  put 'ROLE = "REJECTED";';
17477  put 'end;';
17478  put 'else ';
17479  put 'if upcase(NAME) = "DEPT03" then do;';
17480  put 'ROLE = "REJECTED";';
17481  put 'end;';
17482  put 'else ';
17483  put 'if upcase(NAME) = "DEPT04" then do;';
17484  put 'ROLE = "REJECTED";';
17485  put 'end;';
17486  put 'else ';
17487  put 'if upcase(NAME) = "DEPT05" then do;';
17488  put 'ROLE = "REJECTED";';
17489  put 'end;';
17490  put 'else ';
17491  put 'if upcase(NAME) = "DEPT06" then do;';
17492  put 'ROLE = "REJECTED";';
17493  put 'end;';
17494  put 'else ';
17495  put 'if upcase(NAME) = "DEPT07" then do;';
17496  put 'ROLE = "REJECTED";';
17497  put 'end;';
17498  put 'else ';
17499  put 'if upcase(NAME) = "DEPT08" then do;';
17500  put 'ROLE = "REJECTED";';
17501  put 'end;';
17502  put 'else ';
17503  put 'if upcase(NAME) = "DEPT09" then do;';
17504  put 'ROLE = "REJECTED";';
17505  put 'end;';
17506  put 'else ';
17507  put 'if upcase(NAME) = "DEPT10" then do;';
17508  put 'ROLE = "REJECTED";';
17509  put 'end;';
17510  put 'else ';
17511  put 'if upcase(NAME) = "DEPT11" then do;';
17512  put 'ROLE = "REJECTED";';
17513  put 'end;';
17514  put 'else ';
17515  put 'if upcase(NAME) = "DEPT12" then do;';
17516  put 'ROLE = "REJECTED";';
17517  put 'end;';
17518  put 'else ';
17519  put 'if upcase(NAME) = "DEPT13" then do;';
17520  put 'ROLE = "REJECTED";';
17521  put 'end;';
17522  put 'else ';
17523  put 'if upcase(NAME) = "DEPT14" then do;';
17524  put 'ROLE = "REJECTED";';
17525  put 'end;';
17526  put 'else ';
17527  put 'if upcase(NAME) = "DEPT15" then do;';
17528  put 'ROLE = "REJECTED";';
17529  put 'end;';
17530  put 'else ';
17531  put 'if upcase(NAME) = "DEPT16" then do;';
17532  put 'ROLE = "REJECTED";';
17533  put 'end;';
17534  put 'else ';
17535  put 'if upcase(NAME) = "DEPT17" then do;';
17536  put 'ROLE = "REJECTED";';
17537  put 'end;';
17538  put 'else ';
17539  put 'if upcase(NAME) = "DEPT18" then do;';
17540  put 'ROLE = "REJECTED";';
17541  put 'end;';
17542  put 'else ';
17543  put 'if upcase(NAME) = "DEPT19" then do;';
17544  put 'ROLE = "REJECTED";';
17545  put 'end;';
17546  put 'else ';
17547  put 'if upcase(NAME) = "DEPT20" then do;';
17548  put 'ROLE = "REJECTED";';
17549  put 'end;';
17550  put 'else ';
17551  put 'if upcase(NAME) = "DEPT21" then do;';
17552  put 'ROLE = "REJECTED";';
17553  put 'end;';
17554  put 'else ';
17555  put 'if upcase(NAME) = "DEPT22" then do;';
17556  put 'ROLE = "REJECTED";';
17557  put 'end;';
17558  put 'else ';
17559  put 'if upcase(NAME) = "DEPT23" then do;';
17560  put 'ROLE = "REJECTED";';
17561  put 'end;';
17562  put 'else ';
17563  put 'if upcase(NAME) = "DEPT24" then do;';
17564  put 'ROLE = "REJECTED";';
17565  put 'end;';
17566  put 'else ';
17567  put 'if upcase(NAME) = "DEPT26" then do;';
17568  put 'ROLE = "REJECTED";';
17569  put 'end;';
17570  put 'else ';
17571  put 'if upcase(NAME) = "DEPT27" then do;';
17572  put 'ROLE = "REJECTED";';
17573  put 'end;';
17574  put 'else ';
17575  put 'if upcase(NAME) = "DOLINDEA" then do;';
17576  put 'ROLE = "REJECTED";';
17577  put 'end;';
17578  put 'else ';
17579  put 'if upcase(NAME) = "DOLINDET" then do;';
17580  put 'ROLE = "REJECTED";';
17581  put 'end;';
17582  put 'else ';
17583  put 'if upcase(NAME) = "DOLLARQ01" then do;';
17584  put 'ROLE = "REJECTED";';
17585  put 'end;';
17586  put 'else ';
17587  put 'if upcase(NAME) = "DOLLARQ02" then do;';
17588  put 'ROLE = "REJECTED";';
17589  put 'end;';
17590  put 'else ';
17591  put 'if upcase(NAME) = "DOLLARQ03" then do;';
17592  put 'ROLE = "REJECTED";';
17593  put 'end;';
17594  put 'else ';
17595  put 'if upcase(NAME) = "DOLLARQ04" then do;';
17596  put 'ROLE = "REJECTED";';
17597  put 'end;';
17598  put 'else ';
17599  put 'if upcase(NAME) = "DOLLARQ05" then do;';
17600  put 'ROLE = "REJECTED";';
17601  put 'end;';
17602  put 'else ';
17603  put 'if upcase(NAME) = "DOLLARQ06" then do;';
17604  put 'ROLE = "REJECTED";';
17605  put 'end;';
17606  put 'else ';
17607  put 'if upcase(NAME) = "DOLLARQ07" then do;';
17608  put 'ROLE = "REJECTED";';
17609  put 'end;';
17610  put 'else ';
17611  put 'if upcase(NAME) = "DOLLARQ08" then do;';
17612  put 'ROLE = "REJECTED";';
17613  put 'end;';
17614  put 'else ';
17615  put 'if upcase(NAME) = "DOLLARQ09" then do;';
17616  put 'ROLE = "REJECTED";';
17617  put 'end;';
17618  put 'else ';
17619  put 'if upcase(NAME) = "DOLLARQ10" then do;';
17620  put 'ROLE = "REJECTED";';
17621  put 'end;';
17622  put 'else ';
17623  put 'if upcase(NAME) = "DOLLARQ11" then do;';
17624  put 'ROLE = "REJECTED";';
17625  put 'end;';
17626  put 'else ';
17627  put 'if upcase(NAME) = "DOLLARQ12" then do;';
17628  put 'ROLE = "REJECTED";';
17629  put 'end;';
17630  put 'else ';
17631  put 'if upcase(NAME) = "DOLLARQ13" then do;';
17632  put 'ROLE = "REJECTED";';
17633  put 'end;';
17634  put 'else ';
17635  put 'if upcase(NAME) = "DOLLARQ14" then do;';
17636  put 'ROLE = "REJECTED";';
17637  put 'end;';
17638  put 'else ';
17639  put 'if upcase(NAME) = "DOLLARQ15" then do;';
17640  put 'ROLE = "REJECTED";';
17641  put 'end;';
17642  put 'else ';
17643  put 'if upcase(NAME) = "DOLLARQ16" then do;';
17644  put 'ROLE = "REJECTED";';
17645  put 'end;';
17646  put 'else ';
17647  put 'if upcase(NAME) = "DOLLARQ17" then do;';
17648  put 'ROLE = "REJECTED";';
17649  put 'end;';
17650  put 'else ';
17651  put 'if upcase(NAME) = "DOLLARQ18" then do;';
17652  put 'ROLE = "REJECTED";';
17653  put 'end;';
17654  put 'else ';
17655  put 'if upcase(NAME) = "DOLLARQ19" then do;';
17656  put 'ROLE = "REJECTED";';
17657  put 'end;';
17658  put 'else ';
17659  put 'if upcase(NAME) = "DOLLARQ20" then do;';
17660  put 'ROLE = "REJECTED";';
17661  put 'end;';
17662  put 'else ';
17663  put 'if upcase(NAME) = "DOLLARQ21" then do;';
17664  put 'ROLE = "REJECTED";';
17665  put 'end;';
17666  put 'else ';
17667  put 'if upcase(NAME) = "DOLLARQ22" then do;';
17668  put 'ROLE = "REJECTED";';
17669  put 'end;';
17670  put 'else ';
17671  put 'if upcase(NAME) = "DOLNETDA" then do;';
17672  put 'ROLE = "REJECTED";';
17673  put 'end;';
17674  put 'else ';
17675  put 'if upcase(NAME) = "DOLNETDT" then do;';
17676  put 'ROLE = "REJECTED";';
17677  put 'end;';
17678  put 'else ';
17679  put 'if upcase(NAME) = "METHPAYM" then do;';
17680  put 'ROLE = "REJECTED";';
17681  put 'end;';
17682  put 'else ';
17683  put 'if upcase(NAME) = "MONLAST" then do;';
17684  put 'ROLE = "REJECTED";';
17685  put 'end;';
17686  put 'else ';
17687  put 'if upcase(NAME) = "PCPAYM" then do;';
17688  put 'ROLE = "REJECTED";';
17689  put 'end;';
17690  put 'else ';
17691  put 'if upcase(NAME) = "Q_RESPOND0" then do;';
17692  put 'ROLE = "ASSESS";';
17693  put 'end;';
17694  put 'else ';
17695  put 'if upcase(NAME) = "Q_RESPOND1" then do;';
17696  put 'ROLE = "ASSESS";';
17697  put 'end;';
17698  put 'else ';
17699  put 'if upcase(NAME) = "TOTORDQ01" then do;';
17700  put 'ROLE = "REJECTED";';
17701  put 'end;';
17702  put 'else ';
17703  put 'if upcase(NAME) = "TOTORDQ02" then do;';
17704  put 'ROLE = "REJECTED";';
17705  put 'end;';
17706  put 'else ';
17707  put 'if upcase(NAME) = "TOTORDQ03" then do;';
17708  put 'ROLE = "REJECTED";';
17709  put 'end;';
17710  put 'else ';
17711  put 'if upcase(NAME) = "TOTORDQ04" then do;';
17712  put 'ROLE = "REJECTED";';
17713  put 'end;';
17714  put 'else ';
17715  put 'if upcase(NAME) = "TOTORDQ05" then do;';
17716  put 'ROLE = "REJECTED";';
17717  put 'end;';
17718  put 'else ';
17719  put 'if upcase(NAME) = "TOTORDQ06" then do;';
17720  put 'ROLE = "REJECTED";';
17721  put 'end;';
17722  put 'else ';
17723  put 'if upcase(NAME) = "TOTORDQ07" then do;';
17724  put 'ROLE = "REJECTED";';
17725  put 'end;';
17726  put 'else ';
17727  put 'if upcase(NAME) = "TOTORDQ08" then do;';
17728  put 'ROLE = "REJECTED";';
17729  put 'end;';
17730  put 'else ';
17731  put 'if upcase(NAME) = "TOTORDQ09" then do;';
17732  put 'ROLE = "REJECTED";';
17733  put 'end;';
17734  put 'else ';
17735  put 'if upcase(NAME) = "TOTORDQ10" then do;';
17736  put 'ROLE = "REJECTED";';
17737  put 'end;';
17738  put 'else ';
17739  put 'if upcase(NAME) = "TOTORDQ11" then do;';
17740  put 'ROLE = "REJECTED";';
17741  put 'end;';
17742  put 'else ';
17743  put 'if upcase(NAME) = "TOTORDQ12" then do;';
17744  put 'ROLE = "REJECTED";';
17745  put 'end;';
17746  put 'else ';
17747  put 'if upcase(NAME) = "TOTORDQ13" then do;';
17748  put 'ROLE = "REJECTED";';
17749  put 'end;';
17750  put 'else ';
17751  put 'if upcase(NAME) = "TOTORDQ14" then do;';
17752  put 'ROLE = "REJECTED";';
17753  put 'end;';
17754  put 'else ';
17755  put 'if upcase(NAME) = "TOTORDQ15" then do;';
17756  put 'ROLE = "REJECTED";';
17757  put 'end;';
17758  put 'else ';
17759  put 'if upcase(NAME) = "TOTORDQ16" then do;';
17760  put 'ROLE = "REJECTED";';
17761  put 'end;';
17762  put 'else ';
17763  put 'if upcase(NAME) = "TOTORDQ17" then do;';
17764  put 'ROLE = "REJECTED";';
17765  put 'end;';
17766  put 'else ';
17767  put 'if upcase(NAME) = "TOTORDQ18" then do;';
17768  put 'ROLE = "REJECTED";';
17769  put 'end;';
17770  put 'else ';
17771  put 'if upcase(NAME) = "TOTORDQ19" then do;';
17772  put 'ROLE = "REJECTED";';
17773  put 'end;';
17774  put 'else ';
17775  put 'if upcase(NAME) = "TOTORDQ20" then do;';
17776  put 'ROLE = "REJECTED";';
17777  put 'end;';
17778  put 'else ';
17779  put 'if upcase(NAME) = "TOTORDQ21" then do;';
17780  put 'ROLE = "REJECTED";';
17781  put 'end;';
17782  put 'else ';
17783  put 'if upcase(NAME) = "TOTORDQ22" then do;';
17784  put 'ROLE = "REJECTED";';
17785  put 'end;';
17786  put 'else ';
17787  put 'if upcase(NAME) = "UNITSIDD" then do;';
17788  put 'ROLE = "REJECTED";';
17789  put 'end;';
17790  put 'else ';
17791  put 'if upcase(NAME) = "UNITSLAP" then do;';
17792  put 'ROLE = "REJECTED";';
17793  put 'end;';
17794  put 'else ';
17795  put 'if upcase(NAME) = "UNTLANPO" then do;';
17796  put 'ROLE = "REJECTED";';
17797  put 'end;';
17798  put 'else ';
17799  put 'if upcase(NAME) = "_NODE_" then do;';
17800  put 'ROLE = "SEGMENT";';
17801  put 'LEVEL = "NOMINAL";';
17802  put 'end;';
17803  run;

NOTE: The file X is:
      Filename=C:\Users\Kyle McLester\Desktop\dsba-6201\final-project\Workspaces\EMWS4\Tree2\CDELTA_TRAIN.sas,
      RECFM=V,LRECL=32767,File Size (bytes)=0,
      Last Modified=13Apr2022:18:05:29,
      Create Time=13Apr2022:18:04:31

NOTE: 348 records were written to the file X.
      The minimum record length was 4.
      The maximum record length was 39.
NOTE: DATA statement used (Total process time):
      real time           0.00 seconds
      cpu time            0.00 seconds
      

17804  filename x;
NOTE: Fileref X has been deassigned.

17805  filename emflow "C:\Users\Kyle McLester\Desktop\dsba-6201\final-project\Workspaces\EMWS4\Tree2\EMFLOWSCORE.sas";
17806  *------------------------------------------------------------*;
17807  * Tree2: Scoring DATA data;
17808  *------------------------------------------------------------*;
17809  data EMWS4.Tree2_TRAIN
17810  / view=EMWS4.Tree2_TRAIN
17811  ;
17812  set EMWS4.Part_TRAIN
17813  ;
17814  %inc emflow;
NOTE: %INCLUDE (level 1) file EMFLOW is file C:\Users\Kyle McLester\Desktop\dsba-6201\final-project\Workspaces\EMWS4\Tree2\EMFLOWSCORE.sas.
17815 +****************************************************************;
17816 +******             DECISION TREE SCORING CODE             ******;
17817 +****************************************************************;
17818 +
17819 +******         LENGTHS OF NEW CHARACTER VARIABLES         ******;
17820 +LENGTH F_RESPOND  $   12;
17821 +LENGTH I_RESPOND  $   12;
17822 +LENGTH _WARN_  $    4;
17823 +
17824 +******              LABELS FOR NEW VARIABLES              ******;
17825 +label _NODE_ = 'Node' ;
17826 +label _LEAF_ = 'Leaf' ;
17827 +label P_RESPOND1 = 'Predicted: RESPOND=1' ;
17828 +label P_RESPOND0 = 'Predicted: RESPOND=0' ;
17829 +label Q_RESPOND1 = 'Unadjusted P: RESPOND=1' ;
17830 +label Q_RESPOND0 = 'Unadjusted P: RESPOND=0' ;
17831 +label V_RESPOND1 = 'Validated: RESPOND=1' ;
17832 +label V_RESPOND0 = 'Validated: RESPOND=0' ;
17833 +label R_RESPOND1 = 'Residual: RESPOND=1' ;
17834 +label R_RESPOND0 = 'Residual: RESPOND=0' ;
17835 +label F_RESPOND = 'From: RESPOND' ;
17836 +label I_RESPOND = 'Into: RESPOND' ;
17837 +label U_RESPOND = 'Unnormalized Into: RESPOND' ;
17838 +label _WARN_ = 'Warnings' ;
17839 +
17840 +
17841 +******      TEMPORARY VARIABLES FOR FORMATTED VALUES      ******;
17842 +LENGTH _ARBFMT_12 $     12; DROP _ARBFMT_12;
17843 +_ARBFMT_12 = ' '; /* Initialize to avoid warning. */
17844 +
17845 +
17846 +_ARBFMT_12 = PUT( RESPOND , BEST12.);
17847 + %DMNORMCP( _ARBFMT_12, F_RESPOND );
17848 +
17849 +******             ASSIGN OBSERVATION TO NODE             ******;
17850 +IF  NOT MISSING(DOLL24 ) AND
17851 +                 121.2 <= DOLL24  THEN DO;
17852 +  IF  NOT MISSING(DEPT25 ) AND
17853 +                    32.5 <= DEPT25  THEN DO;
17854 +    _NODE_  =                    7;
17855 +    _LEAF_  =                    8;
17856 +    P_RESPOND1  =      0.4390243902439;
17857 +    P_RESPOND0  =     0.56097560975609;
17858 +    Q_RESPOND1  =      0.4390243902439;
17859 +    Q_RESPOND0  =     0.56097560975609;
17860 +    V_RESPOND1  =      0.3076923076923;
17861 +    V_RESPOND0  =     0.69230769230769;
17862 +    I_RESPOND  = '0' ;
17863 +    U_RESPOND  =                    0;
17864 +    END;
17865 +  ELSE DO;
17866 +    IF  NOT MISSING(FREQPRCH ) AND
17867 +                       8.5 <= FREQPRCH  THEN DO;
17868 +      _NODE_  =                   13;
17869 +      _LEAF_  =                    7;
17870 +      P_RESPOND1  =     0.17607413647851;
17871 +      P_RESPOND0  =     0.82392586352148;
17872 +      Q_RESPOND1  =     0.17607413647851;
17873 +      Q_RESPOND0  =     0.82392586352148;
17874 +      V_RESPOND1  =     0.17874396135265;
17875 +      V_RESPOND0  =     0.82125603864734;
17876 +      I_RESPOND  = '0' ;
17877 +      U_RESPOND  =                    0;
17878 +      END;
17879 +    ELSE DO;
17880 +      _NODE_  =                   12;
17881 +      _LEAF_  =                    6;
17882 +      P_RESPOND1  =     0.10013175230566;
17883 +      P_RESPOND0  =     0.89986824769433;
17884 +      Q_RESPOND1  =     0.10013175230566;
17885 +      Q_RESPOND0  =     0.89986824769433;
17886 +      V_RESPOND1  =       0.089590443686;
17887 +      V_RESPOND0  =     0.91040955631399;
17888 +      I_RESPOND  = '0' ;
17889 +      U_RESPOND  =                    0;
17890 +      END;
17891 +    END;
17892 +  END;
17893 +ELSE DO;
17894 +  IF  NOT MISSING(TENURE ) AND
17895 +    TENURE  <                  1.5 THEN DO;
17896 +    IF  NOT MISSING(DAYLAST ) AND
17897 +                      46.5 <= DAYLAST  THEN DO;
17898 +      _NODE_  =                    9;
17899 +      _LEAF_  =                    2;
17900 +      P_RESPOND1  =     0.11111111111111;
17901 +      P_RESPOND0  =     0.88888888888888;
17902 +      Q_RESPOND1  =     0.11111111111111;
17903 +      Q_RESPOND0  =     0.88888888888888;
17904 +      V_RESPOND1  =                    0;
17905 +      V_RESPOND0  =                    1;
17906 +      I_RESPOND  = '0' ;
17907 +      U_RESPOND  =                    0;
17908 +      END;
17909 +    ELSE DO;
17910 +      _NODE_  =                    8;
17911 +      _LEAF_  =                    1;
17912 +      P_RESPOND1  =     0.95454545454545;
17913 +      P_RESPOND0  =     0.04545454545454;
17914 +      Q_RESPOND1  =     0.95454545454545;
17915 +      Q_RESPOND0  =     0.04545454545454;
17916 +      V_RESPOND1  =                    1;
17917 +      V_RESPOND0  =                    0;
17918 +      I_RESPOND  = '1' ;
17919 +      U_RESPOND  =                    1;
17920 +      END;
17921 +    END;
17922 +  ELSE DO;
17923 +    IF  NOT MISSING(DOLL24 ) AND
17924 +                    23.975 <= DOLL24  THEN DO;
17925 +      IF  NOT MISSING(ACTBUY ) AND
17926 +                         1.5 <= ACTBUY  THEN DO;
17927 +        _NODE_  =                   19;
17928 +        _LEAF_  =                    5;
17929 +        P_RESPOND1  =     0.10306612486147;
17930 +        P_RESPOND0  =     0.89693387513852;
17931 +        Q_RESPOND1  =     0.10306612486147;
17932 +        Q_RESPOND0  =     0.89693387513852;
17933 +        V_RESPOND1  =     0.09674922600619;
17934 +        V_RESPOND0  =      0.9032507739938;
17935 +        I_RESPOND  = '0' ;
17936 +        U_RESPOND  =                    0;
17937 +        END;
17938 +      ELSE DO;
17939 +        _NODE_  =                   18;
17940 +        _LEAF_  =                    4;
17941 +        P_RESPOND1  =     0.05328917657684;
17942 +        P_RESPOND0  =     0.94671082342315;
17943 +        Q_RESPOND1  =     0.05328917657684;
17944 +        Q_RESPOND0  =     0.94671082342315;
17945 +        V_RESPOND1  =     0.05952028427598;
17946 +        V_RESPOND0  =     0.94047971572401;
17947 +        I_RESPOND  = '0' ;
17948 +        U_RESPOND  =                    0;
17949 +        END;
17950 +      END;
17951 +    ELSE DO;
17952 +      _NODE_  =                   10;
17953 +      _LEAF_  =                    3;
17954 +      P_RESPOND1  =     0.03609902631033;
17955 +      P_RESPOND0  =     0.96390097368966;
17956 +      Q_RESPOND1  =     0.03609902631033;
17957 +      Q_RESPOND0  =     0.96390097368966;
17958 +      V_RESPOND1  =     0.03674786591713;
17959 +      V_RESPOND0  =     0.96325213408286;
17960 +      I_RESPOND  = '0' ;
17961 +      U_RESPOND  =                    0;
17962 +      END;
17963 +    END;
17964 +  END;
17965 +
17966 +*****  RESIDUALS R_ *************;
17967 +IF  F_RESPOND  NE '1'
17968 +AND F_RESPOND  NE '0'  THEN DO;
17969 +        R_RESPOND1  = .;
17970 +        R_RESPOND0  = .;
17971 + END;
17972 + ELSE DO;
17973 +       R_RESPOND1  =  -P_RESPOND1 ;
17974 +       R_RESPOND0  =  -P_RESPOND0 ;
17975 +       SELECT( F_RESPOND  );
17976 +          WHEN( '1'  ) R_RESPOND1  = R_RESPOND1  +1;
17977 +          WHEN( '0'  ) R_RESPOND0  = R_RESPOND0  +1;
17978 +       END;
17979 + END;
17980 +
17981 +****************************************************************;
17982 +******          END OF DECISION TREE SCORING CODE         ******;
17983 +****************************************************************;
17984 +
17985 +drop _LEAF_;
NOTE: %INCLUDE (level 1) ending.
17986  run;

NOTE: DATA STEP view saved on file EMWS4.TREE2_TRAIN.
NOTE: A stored DATA STEP view cannot run under a different operating system.
NOTE: DATA statement used (Total process time):
      real time           0.01 seconds
      cpu time            0.00 seconds
      

17987  quit;
17988  filename emflow;
NOTE: Fileref EMFLOW has been deassigned.

17989  filename emflow "C:\Users\Kyle McLester\Desktop\dsba-6201\final-project\Workspaces\EMWS4\Tree2\EMFLOWSCORE.sas";
17990  *------------------------------------------------------------*;
17991  * Tree2: Scoring VALIDATE data;
17992  *------------------------------------------------------------*;
17993  data EMWS4.Tree2_VALIDATE
17994  / view=EMWS4.Tree2_VALIDATE
17995  ;
17996  set EMWS4.Part_VALIDATE
17997  ;
17998  %inc emflow;
NOTE: %INCLUDE (level 1) file EMFLOW is file C:\Users\Kyle McLester\Desktop\dsba-6201\final-project\Workspaces\EMWS4\Tree2\EMFLOWSCORE.sas.
17999 +****************************************************************;
18000 +******             DECISION TREE SCORING CODE             ******;
18001 +****************************************************************;
18002 +
18003 +******         LENGTHS OF NEW CHARACTER VARIABLES         ******;
18004 +LENGTH F_RESPOND  $   12;
18005 +LENGTH I_RESPOND  $   12;
18006 +LENGTH _WARN_  $    4;
18007 +
18008 +******              LABELS FOR NEW VARIABLES              ******;
18009 +label _NODE_ = 'Node' ;
18010 +label _LEAF_ = 'Leaf' ;
18011 +label P_RESPOND1 = 'Predicted: RESPOND=1' ;
18012 +label P_RESPOND0 = 'Predicted: RESPOND=0' ;
18013 +label Q_RESPOND1 = 'Unadjusted P: RESPOND=1' ;
18014 +label Q_RESPOND0 = 'Unadjusted P: RESPOND=0' ;
18015 +label V_RESPOND1 = 'Validated: RESPOND=1' ;
18016 +label V_RESPOND0 = 'Validated: RESPOND=0' ;
18017 +label R_RESPOND1 = 'Residual: RESPOND=1' ;
18018 +label R_RESPOND0 = 'Residual: RESPOND=0' ;
18019 +label F_RESPOND = 'From: RESPOND' ;
18020 +label I_RESPOND = 'Into: RESPOND' ;
18021 +label U_RESPOND = 'Unnormalized Into: RESPOND' ;
18022 +label _WARN_ = 'Warnings' ;
18023 +
18024 +
18025 +******      TEMPORARY VARIABLES FOR FORMATTED VALUES      ******;
18026 +LENGTH _ARBFMT_12 $     12; DROP _ARBFMT_12;
18027 +_ARBFMT_12 = ' '; /* Initialize to avoid warning. */
18028 +
18029 +
18030 +_ARBFMT_12 = PUT( RESPOND , BEST12.);
18031 + %DMNORMCP( _ARBFMT_12, F_RESPOND );
18032 +
18033 +******             ASSIGN OBSERVATION TO NODE             ******;
18034 +IF  NOT MISSING(DOLL24 ) AND
18035 +                 121.2 <= DOLL24  THEN DO;
18036 +  IF  NOT MISSING(DEPT25 ) AND
18037 +                    32.5 <= DEPT25  THEN DO;
18038 +    _NODE_  =                    7;
18039 +    _LEAF_  =                    8;
18040 +    P_RESPOND1  =      0.4390243902439;
18041 +    P_RESPOND0  =     0.56097560975609;
18042 +    Q_RESPOND1  =      0.4390243902439;
18043 +    Q_RESPOND0  =     0.56097560975609;
18044 +    V_RESPOND1  =      0.3076923076923;
18045 +    V_RESPOND0  =     0.69230769230769;
18046 +    I_RESPOND  = '0' ;
18047 +    U_RESPOND  =                    0;
18048 +    END;
18049 +  ELSE DO;
18050 +    IF  NOT MISSING(FREQPRCH ) AND
18051 +                       8.5 <= FREQPRCH  THEN DO;
18052 +      _NODE_  =                   13;
18053 +      _LEAF_  =                    7;
18054 +      P_RESPOND1  =     0.17607413647851;
18055 +      P_RESPOND0  =     0.82392586352148;
18056 +      Q_RESPOND1  =     0.17607413647851;
18057 +      Q_RESPOND0  =     0.82392586352148;
18058 +      V_RESPOND1  =     0.17874396135265;
18059 +      V_RESPOND0  =     0.82125603864734;
18060 +      I_RESPOND  = '0' ;
18061 +      U_RESPOND  =                    0;
18062 +      END;
18063 +    ELSE DO;
18064 +      _NODE_  =                   12;
18065 +      _LEAF_  =                    6;
18066 +      P_RESPOND1  =     0.10013175230566;
18067 +      P_RESPOND0  =     0.89986824769433;
18068 +      Q_RESPOND1  =     0.10013175230566;
18069 +      Q_RESPOND0  =     0.89986824769433;
18070 +      V_RESPOND1  =       0.089590443686;
18071 +      V_RESPOND0  =     0.91040955631399;
18072 +      I_RESPOND  = '0' ;
18073 +      U_RESPOND  =                    0;
18074 +      END;
18075 +    END;
18076 +  END;
18077 +ELSE DO;
18078 +  IF  NOT MISSING(TENURE ) AND
18079 +    TENURE  <                  1.5 THEN DO;
18080 +    IF  NOT MISSING(DAYLAST ) AND
18081 +                      46.5 <= DAYLAST  THEN DO;
18082 +      _NODE_  =                    9;
18083 +      _LEAF_  =                    2;
18084 +      P_RESPOND1  =     0.11111111111111;
18085 +      P_RESPOND0  =     0.88888888888888;
18086 +      Q_RESPOND1  =     0.11111111111111;
18087 +      Q_RESPOND0  =     0.88888888888888;
18088 +      V_RESPOND1  =                    0;
18089 +      V_RESPOND0  =                    1;
18090 +      I_RESPOND  = '0' ;
18091 +      U_RESPOND  =                    0;
18092 +      END;
18093 +    ELSE DO;
18094 +      _NODE_  =                    8;
18095 +      _LEAF_  =                    1;
18096 +      P_RESPOND1  =     0.95454545454545;
18097 +      P_RESPOND0  =     0.04545454545454;
18098 +      Q_RESPOND1  =     0.95454545454545;
18099 +      Q_RESPOND0  =     0.04545454545454;
18100 +      V_RESPOND1  =                    1;
18101 +      V_RESPOND0  =                    0;
18102 +      I_RESPOND  = '1' ;
18103 +      U_RESPOND  =                    1;
18104 +      END;
18105 +    END;
18106 +  ELSE DO;
18107 +    IF  NOT MISSING(DOLL24 ) AND
18108 +                    23.975 <= DOLL24  THEN DO;
18109 +      IF  NOT MISSING(ACTBUY ) AND
18110 +                         1.5 <= ACTBUY  THEN DO;
18111 +        _NODE_  =                   19;
18112 +        _LEAF_  =                    5;
18113 +        P_RESPOND1  =     0.10306612486147;
18114 +        P_RESPOND0  =     0.89693387513852;
18115 +        Q_RESPOND1  =     0.10306612486147;
18116 +        Q_RESPOND0  =     0.89693387513852;
18117 +        V_RESPOND1  =     0.09674922600619;
18118 +        V_RESPOND0  =      0.9032507739938;
18119 +        I_RESPOND  = '0' ;
18120 +        U_RESPOND  =                    0;
18121 +        END;
18122 +      ELSE DO;
18123 +        _NODE_  =                   18;
18124 +        _LEAF_  =                    4;
18125 +        P_RESPOND1  =     0.05328917657684;
18126 +        P_RESPOND0  =     0.94671082342315;
18127 +        Q_RESPOND1  =     0.05328917657684;
18128 +        Q_RESPOND0  =     0.94671082342315;
18129 +        V_RESPOND1  =     0.05952028427598;
18130 +        V_RESPOND0  =     0.94047971572401;
18131 +        I_RESPOND  = '0' ;
18132 +        U_RESPOND  =                    0;
18133 +        END;
18134 +      END;
18135 +    ELSE DO;
18136 +      _NODE_  =                   10;
18137 +      _LEAF_  =                    3;
18138 +      P_RESPOND1  =     0.03609902631033;
18139 +      P_RESPOND0  =     0.96390097368966;
18140 +      Q_RESPOND1  =     0.03609902631033;
18141 +      Q_RESPOND0  =     0.96390097368966;
18142 +      V_RESPOND1  =     0.03674786591713;
18143 +      V_RESPOND0  =     0.96325213408286;
18144 +      I_RESPOND  = '0' ;
18145 +      U_RESPOND  =                    0;
18146 +      END;
18147 +    END;
18148 +  END;
18149 +
18150 +*****  RESIDUALS R_ *************;
18151 +IF  F_RESPOND  NE '1'
18152 +AND F_RESPOND  NE '0'  THEN DO;
18153 +        R_RESPOND1  = .;
18154 +        R_RESPOND0  = .;
18155 + END;
18156 + ELSE DO;
18157 +       R_RESPOND1  =  -P_RESPOND1 ;
18158 +       R_RESPOND0  =  -P_RESPOND0 ;
18159 +       SELECT( F_RESPOND  );
18160 +          WHEN( '1'  ) R_RESPOND1  = R_RESPOND1  +1;
18161 +          WHEN( '0'  ) R_RESPOND0  = R_RESPOND0  +1;
18162 +       END;
18163 + END;
18164 +
18165 +****************************************************************;
18166 +******          END OF DECISION TREE SCORING CODE         ******;
18167 +****************************************************************;
18168 +
18169 +drop _LEAF_;
NOTE: %INCLUDE (level 1) ending.
18170  run;

NOTE: DATA STEP view saved on file EMWS4.TREE2_VALIDATE.
NOTE: A stored DATA STEP view cannot run under a different operating system.
NOTE: DATA statement used (Total process time):
      real time           0.01 seconds
      cpu time            0.01 seconds
      

18171  quit;
18172  filename emflow;
NOTE: Fileref EMFLOW has been deassigned.

NOTE: View EMWS4.TREE2_TRAIN.VIEW used (Total process time):
      real time           0.03 seconds
      cpu time            0.03 seconds
      
18174  proc sort data=WORK.EM_USER_REPORT;
18175  by ID VIEW;
18176  run;

NOTE: There were 132 observations read from the data set WORK.EM_USER_REPORT.
NOTE: The data set WORK.EM_USER_REPORT has 132 observations and 4 variables.
NOTE: PROCEDURE SORT used (Total process time):
      real time           0.00 seconds
      cpu time            0.00 seconds
      

18177  *------------------------------------------------------------*;
18178  * Tree2: Computing metadata for TRAIN data;
18179  *------------------------------------------------------------*;

NOTE: View EMWS4.TREE2_TRAIN.VIEW used (Total process time):
      real time           0.03 seconds
      cpu time            0.03 seconds
      
18872  data EMWS4.Tree2_EMINFO;
18873  length TARGET KEY $32 DATA $43;
18874  input TARGET KEY DATA $;
18875  cards;

NOTE: The data set EMWS4.TREE2_EMINFO has 3 observations and 3 variables.
NOTE: DATA statement used (Total process time):
      real time           0.00 seconds
      cpu time            0.00 seconds
      

18879  run;
18880  proc sort data = EMWS4.Tree2_EMINFO NOTHREADS;
18881  by TARGET KEY;
18882  run;

NOTE: There were 3 observations read from the data set EMWS4.TREE2_EMINFO.
NOTE: The data set EMWS4.TREE2_EMINFO has 3 observations and 3 variables.
NOTE: PROCEDURE SORT used (Total process time):
      real time           0.01 seconds
      cpu time            0.00 seconds
      

18883  proc sort data = EMWS4.Ids_EMINFO OUT=WORK.SORTEDEMINFO NOTHREADS;
18884  by TARGET KEY;
18885  run;

NOTE: There were 4 observations read from the data set EMWS4.IDS_EMINFO.
NOTE: The data set WORK.SORTEDEMINFO has 4 observations and 3 variables.
NOTE: PROCEDURE SORT used (Total process time):
      real time           0.00 seconds
      cpu time            0.00 seconds
      

18886  proc sort data = EMWS4.Tree2_EMINFO OUT=WORK.TEMP_INFO NOTHREADS;
18887  by TARGET KEY;
18888  run;

NOTE: Input data set is already sorted; it has been copied to the output data set.
NOTE: There were 3 observations read from the data set EMWS4.TREE2_EMINFO.
NOTE: The data set WORK.TEMP_INFO has 3 observations and 3 variables.
NOTE: PROCEDURE SORT used (Total process time):
      real time           0.01 seconds
      cpu time            0.01 seconds
      

18889  data EMWS4.Tree2_EMINFO;
18890  merge WORK.SORTEDEMINFO WORK.TEMP_INFO;
18891  by TARGET KEY;
18892  run;

NOTE: There were 4 observations read from the data set WORK.SORTEDEMINFO.
NOTE: There were 3 observations read from the data set WORK.TEMP_INFO.
NOTE: The data set EMWS4.TREE2_EMINFO has 5 observations and 3 variables.
NOTE: DATA statement used (Total process time):
      real time           0.00 seconds
      cpu time            0.00 seconds
      

18893  proc datasets lib=work nolist;
18894  delete TEMP_INFO SORTEDEMINFO;
18895  run;

NOTE: Deleting WORK.TEMP_INFO (memtype=DATA).
NOTE: Deleting WORK.SORTEDEMINFO (memtype=DATA).
18896  quit;

NOTE: PROCEDURE DATASETS used (Total process time):
      real time           0.00 seconds
      cpu time            0.00 seconds
      

NOTE: View EMWS4.TREE2_TRAIN.VIEW used (Total process time):
      real time           0.03 seconds
      cpu time            0.03 seconds
      
NOTE: View EMWS4.TREE2_VALIDATE.VIEW used (Total process time):
      real time           0.03 seconds
      cpu time            0.03 seconds
      
