*------------------------------------------------------------*
* Report Log
Date:                May 05, 2022
Time:                10:57:20
*------------------------------------------------------------*
12676  data EMWS4.Reg_EMOUTFIT;
12677  length TARGET $32;
12678  set EMWS4.Reg_EMESTIMATE end=eof;
12679  where (_TYPE_='PARMS');
12680  drop _STEP_--UNTLANPO;
12681  if eof then do;
12682  TARGET = "RESPOND";
12683  output;
12684  end;
12685  run;

NOTE: There were 15 observations read from the data set EMWS4.REG_EMESTIMATE.
      WHERE _TYPE_='PARMS';
NOTE: The data set EMWS4.REG_EMOUTFIT has 1 observations and 33 variables.
NOTE: DATA statement used (Total process time):
      real time           0.01 seconds
      cpu time            0.01 seconds
      

12686  data EMWS4.Reg_EMOUTFIT;
12687  set EMWS4.Reg_EMOUTFIT;
12688  length TargetLabel $200;
12689  label targetLabel = "%sysfunc(sasmsg(sashelp.dmine, meta_targetlabel_vlabel, NOQUOTE))";
12690  if upcase(TARGET) eq "RESPOND" then TargetLabel = 'response target';
12691  run;

NOTE: There were 1 observations read from the data set EMWS4.REG_EMOUTFIT.
NOTE: The data set EMWS4.REG_EMOUTFIT has 1 observations and 34 variables.
NOTE: DATA statement used (Total process time):
      real time           0.00 seconds
      cpu time            0.00 seconds
      

12692  proc sort data=EMWS4.Reg_EMREPORTFIT nothreads;
12693  by TARGET;
12694  run;

NOTE: There were 20 observations read from the data set EMWS4.REG_EMREPORTFIT.
NOTE: The data set EMWS4.REG_EMREPORTFIT has 20 observations and 7 variables.
NOTE: PROCEDURE SORT used (Total process time):
      real time           0.01 seconds
      cpu time            0.00 seconds
      

12695  %let _EMwarndup = 0;
12696  %let _EMtargetdup =;
12697  %let _EMASEtargetdup =;
12698  data _null_;
12699  set EMWS4.Reg_EMOUTFIT;
12700  if .<_ASE_<0.000001 then do;
12701  call symput('_EMwarndup', '1');
12702  call symput('_EMtargetdup', target);
12703  call symput('_EMASEtargetdup', put(_ASE_, best.));
12704  end;
12705  run;

NOTE: There were 1 observations read from the data set EMWS4.REG_EMOUTFIT.
NOTE: DATA statement used (Total process time):
      real time           0.00 seconds
      cpu time            0.00 seconds
      

12706  proc sort data=EMWS4.VarClus_CMeta_TRAIN out=WORK.SUBSETINMETA;
12707  by NAME;
12708  run;

NOTE: There were 38 observations read from the data set EMWS4.VARCLUS_CMETA_TRAIN.
NOTE: The data set WORK.SUBSETINMETA has 38 observations and 20 variables.
NOTE: PROCEDURE SORT used (Total process time):
      real time           0.00 seconds
      cpu time            0.00 seconds
      

12709  proc sort data=EMWS4.Reg_VariableSet out=WORK.SUBSETVARSET(keep=NAME REPORT);
12710  by NAME;
12711  run;

NOTE: There were 36 observations read from the data set EMWS4.REG_VARIABLESET.
NOTE: The data set WORK.SUBSETVARSET has 36 observations and 2 variables.
NOTE: PROCEDURE SORT used (Total process time):
      real time           0.01 seconds
      cpu time            0.01 seconds
      

12712  data WORK.ASSESS_META;
12713  merge WORK.SUBSETINMETA WORK.SUBSETVARSET;
12714  by NAME;
12715  run;

NOTE: There were 38 observations read from the data set WORK.SUBSETINMETA.
NOTE: There were 36 observations read from the data set WORK.SUBSETVARSET.
NOTE: The data set WORK.ASSESS_META has 38 observations and 20 variables.
NOTE: DATA statement used (Total process time):
      real time           0.00 seconds
      cpu time            0.00 seconds
      

12716  data EM_temp_assessMeta;
12717  set EMWS4.Reg_CMeta_TRAIN;
12718  where role in('DECISION', 'PREDICT', 'RESIDUAL', 'CLASSIFICATION', 'ASSESS', 'COST');
12719  run;

NOTE: There were 8 observations read from the data set EMWS4.REG_CMETA_TRAIN.
      WHERE role in ('ASSESS', 'CLASSIFICATION', 'COST', 'DECISION', 'PREDICT', 'RESIDUAL');
NOTE: The data set WORK.EM_TEMP_ASSESSMETA has 8 observations and 21 variables.
NOTE: DATA statement used (Total process time):
      real time           0.00 seconds
      cpu time            0.00 seconds
      

12720  data EM_temp_assessdata;
12721  set EMWS4.Reg_TRAIN(keep=
12722  F_RESPOND
12723  I_RESPOND
12724  P_RESPOND0
12725  P_RESPOND1
12726  R_RESPOND0
12727  R_RESPOND1
12728  U_RESPOND
12729  _WARN_
12730  RESPOND
12731  );
12732  run;

NOTE: There were 32235 observations read from the data set EMWS4.PART_TRAIN.
NOTE: View EMWS4.REG_TRAIN.VIEW used (Total process time):
      real time           0.12 seconds
      cpu time            0.14 seconds
      
NOTE: There were 32235 observations read from the data set EMWS4.VARCLUS_TRAIN.
NOTE: There were 32235 observations read from the data set EMWS4.REG_TRAIN.
NOTE: The data set WORK.EM_TEMP_ASSESSDATA has 32235 observations and 9 variables.
NOTE: DATA statement used (Total process time):
      real time           0.14 seconds
      cpu time            0.15 seconds
      
















17014  data EM_temp_assessMeta;
17015  set EMWS4.Reg_CMeta_TRAIN;
17016  where role in('DECISION', 'PREDICT', 'RESIDUAL', 'CLASSIFICATION', 'ASSESS', 'COST');
17017  run;

NOTE: There were 8 observations read from the data set EMWS4.REG_CMETA_TRAIN.
      WHERE role in ('ASSESS', 'CLASSIFICATION', 'COST', 'DECISION', 'PREDICT', 'RESIDUAL');
NOTE: The data set WORK.EM_TEMP_ASSESSMETA has 8 observations and 21 variables.
NOTE: DATA statement used (Total process time):
      real time           0.01 seconds
      cpu time            0.01 seconds
      

17018  data EM_temp_assessdata;
17019  set EMWS4.Reg_VALIDATE(keep=
17020  F_RESPOND
17021  I_RESPOND
17022  P_RESPOND0
17023  P_RESPOND1
17024  R_RESPOND0
17025  R_RESPOND1
17026  U_RESPOND
17027  _WARN_
17028  RESPOND
17029  );
17030  run;

NOTE: There were 16121 observations read from the data set EMWS4.PART_VALIDATE.
NOTE: View EMWS4.REG_VALIDATE.VIEW used (Total process time):
      real time           0.09 seconds
      cpu time            0.09 seconds
      
NOTE: There were 16121 observations read from the data set EMWS4.VARCLUS_VALIDATE.
NOTE: There were 16121 observations read from the data set EMWS4.REG_VALIDATE.
NOTE: The data set WORK.EM_TEMP_ASSESSDATA has 16121 observations and 9 variables.
NOTE: DATA statement used (Total process time):
      real time           0.11 seconds
      cpu time            0.10 seconds
      
















21321  %let _cn = %sysfunc(getoption(CENTER));
21322  options nocenter;
21323  proc print data=EMWS4.Reg_EMREPORTFIT noobs label;
21324  var STAT LABEL TRAIN
21325  VALIDATE
21326  ;
21327  by TARGET TARGETLABEL;
21328  title9 ' ';
21329  title10 "%sysfunc(sasmsg(sashelp.dmine, rpt_fitstat_title  , NOQUOTE))";
21330  run;

NOTE: There were 20 observations read from the data set EMWS4.REG_EMREPORTFIT.
NOTE: The PROCEDURE PRINT printed page 19.
NOTE: PROCEDURE PRINT used (Total process time):
      real time           0.01 seconds
      cpu time            0.01 seconds
      

21331  title10;
21332  options &_cn;

21333  proc sort data=EMWS4.Reg_EMCLASSIFICATION nothreads;
21334  by DATAROLE TARGET TARGETLABEL;
21335  run;

NOTE: There were 8 observations read from the data set EMWS4.REG_EMCLASSIFICATION.
NOTE: The data set EMWS4.REG_EMCLASSIFICATION has 8 observations and 12 variables.
NOTE: PROCEDURE SORT used (Total process time):
      real time           0.00 seconds
      cpu time            0.00 seconds
      

21336  %let _cn = %sysfunc(getoption(CENTER));
21337  options nocenter;
21338  proc print data=EMWS4.Reg_EMCLASSIFICATION noobs label;
21339  var from into pct_row pct_col count percent
21340  ;
21341  by DATAROLE TARGET TARGETLABEL;
21342  label FROM = "%sysfunc(sasmsg(sashelp.dmine, rpt_target_vlabel ,     NOQUOTE))";
21343  label INTO = "%sysfunc(sasmsg(sashelp.dmine, rpt_outcome_vlabel ,    NOQUOTE))";
21344  label PCT_ROW = "%sysfunc(sasmsg(sashelp.dmine, rpt_targetpct_vlabel ,  NOQUOTE))";
21345  label PCT_COL = "%sysfunc(sasmsg(sashelp.dmine, rpt_outcomepct_vlabel , NOQUOTE))";
21346  label COUNT = "%sysfunc(sasmsg(sashelp.dmine, rpt_count_vlabel ,      NOQUOTE))";
21347  label PERCENT = "%sysfunc(sasmsg(sashelp.dmine, rpt_totalpct_vlabel ,   NOQUOTE))";
21348  where _TYPE_='PREDICTION';
21349  title9 ' ';
21350  title10 "%sysfunc(sasmsg(sashelp.dmine, rpt_classification_title    , NOQUOTE))";
21351  run;

NOTE: There were 8 observations read from the data set EMWS4.REG_EMCLASSIFICATION.
      WHERE _TYPE_='PREDICTION';
NOTE: The PROCEDURE PRINT printed page 20.
NOTE: PROCEDURE PRINT used (Total process time):
      real time           0.01 seconds
      cpu time            0.01 seconds
      

21352  title9;
21353  title10;
21354  options &_cn;

21355  %let _cn = %sysfunc(getoption(CENTER));
21356  options nocenter;
21357  data EMWS4.Reg_EMEVENTREPORT;
21358  length DATAROLE TARGET $32 TARGETLABEL $200 FALSENEVENT TRUENEVENT FALSEEVENT TRUEEVENT 8;
21359  label DATAROLE = "%sysfunc(sasmsg(sashelp.dmine, rpt_datarole_vlabel ,    NOQUOTE))" TARGET = "%sysfunc(sasmsg(sashelp.dmine, rpt_target_vlabel ,      NOQUOTE))" TARGETLABEL = "%sysfunc(sasmsg(sashelp.dmine, meta_targetlabel_vlabel, NOQUOTE))"
21359! FALSEEVENT
21360  = "%sysfunc(sasmsg(sashelp.dmine, rpt_falseevent_vlabel ,  NOQUOTE))" FALSENEVENT = "%sysfunc(sasmsg(sashelp.dmine, rpt_falsenevent_vlabel , NOQUOTE))" TRUEEVENT = "%sysfunc(sasmsg(sashelp.dmine, rpt_trueevent_vlabel ,   NOQUOTE))" TRUENEVENT =
21361     "%sysfunc(sasmsg(sashelp.dmine, rpt_truenevent_vlabel ,  NOQUOTE))";
21362  FALSEEVENT=0;
21363  FALSENEVENT=0;
21364  TRUEEVENT=0;
21365  TRUENEVENT=0;
21366  set EMWS4.Reg_EMEVENTREPORT;
21367  run;

NOTE: There were 2 observations read from the data set EMWS4.REG_EMEVENTREPORT.
NOTE: The data set EMWS4.REG_EMEVENTREPORT has 2 observations and 7 variables.
NOTE: DATA statement used (Total process time):
      real time           0.01 seconds
      cpu time            0.01 seconds
      

21368  proc print data=EMWS4.Reg_EMEVENTREPORT noobs label;
21369  title9 ' ';
21370  title10 "%sysfunc(sasmsg(sashelp.dmine, rpt_eventtable_title    , NOQUOTE))";
21371  by notsorted DATAROLE notsorted TARGET notsorted TARGETLABEL;
21372  run;

NOTE: There were 2 observations read from the data set EMWS4.REG_EMEVENTREPORT.
NOTE: The PROCEDURE PRINT printed page 21.
NOTE: PROCEDURE PRINT used (Total process time):
      real time           0.01 seconds
      cpu time            0.01 seconds
      

21373  title10;
21374  options &_cn;

21375  proc datasets library=EMWS4 nolist;
21376  modify Reg_EMRANK;
21377  label target = "%sysfunc(sasmsg(sashelp.dmine, rpt_targetvar_vlabel ,   NOQUOTE))";
21378  label datarole = "%sysfunc(sasmsg(sashelp.dmine, rpt_datarole_vlabel ,    NOQUOTE))";
21379  run;

NOTE: MODIFY was successful for EMWS4.REG_EMRANK.DATA.
21380  quit;

NOTE: PROCEDURE DATASETS used (Total process time):
      real time           0.01 seconds
      cpu time            0.00 seconds
      

21381  %let _cn = %sysfunc(getoption(CENTER));
21382  options nocenter;
21383  proc print data=EMWS4.Reg_EMRANK label noobs;
21384  var
21385  decile gain lift liftc resp respc N _meanP_;
21386  by
21387  notsorted DATAROLE
21388  notsorted TARGET
21389  notsorted TARGETLABEL
21390  ;
21391  title9 ' ';
21392  title10 "%sysfunc(sasmsg(sashelp.dmine, rpt_scoreranking_title , NOQUOTE))";
21393  run;

NOTE: There were 40 observations read from the data set EMWS4.REG_EMRANK.
NOTE: The PROCEDURE PRINT printed page 22.
NOTE: PROCEDURE PRINT used (Total process time):
      real time           0.01 seconds
      cpu time            0.00 seconds
      

21394  title10;
21395  options &_cn;

21396  proc datasets library=EMWS4 nolist;
21397  modify Reg_EMSCOREDIST;
21398  label target = "%sysfunc(sasmsg(sashelp.dmine, rpt_targetvar_vlabel ,      NOQUOTE))";
21399  label datarole = "%sysfunc(sasmsg(sashelp.dmine, rpt_datarole_vlabel ,    NOQUOTE))";
21400  run;

NOTE: MODIFY was successful for EMWS4.REG_EMSCOREDIST.DATA.
21401  quit;

NOTE: PROCEDURE DATASETS used (Total process time):
      real time           0.01 seconds
      cpu time            0.01 seconds
      

