*------------------------------------------------------------*
* Training Log
Date:                May 05, 2022
Time:                01:09:35
*------------------------------------------------------------*
15225  proc freq data=EMWS3.EMCODE_VariableSet noprint;
15226  table ROLE*LEVEL/out=WORK.EMCODEMETA;
15227  run;

NOTE: There were 28 observations read from the data set EMWS3.EMCODE_VARIABLESET.
NOTE: The data set WORK.EMCODEMETA has 6 observations and 4 variables.
NOTE: PROCEDURE FREQ used (Total process time):
      real time           0.03 seconds
      cpu time            0.01 seconds
      

15228  proc print data=WORK.EMCODEMETA label noobs;
15229  var ROLE LEVEL COUNT;
15230  label ROLE = "%sysfunc(sasmsg(sashelp.dmine, meta_role_vlabel, NOQUOTE))" LEVEL = "%sysfunc(sasmsg(sashelp.dmine, meta_level_vlabel, NOQUOTE))" COUNT = "%sysfunc(sasmsg(sashelp.dmine, rpt_count_vlabel, NOQUOTE))";
15231  title9 ' ';
15232  title10 "%sysfunc(sasmsg(sashelp.dmine, rpt_varSummary_title  , NOQUOTE))";
15233  run;

NOTE: There were 6 observations read from the data set WORK.EMCODEMETA.
NOTE: The PROCEDURE PRINT printed page 1.
NOTE: PROCEDURE PRINT used (Total process time):
      real time           0.01 seconds
      cpu time            0.01 seconds
      

15234  title10;

15235  %let EMEXCEPTIONSTRING=;
15236  %let syscc = 0;
PERFORMANCE  DETAILS
15566  *------------------------------------------------------------*;
15567  * EMCODE: Generation of macros and macro variables;
15568  * To see the code generated, set the EM_DEBUG macro variable to SOURCE or _ALL_;
15569  *------------------------------------------------------------*;

15570  %let syscc = 0;
