*------------------------------------------------------------*
* Training Log
Date:                May 04, 2022
Time:                22:17:02
*------------------------------------------------------------*
15225  proc freq data=EMWS2.EMCODE2_VariableSet noprint;
15226  table ROLE*LEVEL/out=WORK.EMCODE2META;
15227  run;

NOTE: There were 98 observations read from the data set EMWS2.EMCODE2_VARIABLESET.
NOTE: The data set WORK.EMCODE2META has 8 observations and 4 variables.
NOTE: PROCEDURE FREQ used (Total process time):
      real time           0.04 seconds
      cpu time            0.01 seconds
      

15228  proc print data=WORK.EMCODE2META label noobs;
15229  var ROLE LEVEL COUNT;
15230  label ROLE = "%sysfunc(sasmsg(sashelp.dmine, meta_role_vlabel, NOQUOTE))" LEVEL = "%sysfunc(sasmsg(sashelp.dmine, meta_level_vlabel, NOQUOTE))" COUNT = "%sysfunc(sasmsg(sashelp.dmine, rpt_count_vlabel, NOQUOTE))";
15231  title9 ' ';
15232  title10 "%sysfunc(sasmsg(sashelp.dmine, rpt_varSummary_title  , NOQUOTE))";
15233  run;

NOTE: There were 8 observations read from the data set WORK.EMCODE2META.
NOTE: The PROCEDURE PRINT printed page 1.
NOTE: PROCEDURE PRINT used (Total process time):
      real time           0.01 seconds
      cpu time            0.01 seconds
      

15234  title10;

15235  %let EMEXCEPTIONSTRING=;
15236  %let syscc = 0;
PERFORMANCE  DETAILS
15592  *------------------------------------------------------------*;
15593  * EMCODE2: Generation of macros and macro variables;
15594  * To see the code generated, set the EM_DEBUG macro variable to SOURCE or _ALL_;
15595  *------------------------------------------------------------*;

15596  %let syscc = 0;
