NOTE: PROCEDURE PRINTTO used (Total process time):
      real time           0.00 seconds
      cpu time            0.00 seconds
      

Traverser: Traverser invoked.  MPCONNECT command is !sascmdv -nosyntaxcheck -noasynchio -noobjectserver. 
Traverser: Beginning flow traversal 
17150      data _null_;
MPRINT(EM_DIAGRAM):    data _null_;
17151      file emwipmsg;
MPRINT(EM_DIAGRAM):   file emwipmsg;
17152      put '<Node Id="Ids" Event="Update" Pid="" Gridid=""/>';
MPRINT(EM_DIAGRAM):   put '<Node Id="Ids" Event="Update" Pid="" Gridid=""/>';
17153      run;
MPRINT(EM_DIAGRAM):   run;

NOTE: The file EMWIPMSG is:
      Local Host Name=DESKTOP-IGMQS45,
      Local Host IP addr=fe80::b1d3:5519:2705:8806%15,
      Peer Hostname Name=DESKTOP-IGMQS45,
      Peer IP addr=127.0.0.1,Peer Name=N/A,
      Peer Portno=50180,Lrecl=32767,Recfm=Variable

NOTE: 1 record was written to the file EMWIPMSG.
      The minimum record length was 48.
      The maximum record length was 48.
NOTE: DATA statement used (Total process time):
      real time           0.00 seconds
      cpu time            0.00 seconds
      

17154      %let emloopmode =;
*------------------------------------------------------------* 
* 
* Ids : Beginning update before running 
* datetime : 13APR2022:14:13:39 
* 
*------------------------------------------------------------* 
MPRINT(EM_DIAGRAM):     filename _emtool_ 'C:\Users\Kyle McLester\Desktop\dsba-6201\final-project\Workspaces\EMWS2\Ids\PROPERTIES.xml' encoding="UTF-8" NOBOM;
17156      %let _HPDMGRIDHOST=;
17157      %let _HPDMGRIDINSTALLLOC=;
17158      %let _HPDMGRIDDATASERVER=;
17159      %hpdm_gridSetOPtions;
MPRINT(EM_DIAGRAM):   
MPRINT(HPDM_GRIDSETOPTIONS):   data _null_;
MPRINT(HPDM_GRIDSETOPTIONS):   length optionString string $2000;
MPRINT(HPDM_GRIDSETOPTIONS):   optionString = reverse(getoption('SET'));
MPRINT(HPDM_GRIDSETOPTIONS):   index = index(optionString, reverse('GRIDHOST'));
MPRINT(HPDM_GRIDSETOPTIONS):   if index then do;
MPRINT(HPDM_GRIDSETOPTIONS):   string = reverse(substr(optionString, 1, index-4));
MPRINT(HPDM_GRIDSETOPTIONS):   host = '"'!!strip(tranwrd(scan(string, 1, ']'), '"', ''))!!'"';
MPRINT(HPDM_GRIDSETOPTIONS):   call symput('_HPDMGRIDHOST', strip(host));
MPRINT(HPDM_GRIDSETOPTIONS):   end;
MPRINT(HPDM_GRIDSETOPTIONS):   index = index(optionString, reverse('GRIDINSTALLLOC'));
MPRINT(HPDM_GRIDSETOPTIONS):   if index then do;
MPRINT(HPDM_GRIDSETOPTIONS):   string = reverse(substr(optionString, 1, index-4));
MPRINT(HPDM_GRIDSETOPTIONS):   install = '"'!!strip(tranwrd(scan(string, 1, ']'), '"', ''))!!'"';
MPRINT(HPDM_GRIDSETOPTIONS):   call symput('_HPDMGRIDINSTALLLOC', strip(install));
MPRINT(HPDM_GRIDSETOPTIONS):   end;
MPRINT(HPDM_GRIDSETOPTIONS):   index = index(optionString, reverse('GRIDDATASERVER'));
MPRINT(HPDM_GRIDSETOPTIONS):   if index then do;
MPRINT(HPDM_GRIDSETOPTIONS):   string = reverse(substr(optionString, 1, index-4));
MPRINT(HPDM_GRIDSETOPTIONS):   server = '"'!!strip(tranwrd(scan(string, 1, ']'), '"', ''))!!'"';
MPRINT(HPDM_GRIDSETOPTIONS):   call symput('_HPDMGRIDDATASERVER', strip(server));
MPRINT(HPDM_GRIDSETOPTIONS):   end;
MPRINT(HPDM_GRIDSETOPTIONS):   run;

NOTE: DATA statement used (Total process time):
      real time           0.00 seconds
      cpu time            0.00 seconds
      

MPRINT(EM_DIAGRAM):  ;

*------------------------------------------------------------* 
* 
* Ids : End update 
* datetime : 13APR2022:14:13:39 
* 
*------------------------------------------------------------* 
17160      %let _emdsep = \;
17161      %em_getactionstatus(emlib =EMWS2, nodeid=Ids);
MPRINT(EM_DIAGRAM):   
MPRINT(EM_GETACTIONSTATUS):   proc display c=sashelp.emutil.getactionstatus.scl;
MPRINT(EM_GETACTIONSTATUS):   run;

17162      %let em_Train = N;
17163      %let em_Score = N;
17164      %let em_Report = N;
17165      %let em_Run = N;
NOTE: PROCEDURE DISPLAY used (Total process time):
      real time           0.00 seconds
      cpu time            0.00 seconds
      

MPRINT(EM_GETACTIONSTATUS):   
MPRINT(EM_DIAGRAM):  ;

17166      data _null_;
MPRINT(EM_DIAGRAM):    data _null_;
17167      file emwipmsg;
MPRINT(EM_DIAGRAM):   file emwipmsg;
17168      put '<Node Id="Ids" Event="Complete" Pid="" Gridid=""/>';
MPRINT(EM_DIAGRAM):   put '<Node Id="Ids" Event="Complete" Pid="" Gridid=""/>';
17169      run;
MPRINT(EM_DIAGRAM):   run;

NOTE: The file EMWIPMSG is:
      Local Host Name=DESKTOP-IGMQS45,
      Local Host IP addr=fe80::b1d3:5519:2705:8806%15,
      Peer Hostname Name=DESKTOP-IGMQS45,
      Peer IP addr=127.0.0.1,Peer Name=N/A,
      Peer Portno=50180,Lrecl=32767,Recfm=Variable

NOTE: 1 record was written to the file EMWIPMSG.
      The minimum record length was 50.
      The maximum record length was 50.
NOTE: DATA statement used (Total process time):
      real time           0.01 seconds
      cpu time            0.01 seconds
      

17170      data _null_;
MPRINT(EM_DIAGRAM):    data _null_;
17171      run;
MPRINT(EM_DIAGRAM):   run;

NOTE: DATA statement used (Total process time):
      real time           0.00 seconds
      cpu time            0.00 seconds
      

Node "Ids" is up to date and doesn't need to run. 
Traverser: WaitingNode "TRANS2" 
Traverser: WaitingNode "TRANS3" 
traverser_readyNode_note 
17172      data _null_;
MPRINT(EM_DIAGRAM):    data _null_;
17173      file emwipmsg;
MPRINT(EM_DIAGRAM):   file emwipmsg;
17174      put '<Node Id="Trans" Event="Update" Pid="" Gridid=""/>';
MPRINT(EM_DIAGRAM):   put '<Node Id="Trans" Event="Update" Pid="" Gridid=""/>';
17175      run;
MPRINT(EM_DIAGRAM):   run;

NOTE: The file EMWIPMSG is:
      Local Host Name=DESKTOP-IGMQS45,
      Local Host IP addr=fe80::b1d3:5519:2705:8806%15,
      Peer Hostname Name=DESKTOP-IGMQS45,
      Peer IP addr=127.0.0.1,Peer Name=N/A,
      Peer Portno=50180,Lrecl=32767,Recfm=Variable

NOTE: 1 record was written to the file EMWIPMSG.
      The minimum record length was 50.
      The maximum record length was 50.
NOTE: DATA statement used (Total process time):
      real time           0.00 seconds
      cpu time            0.00 seconds
      

17176      %let emloopmode =;
*------------------------------------------------------------* 
* 
* Trans : Beginning update before running 
* datetime : 13APR2022:14:13:39 
* 
*------------------------------------------------------------* 
MPRINT(EM_DIAGRAM):     data WORK.Trans_FILTERSET;
MPRINT(EM_DIAGRAM):   length PORT $32 USE $1;
MPRINT(EM_DIAGRAM):   DROP DELTACODE APPLYDELTA APPLYSCORE IMPORTPORT;
MPRINT(EM_DIAGRAM):   set EMWS2.Ids_exportSet ;
MPRINT(EM_DIAGRAM):   PORT = '';
MPRINT(EM_DIAGRAM):   USE = '';
MPRINT(EM_DIAGRAM):   where role in( "RAW" "TRAIN" "VALIDATE" "TEST" ) and EXPORT = 'Y' ;
MPRINT(EM_DIAGRAM):   run;
MPRINT(EM_DIAGRAM):    filename _emtool_ 'C:\Users\Kyle McLester\Desktop\dsba-6201\final-project\Workspaces\EMWS2\Trans\PROPERTIES.xml' encoding="UTF-8" NOBOM;
17196      %let _HPDMGRIDHOST=;
17197      %let _HPDMGRIDINSTALLLOC=;
17198      %let _HPDMGRIDDATASERVER=;
17199      %hpdm_gridSetOPtions;
MPRINT(EM_DIAGRAM):   
MPRINT(HPDM_GRIDSETOPTIONS):   data _null_;
MPRINT(HPDM_GRIDSETOPTIONS):   length optionString string $2000;
MPRINT(HPDM_GRIDSETOPTIONS):   optionString = reverse(getoption('SET'));
MPRINT(HPDM_GRIDSETOPTIONS):   index = index(optionString, reverse('GRIDHOST'));
MPRINT(HPDM_GRIDSETOPTIONS):   if index then do;
MPRINT(HPDM_GRIDSETOPTIONS):   string = reverse(substr(optionString, 1, index-4));
MPRINT(HPDM_GRIDSETOPTIONS):   host = '"'!!strip(tranwrd(scan(string, 1, ']'), '"', ''))!!'"';
MPRINT(HPDM_GRIDSETOPTIONS):   call symput('_HPDMGRIDHOST', strip(host));
MPRINT(HPDM_GRIDSETOPTIONS):   end;
MPRINT(HPDM_GRIDSETOPTIONS):   index = index(optionString, reverse('GRIDINSTALLLOC'));
MPRINT(HPDM_GRIDSETOPTIONS):   if index then do;
MPRINT(HPDM_GRIDSETOPTIONS):   string = reverse(substr(optionString, 1, index-4));
MPRINT(HPDM_GRIDSETOPTIONS):   install = '"'!!strip(tranwrd(scan(string, 1, ']'), '"', ''))!!'"';
MPRINT(HPDM_GRIDSETOPTIONS):   call symput('_HPDMGRIDINSTALLLOC', strip(install));
MPRINT(HPDM_GRIDSETOPTIONS):   end;
MPRINT(HPDM_GRIDSETOPTIONS):   index = index(optionString, reverse('GRIDDATASERVER'));
MPRINT(HPDM_GRIDSETOPTIONS):   if index then do;
MPRINT(HPDM_GRIDSETOPTIONS):   string = reverse(substr(optionString, 1, index-4));
MPRINT(HPDM_GRIDSETOPTIONS):   server = '"'!!strip(tranwrd(scan(string, 1, ']'), '"', ''))!!'"';
MPRINT(HPDM_GRIDSETOPTIONS):   call symput('_HPDMGRIDDATASERVER', strip(server));
MPRINT(HPDM_GRIDSETOPTIONS):   end;
MPRINT(HPDM_GRIDSETOPTIONS):   run;

NOTE: DATA statement used (Total process time):
      real time           0.00 seconds
      cpu time            0.00 seconds
      

MPRINT(EM_DIAGRAM):  ;

*------------------------------------------------------------* 
* 
* Trans : End update 
* datetime : 13APR2022:14:13:39 
* 
*------------------------------------------------------------* 
17200      %let _emdsep = \;
17201      %em_getactionstatus(emlib =EMWS2, nodeid=Trans);
MPRINT(EM_DIAGRAM):   
MPRINT(EM_GETACTIONSTATUS):   proc display c=sashelp.emutil.getactionstatus.scl;
MPRINT(EM_GETACTIONSTATUS):   run;

17202      %let em_filemodtime=;
17203      data _null_;
MPRINT(EM_GETACTIONSTATUS):   data _null_;
17204      format modate best.;
MPRINT(EM_GETACTIONSTATUS):   format modate best.;
17205      set sashelp.Vextfl;
MPRINT(EM_GETACTIONSTATUS):   set sashelp.Vextfl;
17206      where fileref eq "#LN00177";
MPRINT(EM_GETACTIONSTATUS):   where fileref eq "#LN00177";
17207      call symput('EM_FILEMODTIME', put(modate, best.));
MPRINT(EM_GETACTIONSTATUS):   call symput('EM_FILEMODTIME', put(modate, best.));
17208      run;
MPRINT(EM_GETACTIONSTATUS):   run;

NOTE: There were 1 observations read from the data set SASHELP.VEXTFL.
      WHERE fileref='#LN00177';
NOTE: DATA statement used (Total process time):
      real time           0.01 seconds
      cpu time            0.01 seconds
      

17209      %symdel em_filemodtime;
WARNING: Attempt to delete macro variable EM_FILEMODTIME failed. Variable not found.
17210      %let em_filemodtime=;
17211      data _null_;
MPRINT(EM_GETACTIONSTATUS):     data _null_;
17212      format modate best.;
MPRINT(EM_GETACTIONSTATUS):   format modate best.;
17213      set sashelp.Vextfl;
MPRINT(EM_GETACTIONSTATUS):   set sashelp.Vextfl;
17214      where fileref eq "#LN00178";
MPRINT(EM_GETACTIONSTATUS):   where fileref eq "#LN00178";
17215      call symput('EM_FILEMODTIME', put(modate, best.));
MPRINT(EM_GETACTIONSTATUS):   call symput('EM_FILEMODTIME', put(modate, best.));
17216      run;
MPRINT(EM_GETACTIONSTATUS):   run;

NOTE: There were 1 observations read from the data set SASHELP.VEXTFL.
      WHERE fileref='#LN00178';
NOTE: DATA statement used (Total process time):
      real time           0.00 seconds
      cpu time            0.00 seconds
      

17217      %symdel em_filemodtime;
WARNING: Attempt to delete macro variable EM_FILEMODTIME failed. Variable not found.
17218      %let em_Train = N;
17219      %let em_Score = N;
17220      %let em_Report = N;
17221      %let em_Run = N;
NOTE: PROCEDURE DISPLAY used (Total process time):
      real time           0.01 seconds
      cpu time            0.01 seconds
      

MPRINT(EM_GETACTIONSTATUS):     
MPRINT(EM_DIAGRAM):  ;

17222      data _null_;
MPRINT(EM_DIAGRAM):    data _null_;
17223      file emwipmsg;
MPRINT(EM_DIAGRAM):   file emwipmsg;
17224      put '<Node Id="Trans" Event="Complete" Pid="" Gridid=""/>';
MPRINT(EM_DIAGRAM):   put '<Node Id="Trans" Event="Complete" Pid="" Gridid=""/>';
17225      run;
MPRINT(EM_DIAGRAM):   run;

NOTE: The file EMWIPMSG is:
      Local Host Name=DESKTOP-IGMQS45,
      Local Host IP addr=fe80::b1d3:5519:2705:8806%15,
      Peer Hostname Name=DESKTOP-IGMQS45,
      Peer IP addr=127.0.0.1,Peer Name=N/A,
      Peer Portno=50180,Lrecl=32767,Recfm=Variable

NOTE: 1 record was written to the file EMWIPMSG.
      The minimum record length was 52.
      The maximum record length was 52.
NOTE: DATA statement used (Total process time):
      real time           0.01 seconds
      cpu time            0.01 seconds
      

17226      data _null_;
MPRINT(EM_DIAGRAM):    data _null_;
17227      run;
MPRINT(EM_DIAGRAM):   run;

NOTE: DATA statement used (Total process time):
      real time           0.00 seconds
      cpu time            0.00 seconds
      

Node "Trans" is up to date and doesn't need to run. 
Traverser: WaitingNode "TRANS3" 
traverser_readyNode_note 
17228      data _null_;
MPRINT(EM_DIAGRAM):    data _null_;
17229      file emwipmsg;
MPRINT(EM_DIAGRAM):   file emwipmsg;
17230      put '<Node Id="Trans2" Event="Update" Pid="" Gridid=""/>';
MPRINT(EM_DIAGRAM):   put '<Node Id="Trans2" Event="Update" Pid="" Gridid=""/>';
17231      run;
MPRINT(EM_DIAGRAM):   run;

NOTE: The file EMWIPMSG is:
      Local Host Name=DESKTOP-IGMQS45,
      Local Host IP addr=fe80::b1d3:5519:2705:8806%15,
      Peer Hostname Name=DESKTOP-IGMQS45,
      Peer IP addr=127.0.0.1,Peer Name=N/A,
      Peer Portno=50180,Lrecl=32767,Recfm=Variable

NOTE: 1 record was written to the file EMWIPMSG.
      The minimum record length was 51.
      The maximum record length was 51.
NOTE: DATA statement used (Total process time):
      real time           0.00 seconds
      cpu time            0.00 seconds
      

17232      %let emloopmode =;
*------------------------------------------------------------* 
* 
* Trans2 : Beginning update before running 
* datetime : 13APR2022:14:13:40 
* 
*------------------------------------------------------------* 
MPRINT(EM_DIAGRAM):     data WORK.Trans2_FILTERSET;
MPRINT(EM_DIAGRAM):   length PORT $32 USE $1;
MPRINT(EM_DIAGRAM):   DROP DELTACODE APPLYDELTA APPLYSCORE IMPORTPORT;
MPRINT(EM_DIAGRAM):   set EMWS2.Trans_exportSet ;
MPRINT(EM_DIAGRAM):   PORT = '';
MPRINT(EM_DIAGRAM):   USE = '';
MPRINT(EM_DIAGRAM):   where role in( "RAW" "TRAIN" "VALIDATE" "TEST" ) and EXPORT = 'Y' ;
MPRINT(EM_DIAGRAM):   run;
MPRINT(EM_DIAGRAM):    filename _emtool_ 'C:\Users\Kyle McLester\Desktop\dsba-6201\final-project\Workspaces\EMWS2\Trans2\PROPERTIES.xml' encoding="UTF-8" NOBOM;
17252      %let _HPDMGRIDHOST=;
17253      %let _HPDMGRIDINSTALLLOC=;
17254      %let _HPDMGRIDDATASERVER=;
17255      %hpdm_gridSetOPtions;
MPRINT(EM_DIAGRAM):   
MPRINT(HPDM_GRIDSETOPTIONS):   data _null_;
MPRINT(HPDM_GRIDSETOPTIONS):   length optionString string $2000;
MPRINT(HPDM_GRIDSETOPTIONS):   optionString = reverse(getoption('SET'));
MPRINT(HPDM_GRIDSETOPTIONS):   index = index(optionString, reverse('GRIDHOST'));
MPRINT(HPDM_GRIDSETOPTIONS):   if index then do;
MPRINT(HPDM_GRIDSETOPTIONS):   string = reverse(substr(optionString, 1, index-4));
MPRINT(HPDM_GRIDSETOPTIONS):   host = '"'!!strip(tranwrd(scan(string, 1, ']'), '"', ''))!!'"';
MPRINT(HPDM_GRIDSETOPTIONS):   call symput('_HPDMGRIDHOST', strip(host));
MPRINT(HPDM_GRIDSETOPTIONS):   end;
MPRINT(HPDM_GRIDSETOPTIONS):   index = index(optionString, reverse('GRIDINSTALLLOC'));
MPRINT(HPDM_GRIDSETOPTIONS):   if index then do;
MPRINT(HPDM_GRIDSETOPTIONS):   string = reverse(substr(optionString, 1, index-4));
MPRINT(HPDM_GRIDSETOPTIONS):   install = '"'!!strip(tranwrd(scan(string, 1, ']'), '"', ''))!!'"';
MPRINT(HPDM_GRIDSETOPTIONS):   call symput('_HPDMGRIDINSTALLLOC', strip(install));
MPRINT(HPDM_GRIDSETOPTIONS):   end;
MPRINT(HPDM_GRIDSETOPTIONS):   index = index(optionString, reverse('GRIDDATASERVER'));
MPRINT(HPDM_GRIDSETOPTIONS):   if index then do;
MPRINT(HPDM_GRIDSETOPTIONS):   string = reverse(substr(optionString, 1, index-4));
MPRINT(HPDM_GRIDSETOPTIONS):   server = '"'!!strip(tranwrd(scan(string, 1, ']'), '"', ''))!!'"';
MPRINT(HPDM_GRIDSETOPTIONS):   call symput('_HPDMGRIDDATASERVER', strip(server));
MPRINT(HPDM_GRIDSETOPTIONS):   end;
MPRINT(HPDM_GRIDSETOPTIONS):   run;

NOTE: DATA statement used (Total process time):
      real time           0.00 seconds
      cpu time            0.00 seconds
      

MPRINT(EM_DIAGRAM):  ;

*------------------------------------------------------------* 
* 
* Trans2 : End update 
* datetime : 13APR2022:14:13:40 
* 
*------------------------------------------------------------* 
17256      %let _emdsep = \;
17257      %em_getactionstatus(emlib =EMWS2, nodeid=Trans2);
MPRINT(EM_DIAGRAM):   
MPRINT(EM_GETACTIONSTATUS):   proc display c=sashelp.emutil.getactionstatus.scl;
MPRINT(EM_GETACTIONSTATUS):   run;

17258      %let em_filemodtime=;
17259      data _null_;
MPRINT(EM_GETACTIONSTATUS):   data _null_;
17260      format modate best.;
MPRINT(EM_GETACTIONSTATUS):   format modate best.;
17261      set sashelp.Vextfl;
MPRINT(EM_GETACTIONSTATUS):   set sashelp.Vextfl;
17262      where fileref eq "#LN00204";
MPRINT(EM_GETACTIONSTATUS):   where fileref eq "#LN00204";
17263      call symput('EM_FILEMODTIME', put(modate, best.));
MPRINT(EM_GETACTIONSTATUS):   call symput('EM_FILEMODTIME', put(modate, best.));
17264      run;
MPRINT(EM_GETACTIONSTATUS):   run;

NOTE: There were 1 observations read from the data set SASHELP.VEXTFL.
      WHERE fileref='#LN00204';
NOTE: DATA statement used (Total process time):
      real time           0.00 seconds
      cpu time            0.00 seconds
      

17265      %symdel em_filemodtime;
WARNING: Attempt to delete macro variable EM_FILEMODTIME failed. Variable not found.
17266      %let em_filemodtime=;
17267      data _null_;
MPRINT(EM_GETACTIONSTATUS):     data _null_;
17268      format modate best.;
MPRINT(EM_GETACTIONSTATUS):   format modate best.;
17269      set sashelp.Vextfl;
MPRINT(EM_GETACTIONSTATUS):   set sashelp.Vextfl;
17270      where fileref eq "#LN00205";
MPRINT(EM_GETACTIONSTATUS):   where fileref eq "#LN00205";
17271      call symput('EM_FILEMODTIME', put(modate, best.));
MPRINT(EM_GETACTIONSTATUS):   call symput('EM_FILEMODTIME', put(modate, best.));
17272      run;
MPRINT(EM_GETACTIONSTATUS):   run;

NOTE: There were 1 observations read from the data set SASHELP.VEXTFL.
      WHERE fileref='#LN00205';
NOTE: DATA statement used (Total process time):
      real time           0.01 seconds
      cpu time            0.01 seconds
      

17273      %symdel em_filemodtime;
WARNING: Attempt to delete macro variable EM_FILEMODTIME failed. Variable not found.
17274      %let em_filemodtime=;
17275      data _null_;
MPRINT(EM_GETACTIONSTATUS):     data _null_;
17276      format modate best.;
MPRINT(EM_GETACTIONSTATUS):   format modate best.;
17277      set sashelp.Vextfl;
MPRINT(EM_GETACTIONSTATUS):   set sashelp.Vextfl;
17278      where fileref eq "#LN00206";
MPRINT(EM_GETACTIONSTATUS):   where fileref eq "#LN00206";
17279      call symput('EM_FILEMODTIME', put(modate, best.));
MPRINT(EM_GETACTIONSTATUS):   call symput('EM_FILEMODTIME', put(modate, best.));
17280      run;
MPRINT(EM_GETACTIONSTATUS):   run;

NOTE: There were 1 observations read from the data set SASHELP.VEXTFL.
      WHERE fileref='#LN00206';
NOTE: DATA statement used (Total process time):
      real time           0.00 seconds
      cpu time            0.00 seconds
      

17281      %symdel em_filemodtime;
WARNING: Attempt to delete macro variable EM_FILEMODTIME failed. Variable not found.
17282      %let em_Train = N;
17283      %let em_Score = N;
17284      %let em_Report = N;
17285      %let em_Run = N;
NOTE: PROCEDURE DISPLAY used (Total process time):
      real time           0.03 seconds
      cpu time            0.03 seconds
      

MPRINT(EM_GETACTIONSTATUS):     
MPRINT(EM_DIAGRAM):  ;

17286      data _null_;
MPRINT(EM_DIAGRAM):    data _null_;
17287      file emwipmsg;
MPRINT(EM_DIAGRAM):   file emwipmsg;
17288      put '<Node Id="Trans2" Event="Complete" Pid="" Gridid=""/>';
MPRINT(EM_DIAGRAM):   put '<Node Id="Trans2" Event="Complete" Pid="" Gridid=""/>';
17289      run;
MPRINT(EM_DIAGRAM):   run;

NOTE: The file EMWIPMSG is:
      Local Host Name=DESKTOP-IGMQS45,
      Local Host IP addr=fe80::b1d3:5519:2705:8806%15,
      Peer Hostname Name=DESKTOP-IGMQS45,
      Peer IP addr=127.0.0.1,Peer Name=N/A,
      Peer Portno=50180,Lrecl=32767,Recfm=Variable

NOTE: 1 record was written to the file EMWIPMSG.
      The minimum record length was 53.
      The maximum record length was 53.
NOTE: DATA statement used (Total process time):
      real time           0.01 seconds
      cpu time            0.01 seconds
      

17290      data _null_;
MPRINT(EM_DIAGRAM):    data _null_;
17291      run;
MPRINT(EM_DIAGRAM):   run;

NOTE: DATA statement used (Total process time):
      real time           0.00 seconds
      cpu time            0.00 seconds
      

Node "Trans2" is up to date and doesn't need to run. 
traverser_readyNode_note 
17292      data _null_;
MPRINT(EM_DIAGRAM):    data _null_;
17293      file emwipmsg;
MPRINT(EM_DIAGRAM):   file emwipmsg;
17294      put '<Node Id="Trans3" Event="Update" Pid="" Gridid=""/>';
MPRINT(EM_DIAGRAM):   put '<Node Id="Trans3" Event="Update" Pid="" Gridid=""/>';
17295      run;
MPRINT(EM_DIAGRAM):   run;

NOTE: The file EMWIPMSG is:
      Local Host Name=DESKTOP-IGMQS45,
      Local Host IP addr=fe80::b1d3:5519:2705:8806%15,
      Peer Hostname Name=DESKTOP-IGMQS45,
      Peer IP addr=127.0.0.1,Peer Name=N/A,
      Peer Portno=50180,Lrecl=32767,Recfm=Variable

NOTE: 1 record was written to the file EMWIPMSG.
      The minimum record length was 51.
      The maximum record length was 51.
NOTE: DATA statement used (Total process time):
      real time           0.00 seconds
      cpu time            0.00 seconds
      

17296      %let emloopmode =;
*------------------------------------------------------------* 
* 
* Trans3 : Beginning update before running 
* datetime : 13APR2022:14:13:41 
* 
*------------------------------------------------------------* 
MPRINT(EM_DIAGRAM):     data WORK.Trans3_FILTERSET;
MPRINT(EM_DIAGRAM):   length PORT $32 USE $1;
MPRINT(EM_DIAGRAM):   DROP DELTACODE APPLYDELTA APPLYSCORE IMPORTPORT;
MPRINT(EM_DIAGRAM):   set EMWS2.Trans2_exportSet ;
MPRINT(EM_DIAGRAM):   PORT = '';
MPRINT(EM_DIAGRAM):   USE = '';
MPRINT(EM_DIAGRAM):   where role in( "RAW" "TRAIN" "VALIDATE" "TEST" ) and EXPORT = 'Y' ;
MPRINT(EM_DIAGRAM):   run;
MPRINT(EM_DIAGRAM):    filename _emtool_ 'C:\Users\Kyle McLester\Desktop\dsba-6201\final-project\Workspaces\EMWS2\Trans3\PROPERTIES.xml' encoding="UTF-8" NOBOM;
17316      %let _HPDMGRIDHOST=;
17317      %let _HPDMGRIDINSTALLLOC=;
17318      %let _HPDMGRIDDATASERVER=;
17319      %hpdm_gridSetOPtions;
MPRINT(EM_DIAGRAM):   
MPRINT(HPDM_GRIDSETOPTIONS):   data _null_;
MPRINT(HPDM_GRIDSETOPTIONS):   length optionString string $2000;
MPRINT(HPDM_GRIDSETOPTIONS):   optionString = reverse(getoption('SET'));
MPRINT(HPDM_GRIDSETOPTIONS):   index = index(optionString, reverse('GRIDHOST'));
MPRINT(HPDM_GRIDSETOPTIONS):   if index then do;
MPRINT(HPDM_GRIDSETOPTIONS):   string = reverse(substr(optionString, 1, index-4));
MPRINT(HPDM_GRIDSETOPTIONS):   host = '"'!!strip(tranwrd(scan(string, 1, ']'), '"', ''))!!'"';
MPRINT(HPDM_GRIDSETOPTIONS):   call symput('_HPDMGRIDHOST', strip(host));
MPRINT(HPDM_GRIDSETOPTIONS):   end;
MPRINT(HPDM_GRIDSETOPTIONS):   index = index(optionString, reverse('GRIDINSTALLLOC'));
MPRINT(HPDM_GRIDSETOPTIONS):   if index then do;
MPRINT(HPDM_GRIDSETOPTIONS):   string = reverse(substr(optionString, 1, index-4));
MPRINT(HPDM_GRIDSETOPTIONS):   install = '"'!!strip(tranwrd(scan(string, 1, ']'), '"', ''))!!'"';
MPRINT(HPDM_GRIDSETOPTIONS):   call symput('_HPDMGRIDINSTALLLOC', strip(install));
MPRINT(HPDM_GRIDSETOPTIONS):   end;
MPRINT(HPDM_GRIDSETOPTIONS):   index = index(optionString, reverse('GRIDDATASERVER'));
MPRINT(HPDM_GRIDSETOPTIONS):   if index then do;
MPRINT(HPDM_GRIDSETOPTIONS):   string = reverse(substr(optionString, 1, index-4));
MPRINT(HPDM_GRIDSETOPTIONS):   server = '"'!!strip(tranwrd(scan(string, 1, ']'), '"', ''))!!'"';
MPRINT(HPDM_GRIDSETOPTIONS):   call symput('_HPDMGRIDDATASERVER', strip(server));
MPRINT(HPDM_GRIDSETOPTIONS):   end;
MPRINT(HPDM_GRIDSETOPTIONS):   run;

NOTE: DATA statement used (Total process time):
      real time           0.00 seconds
      cpu time            0.00 seconds
      

MPRINT(EM_DIAGRAM):  ;

*------------------------------------------------------------* 
* 
* Trans3 : End update 
* datetime : 13APR2022:14:13:41 
* 
*------------------------------------------------------------* 
17320      %let _emdsep = \;
17321      %em_getactionstatus(emlib =EMWS2, nodeid=Trans3);
MPRINT(EM_DIAGRAM):   
MPRINT(EM_GETACTIONSTATUS):   proc display c=sashelp.emutil.getactionstatus.scl;
MPRINT(EM_GETACTIONSTATUS):   run;

17322      %let em_Train = Y;
17323      %let em_Report = Y;
17324      %let em_Score = Y;
17325      %let em_Run = Y;
NOTE: PROCEDURE DISPLAY used (Total process time):
      real time           0.01 seconds
      cpu time            0.01 seconds
      

MPRINT(EM_GETACTIONSTATUS):   
MPRINT(EM_DIAGRAM):  ;

17326      data _null_;
MPRINT(EM_DIAGRAM):    data _null_;
17327      file emwipmsg;
MPRINT(EM_DIAGRAM):   file emwipmsg;
17328      put '<Node Id="Trans3" Event="Run" Pid="" Gridid=""/>';
MPRINT(EM_DIAGRAM):   put '<Node Id="Trans3" Event="Run" Pid="" Gridid=""/>';
17329      run;
MPRINT(EM_DIAGRAM):   run;

NOTE: The file EMWIPMSG is:
      Local Host Name=DESKTOP-IGMQS45,
      Local Host IP addr=fe80::b1d3:5519:2705:8806%15,
      Peer Hostname Name=DESKTOP-IGMQS45,
      Peer IP addr=127.0.0.1,Peer Name=N/A,
      Peer Portno=50180,Lrecl=32767,Recfm=Variable

NOTE: 1 record was written to the file EMWIPMSG.
      The minimum record length was 48.
      The maximum record length was 48.
NOTE: DATA statement used (Total process time):
      real time           0.00 seconds
      cpu time            0.00 seconds
      

17330      options sascmd="!sascmdv -nosyntaxcheck -noasynchio -noobjectserver";
MPRINT(EM_DIAGRAM):    options sascmd="!sascmdv -nosyntaxcheck -noasynchio -noobjectserver";
17331      %let SYSCC=0;
17332      signon C2GFYHPJ macvar=C2GFYHPJ;
MPRINT(EM_DIAGRAM):   signon macvar=C2GFYHPJ;
WARNING: TCP Access method tracing is enabled.
NOTE: Default SASCMD value being used is: "C:\Program Files\SASHome\SASFoundation\9.4\SAS.EXE" -nologo -noterminal -noxcmd   -sspi -secpackage NTLM  -xcmd.
NOTE: Remote signon to C2GFYHPJ commencing (SAS Release 9.04.01M6P111518).
NOTE: Unable to open SASUSER.PROFILE. WORK.PROFILE will be opened instead.
NOTE: All profile changes will be lost at the end of the session.
NOTE: Copyright (c) 2016 by SAS Institute Inc., Cary, NC, USA. 
NOTE: SAS (r) Proprietary Software 9.4 (TS1M6) 
      Licensed to UNIVERSITY OF NORTH CAROLINA CHARLOTTE - SFA T&R, Site 70080897.
NOTE: This session is executing on the X64_10HOME  platform.



NOTE: Analytical products:
      
      SAS/STAT 15.1
      SAS/ETS 15.1
      SAS/IML 15.1
      SAS/QC 15.1

NOTE: Additional host information:

 X64_10HOME WIN 10.0.19041  Workstation

NOTE: SAS initialization used:
      real time           0.37 seconds
      cpu time            0.29 seconds
      
NOTE: Remote signon to C2GFYHPJ complete.
17333      rsubmit C2GFYHPJ wait=N persist=N  ;
MPRINT(EM_DIAGRAM):    rsubmit wait=N persist=N ;
The SAS System

NOTE: Background remote submit to C2GFYHPJ in progress.
NOTE: Remote submit to C2GFYHPJ commencing.
MPRINT(EM_DIAGRAM):   %global emexceptionstring emloopmode emloopnumber;
MPRINT(EM_DIAGRAM):   %let EMUSERID = %nrbquote(Kyle McLester);
MPRINT(EM_DIAGRAM):   %let EMLDSPATH = %nrstr(C:\Users\Kyle McLester\Desktop\dsba-6201\final-project\DataSources);
MPRINT(EM_DIAGRAM):   %let EMFLOWMODE = Y;
MPRINT(EM_DIAGRAM):   %let EMONODE = %bquote(Trans3);
MPRINT(EM_DIAGRAM):   %let EMPATH = %nrstr(C:\Users\Kyle McLester\Desktop\dsba-6201\final-project\Workspaces\EMWS2);
MPRINT(EM_DIAGRAM):   %let EMWS = EMWS2;
MPRINT(EM_DIAGRAM):   %let EMNODECLASS = SASHELP.EMMDFY.EMTRANS.CLASS;
MPRINT(EM_DIAGRAM):   %let EMSTATUSDIR = %nrstr(C:\Users\Kyle McLester\Desktop\dsba-6201\final-project\Workspaces\EMWS2\System);
MPRINT(EM_DIAGRAM):   %let EM_DEBUG =;
MPRINT(EM_DIAGRAM):   %let EMPROJECTCODE = %nrstr(C:\Users\Kyle McLester\Desktop\dsba-6201\final-project\System\STARTUP.sas);
MPRINT(EM_DIAGRAM):   %let EMSERVERCODE = %nrstr();
MPRINT(EM_DIAGRAM):   %let EM_USERID = %nrbquote(Kyle McLester);
MPRINT(EM_DIAGRAM):   %let EM_METAHOST =;
MPRINT(EM_DIAGRAM):   %let EM_METAPORT =;
MPRINT(EM_DIAGRAM):   %let EM_JAVAPACKAGE = %bquote();
MPRINT(EM_DIAGRAM):   %let EMPROJECTPATH = %nrstr(C:\Users\Kyle McLester\Desktop\dsba-6201\final-project);
MPRINT(EM_DIAGRAM):   %let EMPROJNAME = %nrstr(final-project);
MPRINT(EM_DIAGRAM):   %let EMPROJPATH = %nrstr(C:\Users\Kyle McLester\Desktop\dsba-6201);
MPRINT(EM_DIAGRAM):   %let em_Train = Y;
MPRINT(EM_DIAGRAM):   %let em_Score = Y;
MPRINT(EM_DIAGRAM):   %let em_Report = Y;
MPRINT(EM_DIAGRAM):   %let emloopmode =;
MPRINT(EM_DIAGRAM):   %let emloopnumber =0;
MPRINT(EM_DIAGRAM):   %let emloopId =Trans3;
MPRINT(EM_DIAGRAM):   %let emexceptionstring=;
MPRINT(EM_DIAGRAM):   options VBUFSIZE= 64M;
MPRINT(EM_DIAGRAM):   %em5run();
MPRINT(EM_DIAGRAM):   %put &&emexceptionstring;
MPRINT(EM_DIAGRAM):   %sysrput emerror_Trans3 = &&emexceptionstring;
MPRINT(EM_DIAGRAM):   %put &&emloopmode;
MPRINT(EM_DIAGRAM):   %sysrput emloopmode_Trans3 = &&emloopmode;
MPRINT(EM_DIAGRAM):   endrsubmit;
17334      data _null_;
MPRINT(EM_DIAGRAM):    data _null_;
17335      file emwipmsg;
MPRINT(EM_DIAGRAM):   file emwipmsg;
17336      put '<Node Id="Trans3" Event="Run" Pid=" " Gridid=""/>';
MPRINT(EM_DIAGRAM):   put '<Node Id="Trans3" Event="Run" Pid=" " Gridid=""/>';
17337      run;
MPRINT(EM_DIAGRAM):   run;

NOTE: The file EMWIPMSG is:
      Local Host Name=DESKTOP-IGMQS45,
      Local Host IP addr=fe80::b1d3:5519:2705:8806%15,
      Peer Hostname Name=DESKTOP-IGMQS45,
      Peer IP addr=127.0.0.1,Peer Name=N/A,
      Peer Portno=50180,Lrecl=32767,Recfm=Variable

NOTE: 1 record was written to the file EMWIPMSG.
      The minimum record length was 49.
      The maximum record length was 49.
NOTE: DATA statement used (Total process time):
      real time           0.00 seconds
      cpu time            0.00 seconds
      

17338      data _null_;
MPRINT(EM_DIAGRAM):    data _null_;
17339      run;
MPRINT(EM_DIAGRAM):   run;

NOTE: DATA statement used (Total process time):
      real time           0.01 seconds
      cpu time            0.01 seconds
      

traverser_runningNode_note 
17340      data _null_;
MPRINT(EM_DIAGRAM):    data _null_;
17341      run;
MPRINT(EM_DIAGRAM):   run;

NOTE: DATA statement used (Total process time):
      real time           0.00 seconds
      cpu time            0.00 seconds
      

traverser_runningNode_note 
17342      data _null_;
MPRINT(EM_DIAGRAM):    data _null_;
17343      run;
MPRINT(EM_DIAGRAM):   run;

NOTE: DATA statement used (Total process time):
      real time           0.00 seconds
      cpu time            0.00 seconds
      

traverser_runningNode_note 
17344      data _null_;
MPRINT(EM_DIAGRAM):    data _null_;
17345      run;
MPRINT(EM_DIAGRAM):   run;

NOTE: DATA statement used (Total process time):
      real time           0.00 seconds
      cpu time            0.00 seconds
      

traverser_runningNode_note 
17346      data _null_;
MPRINT(EM_DIAGRAM):    data _null_;
17347      run;
MPRINT(EM_DIAGRAM):   run;

NOTE: DATA statement used (Total process time):
      real time           0.00 seconds
      cpu time            0.00 seconds
      

traverser_runningNode_note 
17348      data _null_;
MPRINT(EM_DIAGRAM):    data _null_;
17349      run;
MPRINT(EM_DIAGRAM):   run;

NOTE: DATA statement used (Total process time):
      real time           0.00 seconds
      cpu time            0.00 seconds
      

traverser_runningNode_note 
17350      data _null_;
MPRINT(EM_DIAGRAM):    data _null_;
17351      run;
MPRINT(EM_DIAGRAM):   run;

NOTE: DATA statement used (Total process time):
      real time           0.00 seconds
      cpu time            0.00 seconds
      

traverser_runningNode_note 
17352      data _null_;
MPRINT(EM_DIAGRAM):    data _null_;
17353      run;
MPRINT(EM_DIAGRAM):   run;

NOTE: DATA statement used (Total process time):
      real time           0.00 seconds
      cpu time            0.00 seconds
      

1     %global emexceptionstring emloopmode emloopnumber;
2     %let EMUSERID = %nrbquote(Kyle McLester);
3     %let EMLDSPATH = %nrstr(C:\Users\Kyle McLester\Desktop\dsba-6201\final-project\DataSources);
4     %let EMFLOWMODE = Y;
5     %let EMONODE = %bquote(Trans3);
6     %let EMPATH = %nrstr(C:\Users\Kyle McLester\Desktop\dsba-6201\final-project\Workspaces\EMWS2);
7     %let EMWS = EMWS2;
8     %let EMNODECLASS = SASHELP.EMMDFY.EMTRANS.CLASS;
9     %let EMSTATUSDIR = %nrstr(C:\Users\Kyle McLester\Desktop\dsba-6201\final-project\Workspaces\EMWS2\System);
10    %let EM_DEBUG =;
11    %let EMPROJECTCODE = %nrstr(C:\Users\Kyle McLester\Desktop\dsba-6201\final-project\System\STARTUP.sas);
12    %let EMSERVERCODE = %nrstr();
13    %let EM_USERID = %nrbquote(Kyle McLester);
14    %let EM_METAHOST =;
15    %let EM_METAPORT =;
16    %let EM_JAVAPACKAGE = %bquote();
17    %let EMPROJECTPATH = %nrstr(C:\Users\Kyle McLester\Desktop\dsba-6201\final-project);
18    %let EMPROJNAME = %nrstr(final-project);
19    %let EMPROJPATH = %nrstr(C:\Users\Kyle McLester\Desktop\dsba-6201);
20    %let em_Train = Y;
21    %let em_Score = Y;
22    %let em_Report = Y;
23    %let emloopmode =;
24    %let emloopnumber =0;
25    %let emloopId =Trans3;
26    %let emexceptionstring=;
27    options VBUFSIZE= 64M;
28    %em5run();

*------------------------------------------------------------* 
* 
* Trans3 : Running 
* datetime : 13APR2022:14:13:42 
* 
*------------------------------------------------------------* 
6575   %let SYSCC =0;
6576   %let EMGROUPMODE =;
6577   %let EMGROUPID =;
12875  data EMWS2.Trans3_EMTRAINVARIABLE;
12876  length NAME $64;
12877  set EMWS2.Trans3_VariableSet;
12878  label NAME = "%sysfunc(sasmsg(sashelp.dmine, meta_name_vlabel, NOQUOTE))" ROLE = "%sysfunc(sasmsg(sashelp.dmine, meta_role_vlabel, NOQUOTE))" LEVEL = "%sysfunc(sasmsg(sashelp.dmine, meta_level_vlabel, NOQUOTE))" ORDER =
12879     "%sysfunc(sasmsg(sashelp.dmine, meta_order_vlabel, NOQUOTE))" LABEL = "%sysfunc(sasmsg(sashelp.dmine, meta_label_vlabel, NOQUOTE))";
12880  label METHOD = "%sysfunc(sasmsg(sashelp.dmine, META_METHOD_VLABEL, NOQUOTE))";
12881  label NUMBINS = "%sysfunc(sasmsg(sashelp.dmine, META_NUMBINS_VLABEL, NOQUOTE))";
12882  drop lowerlimit upperlimit creator--type format--length;
12883  run;

NOTE: There were 97 observations read from the data set EMWS2.TRANS3_VARIABLESET.
NOTE: The data set EMWS2.TRANS3_EMTRAINVARIABLE has 97 observations and 7 variables.
NOTE: DATA statement used (Total process time):
      real time           0.01 seconds
      cpu time            0.01 seconds
      

12884  %let emexceptionstring =;
*------------------------------------------------------------* 
* 
* Trans3 : End run 
* datetime : 13APR2022:14:13:45 
* 
*------------------------------------------------------------* 
NOTE: The PROCEDURE DISPLAY printed pages 1-2.
NOTE: PROCEDURE DISPLAY used (Total process time):
      real time           4.00 seconds
      cpu time            3.46 seconds
      

12887   %put &&emexceptionstring;
 
12888   %sysrput emerror_Trans3 = &&emexceptionstring;
12889   %put &&emloopmode;
 
12890   %sysrput emloopmode_Trans3 = &&emloopmode;
NOTE: Remote submit to C2GFYHPJ complete.
NOTE: Remote signoff from C2GFYHPJ commencing.
NOTE: SAS Institute Inc., SAS Campus Drive, Cary, NC USA 27513-2414
NOTE: The SAS System used:
      real time           4.51 seconds
      cpu time            3.79 seconds
      
traverser_runningNode_note 
17354      data _null_;
MPRINT(EM_DIAGRAM):    data _null_;
17355      run;
MPRINT(EM_DIAGRAM):   run;

NOTE: DATA statement used (Total process time):
      real time           0.00 seconds
      cpu time            0.00 seconds
      

Node "Trans3" ran. 
MPRINT(EM_DIAGRAM):    filename _emtool_ 'C:\Users\Kyle McLester\Desktop\dsba-6201\final-project\Workspaces\EMWS2\Trans3\TRAINPROPERTIES.xml' encoding="UTF-8" NOBOM;
Node "Trans3" succeeded. 
17357      data _null_;
MPRINT(EM_DIAGRAM):    data _null_;
17358      file emwipmsg;
MPRINT(EM_DIAGRAM):   file emwipmsg;
17359      put '<Node Id="Trans3" Event="Complete" Pid="4728" Gridid=""/>';
MPRINT(EM_DIAGRAM):   put '<Node Id="Trans3" Event="Complete" Pid="4728" Gridid=""/>';
17360      run;
MPRINT(EM_DIAGRAM):   run;

NOTE: The file EMWIPMSG is:
      Local Host Name=DESKTOP-IGMQS45,
      Local Host IP addr=fe80::b1d3:5519:2705:8806%15,
      Peer Hostname Name=DESKTOP-IGMQS45,
      Peer IP addr=127.0.0.1,Peer Name=N/A,
      Peer Portno=50180,Lrecl=32767,Recfm=Variable

NOTE: 1 record was written to the file EMWIPMSG.
      The minimum record length was 57.
      The maximum record length was 57.
NOTE: DATA statement used (Total process time):
      real time           0.00 seconds
      cpu time            0.00 seconds
      

NOTE: Remote signoff from C2GFYHPJ complete.
Traverser: Run Completed 
NOTE: There are no active tasks/transactions.
17361      waitfor _all_ C2GFYHPJ;
MPRINT(EM_DIAGRAM):    waitfor _all_ C2GFYHPJ;
17362      signoff C2GFYHPJ;
MPRINT(EM_DIAGRAM):   signoff;
NOTE: A link to C2GFYHPJ does not exist.  SIGNOFF is not necessary.
17363      proc printto;
MPRINT(EM_DIAGRAM):   proc printto;
17364      run;
MPRINT(EM_DIAGRAM):   run;

