NOTE: PROCEDURE PRINTTO used (Total process time):
      real time           0.00 seconds
      cpu time            0.00 seconds
      

1 
Traverser: Traverser invoked.  MPCONNECT command is sas. 
Traverser: Beginning flow traversal 
*------------------------------------------------------------* 
* 
* Ids : Beginning Update 
* datetime : 05MAY2022:00:59:50 
* 
*------------------------------------------------------------* 
24138      %let _HPDMGRIDHOST=;
24139      %let _HPDMGRIDINSTALLLOC=;
24140      %let _HPDMGRIDDATASERVER=;
24141      %hpdm_gridSetOPtions;

NOTE: DATA statement used (Total process time):
      real time           0.01 seconds
      cpu time            0.01 seconds
      


*------------------------------------------------------------* 
* 
* Ids : End Update 
* datetime : 05MAY2022:00:59:50 
* 
*------------------------------------------------------------* 
traverser_readyNode_note 
*------------------------------------------------------------* 
* 
* EMCODE2 : Beginning Update 
* datetime : 05MAY2022:00:59:50 
* 
*------------------------------------------------------------* 
24173      %let _HPDMGRIDHOST=;
24174      %let _HPDMGRIDINSTALLLOC=;
24175      %let _HPDMGRIDDATASERVER=;
24176      %hpdm_gridSetOPtions;

NOTE: DATA statement used (Total process time):
      real time           0.00 seconds
      cpu time            0.00 seconds
      


*------------------------------------------------------------* 
* 
* EMCODE2 : End Update 
* datetime : 05MAY2022:00:59:50 
* 
*------------------------------------------------------------* 
Traverser: Run Completed 
24177      proc printto;
24178      run;

