*------------------------------------------------------------*
* Training Log
Date:                April 13, 2022
Time:                13:48:59
*------------------------------------------------------------*
11434  proc freq data=EMWS2.Trans_VariableSet noprint;
11435  table ROLE*LEVEL/out=WORK.TransMETA;
11436  run;

NOTE: There were 97 observations read from the data set EMWS2.TRANS_VARIABLESET.
NOTE: The data set WORK.TRANSMETA has 7 observations and 4 variables.
NOTE: PROCEDURE FREQ used (Total process time):
      real time           0.04 seconds
      cpu time            0.03 seconds
      

11437  proc print data=WORK.TransMETA label noobs;
11438  var ROLE LEVEL COUNT;
11439  label ROLE = "%sysfunc(sasmsg(sashelp.dmine, meta_role_vlabel, NOQUOTE))" LEVEL = "%sysfunc(sasmsg(sashelp.dmine, meta_level_vlabel, NOQUOTE))" COUNT = "%sysfunc(sasmsg(sashelp.dmine, rpt_count_vlabel, NOQUOTE))";
11440  title9 ' ';
11441  title10 "%sysfunc(sasmsg(sashelp.dmine, rpt_varSummary_title  , NOQUOTE))";
11442  run;

NOTE: There were 7 observations read from the data set WORK.TRANSMETA.
NOTE: The PROCEDURE PRINT printed page 1.
NOTE: PROCEDURE PRINT used (Total process time):
      real time           0.01 seconds
      cpu time            0.01 seconds
      

11443  title10;

11444  data WORK.M2LGHBAG;
11445  set WORK.M2LGHBAG;
11446  if (METHOD='NONE' and ROLE ne 'FREQ') or (role = 'REJECTED' and METHOD = 'DEFAULT') then delete;
11447  run;

NOTE: There were 97 observations read from the data set WORK.M2LGHBAG.
NOTE: The data set WORK.M2LGHBAG has 92 observations and 22 variables.
NOTE: DATA statement used (Total process time):
      real time           0.01 seconds
      cpu time            0.00 seconds
      

NOTE: View EMWS2.IDS_DATA.VIEW used (Total process time):
      real time           0.07 seconds
      cpu time            0.07 seconds
      
NOTE: There were 48356 observations read from the data set DATA.CATALOG2010.
11512  *------------------------------------------------------------*;
11513  * Trans: Computing Summary Statistics;
11514  *------------------------------------------------------------*;
11515  data WORK.M1WYK242;
11516  set WORK.M1WYK242;
11517  if (role = 'REJECTED') then role = 'INPUT';
11518  run;

NOTE: There were 92 observations read from the data set WORK.M1WYK242.
NOTE: The data set WORK.M1WYK242 has 92 observations and 22 variables.
NOTE: DATA statement used (Total process time):
      real time           0.01 seconds
      cpu time            0.01 seconds
      

11519  *------------------------------------------------------------* ;
11520  * EM: DMDBClass Macro ;
11521  *------------------------------------------------------------* ;
11522  %macro DMDBClass;
11523      BOTHPAYM(ASC) CCPAYM(ASC) METHPAYM(ASC) PCPAYM(ASC) RESPOND(DESC)
11524  %mend DMDBClass;
11525  *------------------------------------------------------------* ;
11526  * EM: DMDBVar Macro ;
11527  *------------------------------------------------------------* ;
11528  %macro DMDBVar;
11529      ACTBUY BUYPROP CATALOGCNT DAYLAST DEPT01 DEPT02 DEPT03 DEPT04 DEPT05 DEPT06
11530     DEPT07 DEPT08 DEPT09 DEPT10 DEPT11 DEPT12 DEPT13 DEPT14 DEPT15 DEPT16 DEPT17
11531     DEPT18 DEPT19 DEPT20 DEPT21 DEPT22 DEPT23 DEPT24 DEPT25 DEPT26 DEPT27 DOLINDEA
11532     DOLINDET DOLL24 DOLLARQ01 DOLLARQ02 DOLLARQ03 DOLLARQ04 DOLLARQ05 DOLLARQ06
11533     DOLLARQ07 DOLLARQ08 DOLLARQ09 DOLLARQ10 DOLLARQ11 DOLLARQ12 DOLLARQ13 DOLLARQ14
11534     DOLLARQ15 DOLLARQ16 DOLLARQ17 DOLLARQ18 DOLLARQ19 DOLLARQ20 DOLLARQ21 DOLLARQ22
11535     DOLNETDA DOLNETDT FREQPRCH MONLAST ORDERSIZE TENURE TOTORDQ01 TOTORDQ02
11536     TOTORDQ03 TOTORDQ04 TOTORDQ05 TOTORDQ06 TOTORDQ07 TOTORDQ08 TOTORDQ09 TOTORDQ10
11537     TOTORDQ11 TOTORDQ12 TOTORDQ13 TOTORDQ14 TOTORDQ15 TOTORDQ16 TOTORDQ17 TOTORDQ18
11538     TOTORDQ19 TOTORDQ20 TOTORDQ21 TOTORDQ22 UNITSIDD UNITSLAP UNTLANPO
11539  %mend DMDBVar;
11540  *------------------------------------------------------------*;
11541  * EM: Create DMDB;
11542  *------------------------------------------------------------*;
11543  proc dmdb batch data=EMWS2.Ids_DATA
11544  dmdbcat=WORK.EM_DMDB
11545  classout=WORK.Transclassout
11546  maxlevel = 513
11547  ;
11548  class %DMDBClass;
11549  var %DMDBVar;
11550  target
11551  ORDERSIZE
11552  RESPOND
11553  ;
11554  run;

NOTE: Records processed = 48356   Memory used = 511K.
NOTE: View EMWS2.IDS_DATA.VIEW used (Total process time):
      real time           0.14 seconds
      cpu time            0.14 seconds
      
NOTE: There were 48356 observations read from the data set DATA.CATALOG2010.
NOTE: There were 48356 observations read from the data set EMWS2.IDS_DATA.
NOTE: The data set WORK.TRANSCLASSOUT has 12 observations and 9 variables.
NOTE: PROCEDURE DMDB used (Total process time):
      real time           0.15 seconds
      cpu time            0.15 seconds
      

11555  quit;
11556  *--- end code ---*;

11557  data WORK.TransINTERVALMETA;
11558  set WORK.M2LGHBAG;
11559  if LEVEL ne 'INTERVAL' then delete;
11560  run;

NOTE: There were 92 observations read from the data set WORK.M2LGHBAG.
NOTE: The data set WORK.TRANSINTERVALMETA has 87 observations and 22 variables.
NOTE: DATA statement used (Total process time):
      real time           0.00 seconds
      cpu time            0.00 seconds
      

11561  *------------------------------------------------------------*;
11562  * Trans: Determining Variables to Scale;
11563  *------------------------------------------------------------*;
11564  data WORK.M2CGF0GY;
11565  set WORK.M2CGF0GY;
11566  where (TYPE="N" and (METHOD in("MAX_NORM", "MAX_CORR", "EQUALIZE", "OP_MAX_NORM", "OP_EQUALIZE"))) or (ROLE eq "FREQ");
11567  run;

NOTE: There were 0 observations read from the data set WORK.M2CGF0GY.
      WHERE ((TYPE='N') and METHOD in ('EQUALIZE', 'MAX_CORR', 'MAX_NORM', 'OP_EQUALIZE', 'OP_MAX_NORM')) or (ROLE='FREQ');
NOTE: The data set WORK.M2CGF0GY has 0 observations and 22 variables.
NOTE: DATA statement used (Total process time):
      real time           0.00 seconds
      cpu time            0.00 seconds
      

NOTE: View EMWS2.IDS_DATA.VIEW used (Total process time):
      real time           0.29 seconds
      cpu time            0.15 seconds
      
