*------------------------------------------------------------*
* Report Log
Date:                May 05, 2022
Time:                00:29:15
*------------------------------------------------------------*
12382  *------------------------------------------------------------*;
12383  * &msgString;
12384  *------------------------------------------------------------*;
12385  filename _flowref "C:\Users\Kyle McLester\Desktop\dsba-6201\final-project\Workspaces\EMWS3\Trans4\EMFLOWSCORE.sas";
12386  proc FCMP NOEXECUTE IMPUTEDDEPS OUTDEPS=WORK.TRANS_SCOREINPUTS;
12387  %INCLUDE _flowref;
12392  run;

NOTE: Dependency structure written to data set WORK.TRANS_SCOREINPUTS.
NOTE: PROCEDURE FCMP used (Total process time):
      real time           0.00 seconds
      cpu time            0.00 seconds
      

12393  quit;
12394  data WORK.TRANS_SCOREINPUTS;
12395  set WORK.TRANS_SCOREINPUTS(keep=RHS rename=(RHS=NAME));
12396  length UNAME $32;
12397  UNAME = upcase(NAME);
12398  run;

NOTE: There were 3 observations read from the data set WORK.TRANS_SCOREINPUTS.
NOTE: The data set WORK.TRANS_SCOREINPUTS has 3 observations and 2 variables.
NOTE: DATA statement used (Total process time):
      real time           0.01 seconds
      cpu time            0.01 seconds
      

12399  proc sort data=WORK.TRANS_SCOREINPUTS NODUPKEY;
12400  by UNAME;
12401  run;

NOTE: There were 3 observations read from the data set WORK.TRANS_SCOREINPUTS.
NOTE: 0 observations with duplicate key values were deleted.
NOTE: The data set WORK.TRANS_SCOREINPUTS has 3 observations and 2 variables.
NOTE: PROCEDURE SORT used (Total process time):
      real time           0.00 seconds
      cpu time            0.00 seconds
      

12402  filename _flowref;
NOTE: Fileref _FLOWREF has been deassigned.
12403  %let SYSCC = 0;
12404  *------------------------------------------------------------*;
12405  * transformcombinevariables;
12406  *------------------------------------------------------------*;
12407  data WORK.TRANS_OUTPUTVARS;
12408  length Uname inputName $32 inputLevel $10 inputType $1 _MetaFlag 8;
12409  set
12410  EMWS3.Trans4_FORMULA
12411  ;
12412  _MetaFlag=0;
12413  uname = upcase(name);
12414  run;

NOTE: Variable inputName is uninitialized.
NOTE: Variable inputLevel is uninitialized.
NOTE: Variable inputType is uninitialized.
NOTE: There were 1 observations read from the data set EMWS3.TRANS4_FORMULA.
NOTE: The data set WORK.TRANS_OUTPUTVARS has 1 observations and 22 variables.
NOTE: DATA statement used (Total process time):
      real time           0.01 seconds
      cpu time            0.00 seconds
      

12415  data _temp;
12416  length UNAME $32;
12417  set EMWS3.Trans4_CMeta_TRAIN(keep=NAME LEVEL ROLE TYPE CREATOR LABEL);
12418  UNAME = upcase(name);
12419  where upcase(CREATOR) = upcase("Trans4");
12420  run;

NOTE: There were 1 observations read from the data set EMWS3.TRANS4_CMETA_TRAIN.
      WHERE UPCASE(CREATOR)='TRANS4';
NOTE: The data set WORK._TEMP has 1 observations and 7 variables.
NOTE: DATA statement used (Total process time):
      real time           0.00 seconds
      cpu time            0.00 seconds
      

12421  proc sort data=_temp(drop=CREATOR);
12422  by UNAME;
12423  run;

NOTE: There were 1 observations read from the data set WORK._TEMP.
NOTE: The data set WORK._TEMP has 1 observations and 6 variables.
NOTE: PROCEDURE SORT used (Total process time):
      real time           0.01 seconds
      cpu time            0.00 seconds
      

12424  proc sort data=WORK.TRANS_OUTPUTVARS;
12425  by UNAME;
12426  run;

NOTE: There were 1 observations read from the data set WORK.TRANS_OUTPUTVARS.
NOTE: The data set WORK.TRANS_OUTPUTVARS has 1 observations and 22 variables.
NOTE: PROCEDURE SORT used (Total process time):
      real time           0.01 seconds
      cpu time            0.01 seconds
      

12427  data WORK.TRANS_OUTPUTVARS;
12428  merge WORK.TRANS_OUTPUTVARS _temp;
12429  by UNAME;
12430  run;

NOTE: There were 1 observations read from the data set WORK.TRANS_OUTPUTVARS.
NOTE: There were 1 observations read from the data set WORK._TEMP.
NOTE: The data set WORK.TRANS_OUTPUTVARS has 1 observations and 22 variables.
NOTE: DATA statement used (Total process time):
      real time           0.00 seconds
      cpu time            0.00 seconds
      

12431  *------------------------------------------------------------*;
12432  * Trans4: Get Metadata for the Score Inputs Variables;
12433  *------------------------------------------------------------*;
12434  data _temp;
12435  length UNAME $32;
12436  set EMWS3.Trans4_VariableSet(keep=NAME LEVEL TYPE LABEL);
12437  UNAME = upcase(name);
12438  run;

NOTE: There were 28 observations read from the data set EMWS3.TRANS4_VARIABLESET.
NOTE: The data set WORK._TEMP has 28 observations and 5 variables.
NOTE: DATA statement used (Total process time):
      real time           0.01 seconds
      cpu time            0.01 seconds
      

12439  proc sort data=_temp;
12440  by UNAME;
12441  run;

NOTE: There were 28 observations read from the data set WORK._TEMP.
NOTE: The data set WORK._TEMP has 28 observations and 5 variables.
NOTE: PROCEDURE SORT used (Total process time):
      real time           0.00 seconds
      cpu time            0.00 seconds
      

12442  data WORK.TRANS_SCOREINPUTS;
12443  merge WORK.TRANS_SCOREINPUTS(in=_a) _temp(in=_b);
12444  by UNAME;
12445  if _a and _b then output;
12446  run;

NOTE: There were 3 observations read from the data set WORK.TRANS_SCOREINPUTS.
NOTE: There were 28 observations read from the data set WORK._TEMP.
NOTE: The data set WORK.TRANS_SCOREINPUTS has 3 observations and 5 variables.
NOTE: DATA statement used (Total process time):
      real time           0.01 seconds
      cpu time            0.01 seconds
      

12447  *------------------------------------------------------------*;
12448  * Trans4: Computing Summary Statistics;
12449  *------------------------------------------------------------*;
12450  proc dmdb data=EMWS3.Trans4_TRAIN classout=WORK.TRANS_CLASSSTATS varout=WORK.TRANS_VARSTATS;
12451  class
12452  PCTL_GiftAll
12453  PCTL_GiftCntAll
12454  PCTL_GiftTimeLast_REV
12455  RFM
12456  ;
12457  ;
12458  run;

NOTE: Records processed = 9686   Memory used = 511K.
NOTE: There were 9686 observations read from the data set DATA.PVA97NK.
NOTE: There were 9686 observations read from the data set EMWS3.IDS_DATA.
NOTE: There were 9686 observations read from the data set EMWS3.TRANS_TRAIN.
NOTE: There were 9686 observations read from the data set EMWS3.TRANS3_TRAIN.
NOTE: View EMWS3.TRANS4_TRAIN.VIEW used (Total process time):
      real time           0.15 seconds
      cpu time            0.17 seconds
      
NOTE: There were 9686 observations read from the data set EMWS3.TRANS2_TRAIN.
NOTE: There were 9686 observations read from the data set EMWS3.TRANS4_TRAIN.
NOTE: The data set WORK.TRANS_CLASSSTATS has 73 observations and 9 variables.
NOTE: PROCEDURE DMDB used (Total process time):
      real time           0.15 seconds
      cpu time            0.17 seconds
      

12459  *------------------------------------------------------------*;
12460  * Trans4: Combine Information and Statistics for Class Variables;
12461  *------------------------------------------------------------*;
12462  proc sort data=WORK.TRANS_OUTPUTVARS out=_temp;
12463  by NAME;
12464  run;

NOTE: There were 1 observations read from the data set WORK.TRANS_OUTPUTVARS.
NOTE: The data set WORK._TEMP has 1 observations and 22 variables.
NOTE: PROCEDURE SORT used (Total process time):
      real time           0.01 seconds
      cpu time            0.01 seconds
      

12465  proc sort data=WORK.TRANS_CLASSSTATS;
12466  by NAME;
12467  run;

NOTE: There were 73 observations read from the data set WORK.TRANS_CLASSSTATS.
NOTE: The data set WORK.TRANS_CLASSSTATS has 73 observations and 9 variables.
NOTE: PROCEDURE SORT used (Total process time):
      real time           0.00 seconds
      cpu time            0.00 seconds
      

12468  data WORK.TRANS_CLASSSTATS(keep=name nlevel nmiss);
12469  retain nlevel nmiss;
12470  set WORK.TRANS_CLASSSTATS;
12471  by Name;
12472  if first.Name then do;
12473  nlevel= 0;
12474  nmiss= 0;
12475  end;
12476  if (type='C' and CRAW='') or (type='N' and NRAW=.) then nmiss = FREQUENCY;
12477  else nlevel + 1;
12478  if last.name then output;
12479  run;

NOTE: There were 73 observations read from the data set WORK.TRANS_CLASSSTATS.
NOTE: The data set WORK.TRANS_CLASSSTATS has 4 observations and 3 variables.
NOTE: DATA statement used (Total process time):
      real time           0.01 seconds
      cpu time            0.00 seconds
      

12480  /*Merge Statistics for Class Output Vars */
12481  data WORK.TRANS_CLASSSTATS;
12482  length SOURCE $6 _METHOD_ $8 NAME $32 FORMULA $300;
12483  merge WORK.TRANS_CLASSSTATS(in=_a) _temp(in=_b keep=NAME InputName Formula _MetaFlag LEVEL TYPE LABEL);
12484  by NAME;
12485  if _a and _b then do;
12486  SOURCE='Output';
12487  if _MetaFlag = 1 then _METHOD_="Meta";
12488  else if Formula eq 'Interaction' then _METHOD_="Computed";
12489  else if inputName eq '' then _METHOD_="Formula";
12490  else _METHOD_="Computed";
12491  if Formula = '' then Formula = "User Code";
12492  end;
12493  if _a then output;
12494  drop inputName LEVEL TYPE _MetaFlag;
12495  run;

NOTE: There were 4 observations read from the data set WORK.TRANS_CLASSSTATS.
NOTE: There were 1 observations read from the data set WORK._TEMP.
NOTE: The data set WORK.TRANS_CLASSSTATS has 4 observations and 7 variables.
NOTE: DATA statement used (Total process time):
      real time           0.00 seconds
      cpu time            0.00 seconds
      

12496  /*Merge Statistics for Class Input Vars */
12497  proc sort data=WORK.TRANS_SCOREINPUTS(drop=TYPE LEVEL) out=_temp nodupkey;
12498  by NAME;
12499  run;

NOTE: There were 3 observations read from the data set WORK.TRANS_SCOREINPUTS.
NOTE: 0 observations with duplicate key values were deleted.
NOTE: The data set WORK._TEMP has 3 observations and 3 variables.
NOTE: PROCEDURE SORT used (Total process time):
      real time           0.00 seconds
      cpu time            0.00 seconds
      

12500  data WORK.TRANS_CLASSSTATS;
12501  merge WORK.TRANS_CLASSSTATS(in=_a) _temp(in=_b);
12502  by NAME;
12503  if _a and _b then do;
12504  SOURCE='Input';
12505  _METHOD_="Original";
12506  end;
12507  if _a then output;
12508  run;

NOTE: There were 4 observations read from the data set WORK.TRANS_CLASSSTATS.
NOTE: There were 3 observations read from the data set WORK._TEMP.
NOTE: The data set WORK.TRANS_CLASSSTATS has 4 observations and 8 variables.
NOTE: DATA statement used (Total process time):
      real time           0.01 seconds
      cpu time            0.01 seconds
      

12509  *------------------------------------------------------------*;
12510  * Trans4: Combine Information and Statistics for Interval Variables;
12511  *------------------------------------------------------------*;
12512  proc sort data=WORK.TRANS_OUTPUTVARS out=_temp;
12513  by NAME;
12514  run;

NOTE: There were 1 observations read from the data set WORK.TRANS_OUTPUTVARS.
NOTE: The data set WORK._TEMP has 1 observations and 22 variables.
NOTE: PROCEDURE SORT used (Total process time):
      real time           0.00 seconds
      cpu time            0.00 seconds
      

12515  proc sort data=WORK.TRANS_VARSTATS;
12516  by NAME;
12517  run;

NOTE: Input data set is empty.
NOTE: The data set WORK.TRANS_VARSTATS has 0 observations and 9 variables.
NOTE: PROCEDURE SORT used (Total process time):
      real time           0.00 seconds
      cpu time            0.00 seconds
      

12518  *Merge Statistics for Output Vars;
12519  data WORK.TRANS_VARSTATS;
12520  length SOURCE $6 _METHOD_ $8 NAME $32 FORMULA $300;
12521  merge WORK.TRANS_VARSTATS(in=_a) _temp(in=_b keep=NAME Formula InputName _MetaFlag LEVEL TYPE LABEL);
12522  by NAME;
12523  if _a and _b then do;
12524  SOURCE='Output';
12525  if _MetaFlag = 1 then _METHOD_="Meta";
12526  else if Formula eq 'Interaction' then _METHOD_="Computed";
12527  else if inputName eq '' then _METHOD_="Formula";
12528  else _METHOD_="Computed";
12529  if Formula = '' then Formula = "Mixture of variables";
12530  end;
12531  if _a then output;
12532  drop inputName LEVEL TYPE _MetaFlag;
12533  run;

NOTE: There were 0 observations read from the data set WORK.TRANS_VARSTATS.
NOTE: There were 1 observations read from the data set WORK._TEMP.
NOTE: The data set WORK.TRANS_VARSTATS has 0 observations and 13 variables.
NOTE: DATA statement used (Total process time):
      real time           0.01 seconds
      cpu time            0.01 seconds
      

12534  *Merge Statistics for Input Vars;
12535  proc sort data=WORK.TRANS_SCOREINPUTS(drop=TYPE LEVEL) out=_temp nodupkey;
12536  by NAME;
12537  run;

NOTE: There were 3 observations read from the data set WORK.TRANS_SCOREINPUTS.
NOTE: 0 observations with duplicate key values were deleted.
NOTE: The data set WORK._TEMP has 3 observations and 3 variables.
NOTE: PROCEDURE SORT used (Total process time):
      real time           0.01 seconds
      cpu time            0.01 seconds
      

12538  data WORK.TRANS_VARSTATS;
12539  merge WORK.TRANS_VARSTATS(in=_a) _temp(in=_b);
12540  by NAME;
12541  if _a and _b then do;
12542  SOURCE='Input';
12543  _METHOD_="Original";
12544  end;
12545  if _a then output;
12546  run;

NOTE: There were 0 observations read from the data set WORK.TRANS_VARSTATS.
NOTE: There were 3 observations read from the data set WORK._TEMP.
NOTE: The data set WORK.TRANS_VARSTATS has 0 observations and 14 variables.
NOTE: DATA statement used (Total process time):
      real time           0.00 seconds
      cpu time            0.00 seconds
      

12547  *------------------------------------------------------------*;
12548  * Trans4: Combine statistics for class and interval variables;
12549  *------------------------------------------------------------*;
12550  data EMWS3.Trans4_STATISTICS;
12551  length SOURCE $6 _METHOD_ $8 NAME $32 FORMULA $300;
12552  label SOURCE = "%sysfunc(sasmsg(sashelp.dmine, rpt_source_vlabel,  NOQUOTE))" _METHOD_ = "%sysfunc(sasmsg(sashelp.dmine, rpt_method_vlabel,  NOQUOTE))" NAME = "%sysfunc(sasmsg(sashelp.dmine, meta_name_vlabel,  NOQUOTE))" FORMULA =
12553     "%sysfunc(sasmsg(sashelp.dmine, rpt_formula_vlabel,   NOQUOTE))" NLEVEL = "%sysfunc(sasmsg(sashelp.dmine, rpt_numcat_vlabel,   NOQUOTE))" N = "%sysfunc(sasmsg(sashelp.dmine, rpt_nonmiss_vlabel, NOQUOTE))" NMISS =
12554     "%sysfunc(sasmsg(sashelp.dmine, rpt_missing_vlabel, NOQUOTE))" MIN = "%sysfunc(sasmsg(sashelp.dmine, rpt_minimum_vlabel, NOQUOTE))" MAX = "%sysfunc(sasmsg(sashelp.dmine, rpt_maximum_vlabel, NOQUOTE))" MEAN =
12555     "%sysfunc(sasmsg(sashelp.dmine, rpt_mean_vlabel,    NOQUOTE))" STD = "%sysfunc(sasmsg(sashelp.dmine, rpt_std_vlabel,     NOQUOTE))" SKEWNESS = "%sysfunc(sasmsg(sashelp.dmine, rpt_skewness_vlabel, NOQUOTE))" KURTOSIS =
12556     "%sysfunc(sasmsg(sashelp.dmine, rpt_kurtosis_vlabel, NOQUOTE))" LABEL = "%sysfunc(sasmsg(sashelp.dmine, meta_label_vlabel, NOQUOTE))";
12557  set
12558  WORK.TRANS_CLASSSTATS
12559  WORK.TRANS_VARSTATS
12560  ;
12561  drop UNAME;
12562  run;

NOTE: There were 4 observations read from the data set WORK.TRANS_CLASSSTATS.
NOTE: There were 0 observations read from the data set WORK.TRANS_VARSTATS.
NOTE: The data set EMWS3.TRANS4_STATISTICS has 4 observations and 14 variables.
NOTE: DATA statement used (Total process time):
      real time           0.03 seconds
      cpu time            0.03 seconds
      

12563  proc sort data=EMWS3.Trans4_STATISTICS;
12564  by SOURCE _METHOD_ NAME;
12565  run;

NOTE: There were 4 observations read from the data set EMWS3.TRANS4_STATISTICS.
NOTE: The data set EMWS3.TRANS4_STATISTICS has 4 observations and 14 variables.
NOTE: PROCEDURE SORT used (Total process time):
      real time           0.01 seconds
      cpu time            0.01 seconds
      

12566  proc sort data = EMWS3.Trans4_STATISTICS NOTHREADS;
12567  by SOURCE NAME;
12568  run;

NOTE: There were 4 observations read from the data set EMWS3.TRANS4_STATISTICS.
NOTE: The data set EMWS3.TRANS4_STATISTICS has 4 observations and 14 variables.
NOTE: PROCEDURE SORT used (Total process time):
      real time           0.00 seconds
      cpu time            0.00 seconds
      

12569  title9 ' ';
12570  proc print data = EMWS3.Trans4_STATISTICS(obs=500) noobs label;
12571  title9 "%sysfunc(sasmsg(sashelp.dmine, rpt_intervalinputStats_title, NOQUOTE))";
12572  title10 "%sysfunc(sasmsg(sashelp.dmine, rpt_maxObsPrinted_title, NOQUOTE))";
12573  var Name NMISS MIN MAX MEAN STD SKEWNESS KURTOSIS;
12574  where SOURCE eq 'INPUT' and mean ne .;
12575  run;

NOTE: No observations were selected from data set EMWS3.TRANS4_STATISTICS.
NOTE: There were 0 observations read from the data set EMWS3.TRANS4_STATISTICS.
      WHERE (SOURCE='INPUT') and (mean not = .);
NOTE: PROCEDURE PRINT used (Total process time):
      real time           0.01 seconds
      cpu time            0.00 seconds
      

12576  proc print data = EMWS3.Trans4_STATISTICS(obs=500) noobs label;
12577  title9 "%sysfunc(sasmsg(sashelp.dmine, rpt_intervaloutputStats_title, NOQUOTE))";
12578  title10 "%sysfunc(sasmsg(sashelp.dmine, rpt_maxObsPrinted_title, NOQUOTE))";
12579  var Name _METHOD_ NMISS MIN MAX MEAN STD SKEWNESS KURTOSIS;
12580  where SOURCE eq 'OUTPUT' and mean ne .;
12581  run;

NOTE: No observations were selected from data set EMWS3.TRANS4_STATISTICS.
NOTE: There were 0 observations read from the data set EMWS3.TRANS4_STATISTICS.
      WHERE (SOURCE='OUTPUT') and (mean not = .);
NOTE: PROCEDURE PRINT used (Total process time):
      real time           0.00 seconds
      cpu time            0.00 seconds
      

12582  proc print data = EMWS3.Trans4_STATISTICS(obs=500) noobs label;
12583  title9 "%sysfunc(sasmsg(sashelp.dmine, rpt_classinputStats_title, NOQUOTE))";
12584  title10 "%sysfunc(sasmsg(sashelp.dmine, rpt_maxObsPrinted_title, NOQUOTE))";
12585  var Name NLEVEL NMISS;
12586  where SOURCE eq 'INPUT' and nlevel ne .;
12587  run;

NOTE: No observations were selected from data set EMWS3.TRANS4_STATISTICS.
NOTE: There were 0 observations read from the data set EMWS3.TRANS4_STATISTICS.
      WHERE (SOURCE='INPUT') and (nlevel not = .);
NOTE: PROCEDURE PRINT used (Total process time):
      real time           0.00 seconds
      cpu time            0.00 seconds
      

12588  proc print data = EMWS3.Trans4_STATISTICS(obs=500) noobs label;
12589  title9 "%sysfunc(sasmsg(sashelp.dmine, rpt_classoutputStats_title, NOQUOTE))";
12590  title10 "%sysfunc(sasmsg(sashelp.dmine, rpt_maxObsPrinted_title, NOQUOTE))";
12591  var Name _METHOD_ NLEVEL NMISS;
12592  where SOURCE eq 'OUTPUT' and nlevel ne .;
12593  run;

NOTE: No observations were selected from data set EMWS3.TRANS4_STATISTICS.
NOTE: There were 0 observations read from the data set EMWS3.TRANS4_STATISTICS.
      WHERE (SOURCE='OUTPUT') and (nlevel not = .);
NOTE: PROCEDURE PRINT used (Total process time):
      real time           0.01 seconds
      cpu time            0.01 seconds
      

12594  title9;
12595  title10;

12596  data EMWS3.Trans4_EMSCOREVAR;
12597  length Name $32 formula $300 file $200;
12598  keep NAME Formula file;
12599  set EMWS3.Trans4_STATISTICS;
12600  where SOURCE='Output';
12601  select( _METHOD_);
12602  when('Computed') do;
12603  file="TRANSFORMCODE\"!!strip(NAME)!!'.sas';
12604  formula = '';
12605  end;
12606  when('Formula') do;
12607  if Formula eq 'Mixture of variables' then do;
12608  file= "EDITORCODE.sas";
12609  formula = '';
12610  end;
12611  if Formula = 'User Code' then do;
12612  file= "EDITORCODE.sas";
12613  formula = '';
12614  end;
12615  end;
12616  otherwise;
12617  end;
12618  output;
12619  run;

NOTE: There were 1 observations read from the data set EMWS3.TRANS4_STATISTICS.
      WHERE SOURCE='Output';
NOTE: The data set EMWS3.TRANS4_EMSCOREVAR has 1 observations and 3 variables.
NOTE: DATA statement used (Total process time):
      real time           0.00 seconds
      cpu time            0.00 seconds
      

