*------------------------------------------------------------*
* Training Log
Date:                May 05, 2022
Time:                00:29:12
*------------------------------------------------------------*
11433  proc freq data=EMWS3.Trans4_VariableSet noprint;
11434  table ROLE*LEVEL/out=WORK.Trans4META;
11435  run;

NOTE: There were 28 observations read from the data set EMWS3.TRANS4_VARIABLESET.
NOTE: The data set WORK.TRANS4META has 5 observations and 4 variables.
NOTE: PROCEDURE FREQ used (Total process time):
      real time           0.02 seconds
      cpu time            0.01 seconds
      

11436  proc print data=WORK.Trans4META label noobs;
11437  var ROLE LEVEL COUNT;
11438  label ROLE = "%sysfunc(sasmsg(sashelp.dmine, meta_role_vlabel, NOQUOTE))" LEVEL = "%sysfunc(sasmsg(sashelp.dmine, meta_level_vlabel, NOQUOTE))" COUNT = "%sysfunc(sasmsg(sashelp.dmine, rpt_count_vlabel, NOQUOTE))";
11439  title9 ' ';
11440  title10 "%sysfunc(sasmsg(sashelp.dmine, rpt_varSummary_title  , NOQUOTE))";
11441  run;

NOTE: There were 5 observations read from the data set WORK.TRANS4META.
NOTE: The PROCEDURE PRINT printed page 1.
NOTE: PROCEDURE PRINT used (Total process time):
      real time           0.01 seconds
      cpu time            0.01 seconds
      

11442  title10;

11443  data WORK.M2F9WAXT;
11444  set WORK.M2F9WAXT;
11445  if (METHOD='NONE' and ROLE ne 'FREQ') or (role = 'REJECTED' and METHOD = 'DEFAULT') then delete;
11446  run;

NOTE: There were 28 observations read from the data set WORK.M2F9WAXT.
NOTE: The data set WORK.M2F9WAXT has 27 observations and 22 variables.
NOTE: DATA statement used (Total process time):
      real time           0.00 seconds
      cpu time            0.00 seconds
      

NOTE: There were 9686 observations read from the data set DATA.PVA97NK.
NOTE: There were 9686 observations read from the data set EMWS3.IDS_DATA.
NOTE: There were 9686 observations read from the data set EMWS3.TRANS_TRAIN.
NOTE: View EMWS3.TRANS2_TRAIN.VIEW used (Total process time):
      real time           0.12 seconds
      cpu time            0.12 seconds
      
NOTE: There were 9686 observations read from the data set EMWS3.TRANS3_TRAIN.
11511  *------------------------------------------------------------*;
11512  * Trans: Computing Summary Statistics;
11513  *------------------------------------------------------------*;
11514  data WORK.M2PW55L1;
11515  set WORK.M2PW55L1;
11516  if (role = 'REJECTED') then role = 'INPUT';
11517  run;

NOTE: There were 27 observations read from the data set WORK.M2PW55L1.
NOTE: The data set WORK.M2PW55L1 has 27 observations and 22 variables.
NOTE: DATA statement used (Total process time):
      real time           0.00 seconds
      cpu time            0.00 seconds
      

11518  *------------------------------------------------------------* ;
11519  * EM: DMDBClass Macro ;
11520  *------------------------------------------------------------* ;
11521  %macro DMDBClass;
11522      DemCluster(ASC) DemGender(ASC) DemHomeOwner(ASC) PCTL_GiftAll(ASC)
11523     PCTL_GiftCntAll(ASC) PCTL_GiftTimeLast_REV(ASC) StatusCat96NK(ASC)
11524     StatusCatStarAll(ASC) TargetB(DESC)
11525  %mend DMDBClass;
11526  *------------------------------------------------------------* ;
11527  * EM: DMDBVar Macro ;
11528  *------------------------------------------------------------* ;
11529  %macro DMDBVar;
11530      DemAge DemMedHomeValue DemMedIncome DemPctVeterans GiftAvg36 GiftAvgAll
11531     GiftAvgCard36 GiftAvgLast GiftCnt36 GiftCntCard36 GiftCntCardAll GiftTimeFirst
11532     PromCnt12 PromCnt36 PromCntAll PromCntCard12 PromCntCard36 PromCntCardAll
11533  %mend DMDBVar;
11534  *------------------------------------------------------------*;
11535  * EM: Create DMDB;
11536  *------------------------------------------------------------*;
11537  proc dmdb batch data=EMWS3.Trans2_TRAIN
11538  dmdbcat=WORK.EM_DMDB
11539  classout=WORK.Transclassout
11540  maxlevel = 513
11541  ;
11542  class %DMDBClass;
11543  var %DMDBVar;
11544  target
11545  TargetB
11546  ;
11547  run;

NOTE: Records processed = 9686   Memory used = 511K.
NOTE: There were 9686 observations read from the data set DATA.PVA97NK.
NOTE: There were 9686 observations read from the data set EMWS3.IDS_DATA.
NOTE: There were 9686 observations read from the data set EMWS3.TRANS_TRAIN.
NOTE: View EMWS3.TRANS2_TRAIN.VIEW used (Total process time):
      real time           0.13 seconds
      cpu time            0.12 seconds
      
NOTE: There were 9686 observations read from the data set EMWS3.TRANS3_TRAIN.
NOTE: There were 9686 observations read from the data set EMWS3.TRANS2_TRAIN.
NOTE: The data set WORK.TRANSCLASSOUT has 81 observations and 9 variables.
NOTE: PROCEDURE DMDB used (Total process time):
      real time           0.15 seconds
      cpu time            0.14 seconds
      

11548  quit;
11549  *--- end code ---*;

11550  data WORK.TransINTERVALMETA;
11551  set WORK.M2F9WAXT;
11552  if LEVEL ne 'INTERVAL' then delete;
11553  run;

NOTE: There were 27 observations read from the data set WORK.M2F9WAXT.
NOTE: The data set WORK.TRANSINTERVALMETA has 18 observations and 22 variables.
NOTE: DATA statement used (Total process time):
      real time           0.00 seconds
      cpu time            0.00 seconds
      

11554  *------------------------------------------------------------*;
11555  * Trans: Determining Variables to Scale;
11556  *------------------------------------------------------------*;
11557  data WORK.M3N85LDT;
11558  set WORK.M3N85LDT;
11559  where (TYPE="N" and (METHOD in("MAX_NORM", "MAX_CORR", "EQUALIZE", "OP_MAX_NORM", "OP_EQUALIZE"))) or (ROLE eq "FREQ");
11560  run;

NOTE: There were 0 observations read from the data set WORK.M3N85LDT.
      WHERE ((TYPE='N') and METHOD in ('EQUALIZE', 'MAX_CORR', 'MAX_NORM', 'OP_EQUALIZE', 'OP_MAX_NORM')) or (ROLE='FREQ');
NOTE: The data set WORK.M3N85LDT has 0 observations and 22 variables.
NOTE: DATA statement used (Total process time):
      real time           0.00 seconds
      cpu time            0.00 seconds
      

NOTE: View EMWS3.TRANS2_TRAIN.VIEW used (Total process time):
      real time           0.35 seconds
      cpu time            0.24 seconds
      
11563  %exploreSample(DATA=EMWS3.Trans2_TRAIN, OUTPUT=EMWS3.Trans4_SAMPLE_DATA, METADATA=EMWS3.Trans2_CMeta_TRAIN, VARS=, METHOD=FIRSTN, SIZE=DEFAULT, ALPHA=0.01, PVALUE=0.01, SEED=12345);
NOTE: Fileref X has been deassigned.
NOTE: EXPLOREOBS EMWS3.Trans2_TRAIN : vars= 33 : recl= 329 : max=20000 : def= 2000
PERFORMANCE  DETAILS
*------------------------------------------------------------*
* FirstN/Top sample
*------------------------------------------------------------*

NOTE: There were 9686 observations read from the data set DATA.PVA97NK.
NOTE: There were 9686 observations read from the data set EMWS3.IDS_DATA.
NOTE: There were 9686 observations read from the data set EMWS3.TRANS_TRAIN.
NOTE: View EMWS3.TRANS2_TRAIN.VIEW used (Total process time):
      real time           0.10 seconds
      cpu time            0.11 seconds
      
NOTE: There were 9686 observations read from the data set EMWS3.TRANS3_TRAIN.
NOTE: There were 2000 observations read from the data set EMWS3.TRANS2_TRAIN.
NOTE: The data set EMWS3.TRANS4_SAMPLE_DATA has 2000 observations and 33 variables.
NOTE: DATA statement used (Total process time):
      real time           0.10 seconds
      cpu time            0.11 seconds
      


