*------------------------------------------------------------*
* Training Log
Date:                April 13, 2022
Time:                14:13:42
*------------------------------------------------------------*
11434  proc freq data=EMWS2.Trans3_VariableSet noprint;
11435  table ROLE*LEVEL/out=WORK.Trans3META;
11436  run;

NOTE: There were 97 observations read from the data set EMWS2.TRANS3_VARIABLESET.
NOTE: The data set WORK.TRANS3META has 7 observations and 4 variables.
NOTE: PROCEDURE FREQ used (Total process time):
      real time           0.03 seconds
      cpu time            0.00 seconds
      

11437  proc print data=WORK.Trans3META label noobs;
11438  var ROLE LEVEL COUNT;
11439  label ROLE = "%sysfunc(sasmsg(sashelp.dmine, meta_role_vlabel, NOQUOTE))" LEVEL = "%sysfunc(sasmsg(sashelp.dmine, meta_level_vlabel, NOQUOTE))" COUNT = "%sysfunc(sasmsg(sashelp.dmine, rpt_count_vlabel, NOQUOTE))";
11440  title9 ' ';
11441  title10 "%sysfunc(sasmsg(sashelp.dmine, rpt_varSummary_title  , NOQUOTE))";
11442  run;

NOTE: There were 7 observations read from the data set WORK.TRANS3META.
NOTE: The PROCEDURE PRINT printed page 1.
NOTE: PROCEDURE PRINT used (Total process time):
      real time           0.01 seconds
      cpu time            0.01 seconds
      

11443  title10;

11444  data WORK.M0QV89D3;
11445  set WORK.M0QV89D3;
11446  if (METHOD='NONE' and ROLE ne 'FREQ') or (role = 'REJECTED' and METHOD = 'DEFAULT') then delete;
11447  run;

NOTE: There were 97 observations read from the data set WORK.M0QV89D3.
NOTE: The data set WORK.M0QV89D3 has 92 observations and 22 variables.
NOTE: DATA statement used (Total process time):
      real time           0.00 seconds
      cpu time            0.00 seconds
      

NOTE: There were 48356 observations read from the data set DATA.CATALOG2010.
NOTE: There were 48356 observations read from the data set EMWS2.IDS_DATA.
NOTE: View EMWS2.TRANS2_TRAIN.VIEW used (Total process time):
      real time           0.28 seconds
      cpu time            0.28 seconds
      
NOTE: There were 48356 observations read from the data set EMWS2.TRANS_TRAIN.
11512  *------------------------------------------------------------*;
11513  * Trans: Computing Summary Statistics;
11514  *------------------------------------------------------------*;
11515  data WORK.M1MMS4HW;
11516  set WORK.M1MMS4HW;
11517  if (role = 'REJECTED') then role = 'INPUT';
11518  run;

NOTE: There were 92 observations read from the data set WORK.M1MMS4HW.
NOTE: The data set WORK.M1MMS4HW has 92 observations and 22 variables.
NOTE: DATA statement used (Total process time):
      real time           0.01 seconds
      cpu time            0.01 seconds
      

11519  *------------------------------------------------------------* ;
11520  * EM: DMDBClass Macro ;
11521  *------------------------------------------------------------* ;
11522  %macro DMDBClass;
11523      BOTHPAYM(ASC) CCPAYM(ASC) METHPAYM(ASC) PCPAYM(ASC) PCTL_DAYLAST_REV(ASC)
11524     PCTL_DOLL24(ASC) PCTL_FREQPRCH(ASC) RESPOND(DESC)
11525  %mend DMDBClass;
11526  *------------------------------------------------------------* ;
11527  * EM: DMDBVar Macro ;
11528  *------------------------------------------------------------* ;
11529  %macro DMDBVar;
11530      ACTBUY BUYPROP CATALOGCNT DEPT01 DEPT02 DEPT03 DEPT04 DEPT05 DEPT06 DEPT07
11531     DEPT08 DEPT09 DEPT10 DEPT11 DEPT12 DEPT13 DEPT14 DEPT15 DEPT16 DEPT17 DEPT18
11532     DEPT19 DEPT20 DEPT21 DEPT22 DEPT23 DEPT24 DEPT25 DEPT26 DEPT27 DOLINDEA
11533     DOLINDET DOLLARQ01 DOLLARQ02 DOLLARQ03 DOLLARQ04 DOLLARQ05 DOLLARQ06 DOLLARQ07
11534     DOLLARQ08 DOLLARQ09 DOLLARQ10 DOLLARQ11 DOLLARQ12 DOLLARQ13 DOLLARQ14 DOLLARQ15
11535     DOLLARQ16 DOLLARQ17 DOLLARQ18 DOLLARQ19 DOLLARQ20 DOLLARQ21 DOLLARQ22 DOLNETDA
11536     DOLNETDT MONLAST ORDERSIZE TENURE TOTORDQ01 TOTORDQ02 TOTORDQ03 TOTORDQ04
11537     TOTORDQ05 TOTORDQ06 TOTORDQ07 TOTORDQ08 TOTORDQ09 TOTORDQ10 TOTORDQ11 TOTORDQ12
11538     TOTORDQ13 TOTORDQ14 TOTORDQ15 TOTORDQ16 TOTORDQ17 TOTORDQ18 TOTORDQ19 TOTORDQ20
11539     TOTORDQ21 TOTORDQ22 UNITSIDD UNITSLAP UNTLANPO
11540  %mend DMDBVar;
11541  *------------------------------------------------------------*;
11542  * EM: Create DMDB;
11543  *------------------------------------------------------------*;
11544  proc dmdb batch data=EMWS2.Trans2_TRAIN
11545  dmdbcat=WORK.EM_DMDB
11546  classout=WORK.Transclassout
11547  maxlevel = 513
11548  ;
11549  class %DMDBClass;
11550  var %DMDBVar;
11551  target
11552  ORDERSIZE
11553  RESPOND
11554  ;
11555  run;

NOTE: Records processed = 48356   Memory used = 511K.
NOTE: There were 48356 observations read from the data set DATA.CATALOG2010.
NOTE: There were 48356 observations read from the data set EMWS2.IDS_DATA.
NOTE: View EMWS2.TRANS2_TRAIN.VIEW used (Total process time):
      real time           0.25 seconds
      cpu time            0.23 seconds
      
NOTE: There were 48356 observations read from the data set EMWS2.TRANS_TRAIN.
NOTE: There were 48356 observations read from the data set EMWS2.TRANS2_TRAIN.
NOTE: The data set WORK.TRANSCLASSOUT has 24 observations and 9 variables.
NOTE: PROCEDURE DMDB used (Total process time):
      real time           0.26 seconds
      cpu time            0.25 seconds
      

11556  quit;
11557  *--- end code ---*;

11558  data WORK.TransINTERVALMETA;
11559  set WORK.M0QV89D3;
11560  if LEVEL ne 'INTERVAL' then delete;
11561  run;

NOTE: There were 92 observations read from the data set WORK.M0QV89D3.
NOTE: The data set WORK.TRANSINTERVALMETA has 84 observations and 22 variables.
NOTE: DATA statement used (Total process time):
      real time           0.01 seconds
      cpu time            0.01 seconds
      

11562  *------------------------------------------------------------*;
11563  * Trans: Determining Variables to Scale;
11564  *------------------------------------------------------------*;
11565  data WORK.M2ZN_DTW;
11566  set WORK.M2ZN_DTW;
11567  where (TYPE="N" and (METHOD in("MAX_NORM", "MAX_CORR", "EQUALIZE", "OP_MAX_NORM", "OP_EQUALIZE"))) or (ROLE eq "FREQ");
11568  run;

NOTE: There were 0 observations read from the data set WORK.M2ZN_DTW.
      WHERE ((TYPE='N') and METHOD in ('EQUALIZE', 'MAX_CORR', 'MAX_NORM', 'OP_EQUALIZE', 'OP_MAX_NORM')) or (ROLE='FREQ');
NOTE: The data set WORK.M2ZN_DTW has 0 observations and 22 variables.
NOTE: DATA statement used (Total process time):
      real time           0.00 seconds
      cpu time            0.00 seconds
      

NOTE: View EMWS2.TRANS2_TRAIN.VIEW used (Total process time):
      real time           0.34 seconds
      cpu time            0.23 seconds
      
