*------------------------------------------------------------*
* Score Log
Date:                April 12, 2022
Time:                13:30:28
*------------------------------------------------------------*
11744  *------------------------------------------------------------*;
11745  * Assoc: Scoring DATA data;
11746  *------------------------------------------------------------*;
11747  data EMWS1.Assoc_TRANSACTION
11748  / view=EMWS1.Assoc_TRANSACTION
11749  ;
11750  set EMWS1.Ids_DATA
11751  ;
11752  run;

NOTE: DATA STEP view saved on file EMWS1.ASSOC_TRANSACTION.
NOTE: A stored DATA STEP view cannot run under a different operating system.
NOTE: View EMWS1.IDS_DATA.VIEW used (Total process time):
      real time           0.03 seconds
      cpu time            0.03 seconds
      
NOTE: DATA statement used (Total process time):
      real time           0.04 seconds
      cpu time            0.04 seconds
      

11753  quit;

11754  *------------------------------------------------------------*;
11755  * Assoc: Computing metadata for TRAIN data;
11756  *------------------------------------------------------------*;

12096  data EMWS1.Assoc_EMINFO;
12097  length TARGET KEY $32 DATA $43;
12098  TARGET='';
12099  KEY='ASSOCIATION';
12100  DATA="Assoc";
12101  output;
12102  run;

NOTE: The data set EMWS1.ASSOC_EMINFO has 1 observations and 3 variables.
NOTE: DATA statement used (Total process time):
      real time           0.01 seconds
      cpu time            0.01 seconds
      

12103  *------------------------------------------------------------*;
12104  * Assoc: Computing metadata for TRANSACTION data;
12105  *------------------------------------------------------------*;

NOTE: View EMWS1.ASSOC_TRANSACTION.VIEW used (Total process time):
      real time           0.06 seconds
      cpu time            0.06 seconds
      
12437  data EMWS1.Assoc_EMINFO;
12438  length TARGET KEY $32 DATA $43;
12439  TARGET='';
12440  KEY='ASSOCIATION';
12441  DATA="Assoc";
12442  output;
12443  run;

NOTE: The data set EMWS1.ASSOC_EMINFO has 1 observations and 3 variables.
NOTE: DATA statement used (Total process time):
      real time           0.00 seconds
      cpu time            0.00 seconds
      

12444  proc sort data = EMWS1.Ids_EMINFO OUT=WORK.SORTEDEMINFO NOTHREADS;
12445  by TARGET KEY;
12446  run;

NOTE: There were 1 observations read from the data set EMWS1.IDS_EMINFO.
NOTE: The data set WORK.SORTEDEMINFO has 1 observations and 3 variables.
NOTE: PROCEDURE SORT used (Total process time):
      real time           0.01 seconds
      cpu time            0.01 seconds
      

12447  proc sort data = EMWS1.Assoc_EMINFO OUT=WORK.TEMP_INFO NOTHREADS;
12448  by TARGET KEY;
12449  run;

NOTE: There were 1 observations read from the data set EMWS1.ASSOC_EMINFO.
NOTE: The data set WORK.TEMP_INFO has 1 observations and 3 variables.
NOTE: PROCEDURE SORT used (Total process time):
      real time           0.00 seconds
      cpu time            0.00 seconds
      

12450  data EMWS1.Assoc_EMINFO;
12451  merge WORK.SORTEDEMINFO WORK.TEMP_INFO;
12452  by TARGET KEY;
12453  run;

NOTE: There were 1 observations read from the data set WORK.SORTEDEMINFO.
NOTE: There were 1 observations read from the data set WORK.TEMP_INFO.
NOTE: The data set EMWS1.ASSOC_EMINFO has 2 observations and 3 variables.
NOTE: DATA statement used (Total process time):
      real time           0.01 seconds
      cpu time            0.01 seconds
      

12454  proc datasets lib=work nolist;
12455  delete TEMP_INFO SORTEDEMINFO;
12456  run;

NOTE: Deleting WORK.TEMP_INFO (memtype=DATA).
NOTE: Deleting WORK.SORTEDEMINFO (memtype=DATA).
12457  quit;

NOTE: PROCEDURE DATASETS used (Total process time):
      real time           0.00 seconds
      cpu time            0.00 seconds
      

NOTE: View EMWS1.ASSOC_TRANSACTION.VIEW used (Total process time):
      real time           0.07 seconds
      cpu time            0.07 seconds
      
