*------------------------------------------------------------*
* Report Log
Date:                April 13, 2022
Time:                17:40:21
*------------------------------------------------------------*
12017  *------------------------------------------------------------*;
12018  * Part: Computing statistics for class target variables;
12019  *------------------------------------------------------------*;
12020  ods listing close;
12021  ods output onewayfreqs=WORK.TEMPFREQ;
12022  proc freq data = EMWS4.Ids_DATA order=formatted addnames;
12023  table RESPOND / missing;
12024  run;

NOTE: View EMWS4.IDS_DATA.VIEW used (Total process time):
      real time           0.10 seconds
      cpu time            0.11 seconds
      
NOTE: There were 48356 observations read from the data set DATA.CATALOG2010.
NOTE: The data set WORK.TEMPFREQ has 2 observations and 8 variables.
NOTE: There were 48356 observations read from the data set EMWS4.IDS_DATA.
NOTE: PROCEDURE FREQ used (Total process time):
      real time           0.10 seconds
      cpu time            0.11 seconds
      

12025  quit;
12026  ods listing;
12027  data WORK.Part_BAR(keep=_VARIABLE_ TYPE COUNT PERCENT _X_ _XLABEL_);
12028  label _VARIABLE_ = "%sysfunc(sasmsg(sashelp.dmine, rpt_variable_vlabel, NOQUOTE))" Type = "%sysfunc(sasmsg(sashelp.dmine, rpt_type_vlabel,         NOQUOTE))" _X_ = "%sysfunc(sasmsg(sashelp.dmine, rpt_numValue_vlabel, NOQUOTE))" _XLABEL_ =
12029     "%sysfunc(sasmsg(sashelp.dmine, rpt_fmtValue_vlabel ,    NOQUOTE))" COUNT = "%sysfunc(sasmsg(sashelp.dmine, rpt_count_vlabel,        NOQUOTE))" PERCENT = "%sysfunc(sasmsg(sashelp.dmine, rpt_percent_vlabel,      NOQUOTE))";
12030  dsid = open("WORK.TEMPFREQ");
12031  varnum = varnum(dsid, 'VARIABLE');
12032  freqnum = varnum(dsid, 'FREQUENCY');
12033  pvarnum = varnum(dsid, 'PERCENT');
12034  typenum = varnum(dsid, '_TYPE_');
12035  length _VARIABLE_ $32 TYPE $1 _XLABEL_ $32;
12036  do while(^fetch(dsid));
12037  _VARIABLE_ = strip(getvarc(dsid, varnum));
12038  count = getvarn(dsid, freqnum);
12039  percent= getvarn(dsid, pvarnum);
12040  vvarnum = varnum(dsid, _VARIABLE_);
12041  type = vartype(dsid, vvarnum);
12042  fvarnum = varnum(dsid, 'F_'!!substr(_VARIABLE_, 1, 30));
12043  _XLABEL_ = left(getvarc(dsid, fvarnum));
12044  _X_ = .;
12045  if TYPE eq 'N' then _X_ = getvarn(dsid, vvarnum);
12046  output;
12047  end;
12048  dsid = close(dsid);
12049  run;

NOTE: The data set WORK.PART_BAR has 2 observations and 6 variables.
NOTE: DATA statement used (Total process time):
      real time           0.01 seconds
      cpu time            0.01 seconds
      

12050  proc sort data=WORK.Part_BAR NOTHREADS;
12051  by _VARIABLE_;
12052  run;

NOTE: There were 2 observations read from the data set WORK.PART_BAR.
NOTE: The data set WORK.PART_BAR has 2 observations and 6 variables.
NOTE: PROCEDURE SORT used (Total process time):
      real time           0.00 seconds
      cpu time            0.00 seconds
      

12053  proc sort data=WORK.M3OVJHUB;
12054  by Name;
12055  run;

NOTE: There were 1 observations read from the data set WORK.M3OVJHUB.
NOTE: The data set WORK.M3OVJHUB has 1 observations and 21 variables.
NOTE: PROCEDURE SORT used (Total process time):
      real time           0.01 seconds
      cpu time            0.01 seconds
      

12056  data WORK.Part_BAR;
12057  merge WORK.Part_BAR(in=_a) WORK.M3OVJHUB(keep=Name Label Role rename=(Name=_Variable_ Label=_Label_));
12058  by _Variable_;
12059  label Role = "%sysfunc(sasmsg(sashelp.dmine, meta_role_vlabel ,  NOQUOTE))";
12060  label Label = "%sysfunc(sasmsg(sashelp.dmine, meta_label_vlabel , NOQUOTE))";
12061  if _a then output;
12062  run;

NOTE: Variable Label is uninitialized.
WARNING: Multiple lengths were specified for the BY variable _VARIABLE_ by input data sets. This might cause unexpected results.
NOTE: There were 2 observations read from the data set WORK.PART_BAR.
NOTE: There were 1 observations read from the data set WORK.M3OVJHUB.
NOTE: The data set WORK.PART_BAR has 2 observations and 8 variables.
NOTE: DATA statement used (Total process time):
      real time           0.00 seconds
      cpu time            0.00 seconds
      

12063  data EMWS4.Part_CLASS;
12064  length DATA $8;
12065  set WORK.Part_BAR;
12066  DATA = "DATA";
12067  run;

NOTE: There were 2 observations read from the data set WORK.PART_BAR.
NOTE: The data set EMWS4.PART_CLASS has 2 observations and 9 variables.
NOTE: DATA statement used (Total process time):
      real time           0.00 seconds
      cpu time            0.00 seconds
      

12068  *------------------------------------------------------------*;
12069  * Part: Computing statistics for interval target variables;
12070  *------------------------------------------------------------*;
12071  *------------------------------------------------------------*;
12072  * Part: Computing statistics for class target variables;
12073  *------------------------------------------------------------*;
12074  ods listing close;
12075  ods output onewayfreqs=WORK.TEMPFREQ;
12076  proc freq data = EMWS4.Part_TRAIN order=formatted addnames;
12077  table RESPOND / missing;
12078  run;

NOTE: The data set WORK.TEMPFREQ has 2 observations and 8 variables.
NOTE: There were 32235 observations read from the data set EMWS4.PART_TRAIN.
NOTE: PROCEDURE FREQ used (Total process time):
      real time           0.01 seconds
      cpu time            0.01 seconds
      

12079  quit;
12080  ods listing;
12081  data WORK.Part_BAR(keep=_VARIABLE_ TYPE COUNT PERCENT _X_ _XLABEL_);
12082  label _VARIABLE_ = "%sysfunc(sasmsg(sashelp.dmine, rpt_variable_vlabel, NOQUOTE))" Type = "%sysfunc(sasmsg(sashelp.dmine, rpt_type_vlabel,         NOQUOTE))" _X_ = "%sysfunc(sasmsg(sashelp.dmine, rpt_numValue_vlabel, NOQUOTE))" _XLABEL_ =
12083     "%sysfunc(sasmsg(sashelp.dmine, rpt_fmtValue_vlabel ,    NOQUOTE))" COUNT = "%sysfunc(sasmsg(sashelp.dmine, rpt_count_vlabel,        NOQUOTE))" PERCENT = "%sysfunc(sasmsg(sashelp.dmine, rpt_percent_vlabel,      NOQUOTE))";
12084  dsid = open("WORK.TEMPFREQ");
12085  varnum = varnum(dsid, 'VARIABLE');
12086  freqnum = varnum(dsid, 'FREQUENCY');
12087  pvarnum = varnum(dsid, 'PERCENT');
12088  typenum = varnum(dsid, '_TYPE_');
12089  length _VARIABLE_ $32 TYPE $1 _XLABEL_ $32;
12090  do while(^fetch(dsid));
12091  _VARIABLE_ = strip(getvarc(dsid, varnum));
12092  count = getvarn(dsid, freqnum);
12093  percent= getvarn(dsid, pvarnum);
12094  vvarnum = varnum(dsid, _VARIABLE_);
12095  type = vartype(dsid, vvarnum);
12096  fvarnum = varnum(dsid, 'F_'!!substr(_VARIABLE_, 1, 30));
12097  _XLABEL_ = left(getvarc(dsid, fvarnum));
12098  _X_ = .;
12099  if TYPE eq 'N' then _X_ = getvarn(dsid, vvarnum);
12100  output;
12101  end;
12102  dsid = close(dsid);
12103  run;

NOTE: The data set WORK.PART_BAR has 2 observations and 6 variables.
NOTE: DATA statement used (Total process time):
      real time           0.01 seconds
      cpu time            0.01 seconds
      

12104  proc sort data=WORK.Part_BAR NOTHREADS;
12105  by _VARIABLE_;
12106  run;

NOTE: There were 2 observations read from the data set WORK.PART_BAR.
NOTE: The data set WORK.PART_BAR has 2 observations and 6 variables.
NOTE: PROCEDURE SORT used (Total process time):
      real time           0.00 seconds
      cpu time            0.00 seconds
      

12107  proc sort data=WORK.M3OVJHUB;
12108  by Name;
12109  run;

NOTE: Input data set is already sorted, no sorting done.
NOTE: PROCEDURE SORT used (Total process time):
      real time           0.00 seconds
      cpu time            0.00 seconds
      

12110  data WORK.Part_BAR;
12111  merge WORK.Part_BAR(in=_a) WORK.M3OVJHUB(keep=Name Label Role rename=(Name=_Variable_ Label=_Label_));
12112  by _Variable_;
12113  label Role = "%sysfunc(sasmsg(sashelp.dmine, meta_role_vlabel ,  NOQUOTE))";
12114  label Label = "%sysfunc(sasmsg(sashelp.dmine, meta_label_vlabel , NOQUOTE))";
12115  if _a then output;
12116  run;

NOTE: Variable Label is uninitialized.
WARNING: Multiple lengths were specified for the BY variable _VARIABLE_ by input data sets. This might cause unexpected results.
NOTE: There were 2 observations read from the data set WORK.PART_BAR.
NOTE: There were 1 observations read from the data set WORK.M3OVJHUB.
NOTE: The data set WORK.PART_BAR has 2 observations and 8 variables.
NOTE: DATA statement used (Total process time):
      real time           0.00 seconds
      cpu time            0.00 seconds
      

12117  data WORK.Part_BAR;
12118  length DATA $8;
12119  set WORK.Part_BAR;
12120  DATA = "TRAIN";
12121  run;

NOTE: There were 2 observations read from the data set WORK.PART_BAR.
NOTE: The data set WORK.PART_BAR has 2 observations and 9 variables.
NOTE: DATA statement used (Total process time):
      real time           0.01 seconds
      cpu time            0.01 seconds
      

12122  data EMWS4.Part_CLASS;
12123  set EMWS4.Part_CLASS WORK.Part_BAR;
12124  run;

NOTE: There were 2 observations read from the data set EMWS4.PART_CLASS.
NOTE: There were 2 observations read from the data set WORK.PART_BAR.
NOTE: The data set EMWS4.PART_CLASS has 4 observations and 9 variables.
NOTE: DATA statement used (Total process time):
      real time           0.00 seconds
      cpu time            0.00 seconds
      

12125  *------------------------------------------------------------*;
12126  * Part: Computing statistics for interval target variables;
12127  *------------------------------------------------------------*;
12128  *------------------------------------------------------------*;
12129  * Part: Computing statistics for class target variables;
12130  *------------------------------------------------------------*;
12131  ods listing close;
12132  ods output onewayfreqs=WORK.TEMPFREQ;
12133  proc freq data = EMWS4.Part_VALIDATE order=formatted addnames;
12134  table RESPOND / missing;
12135  run;

NOTE: The data set WORK.TEMPFREQ has 2 observations and 8 variables.
NOTE: There were 16121 observations read from the data set EMWS4.PART_VALIDATE.
NOTE: PROCEDURE FREQ used (Total process time):
      real time           0.03 seconds
      cpu time            0.01 seconds
      

12136  quit;
12137  ods listing;
12138  data WORK.Part_BAR(keep=_VARIABLE_ TYPE COUNT PERCENT _X_ _XLABEL_);
12139  label _VARIABLE_ = "%sysfunc(sasmsg(sashelp.dmine, rpt_variable_vlabel, NOQUOTE))" Type = "%sysfunc(sasmsg(sashelp.dmine, rpt_type_vlabel,         NOQUOTE))" _X_ = "%sysfunc(sasmsg(sashelp.dmine, rpt_numValue_vlabel, NOQUOTE))" _XLABEL_ =
12140     "%sysfunc(sasmsg(sashelp.dmine, rpt_fmtValue_vlabel ,    NOQUOTE))" COUNT = "%sysfunc(sasmsg(sashelp.dmine, rpt_count_vlabel,        NOQUOTE))" PERCENT = "%sysfunc(sasmsg(sashelp.dmine, rpt_percent_vlabel,      NOQUOTE))";
12141  dsid = open("WORK.TEMPFREQ");
12142  varnum = varnum(dsid, 'VARIABLE');
12143  freqnum = varnum(dsid, 'FREQUENCY');
12144  pvarnum = varnum(dsid, 'PERCENT');
12145  typenum = varnum(dsid, '_TYPE_');
12146  length _VARIABLE_ $32 TYPE $1 _XLABEL_ $32;
12147  do while(^fetch(dsid));
12148  _VARIABLE_ = strip(getvarc(dsid, varnum));
12149  count = getvarn(dsid, freqnum);
12150  percent= getvarn(dsid, pvarnum);
12151  vvarnum = varnum(dsid, _VARIABLE_);
12152  type = vartype(dsid, vvarnum);
12153  fvarnum = varnum(dsid, 'F_'!!substr(_VARIABLE_, 1, 30));
12154  _XLABEL_ = left(getvarc(dsid, fvarnum));
12155  _X_ = .;
12156  if TYPE eq 'N' then _X_ = getvarn(dsid, vvarnum);
12157  output;
12158  end;
12159  dsid = close(dsid);
12160  run;

NOTE: The data set WORK.PART_BAR has 2 observations and 6 variables.
NOTE: DATA statement used (Total process time):
      real time           0.01 seconds
      cpu time            0.01 seconds
      

12161  proc sort data=WORK.Part_BAR NOTHREADS;
12162  by _VARIABLE_;
12163  run;

NOTE: There were 2 observations read from the data set WORK.PART_BAR.
NOTE: The data set WORK.PART_BAR has 2 observations and 6 variables.
NOTE: PROCEDURE SORT used (Total process time):
      real time           0.01 seconds
      cpu time            0.01 seconds
      

12164  proc sort data=WORK.M3OVJHUB;
12165  by Name;
12166  run;

NOTE: Input data set is already sorted, no sorting done.
NOTE: PROCEDURE SORT used (Total process time):
      real time           0.00 seconds
      cpu time            0.00 seconds
      

12167  data WORK.Part_BAR;
12168  merge WORK.Part_BAR(in=_a) WORK.M3OVJHUB(keep=Name Label Role rename=(Name=_Variable_ Label=_Label_));
12169  by _Variable_;
12170  label Role = "%sysfunc(sasmsg(sashelp.dmine, meta_role_vlabel ,  NOQUOTE))";
12171  label Label = "%sysfunc(sasmsg(sashelp.dmine, meta_label_vlabel , NOQUOTE))";
12172  if _a then output;
12173  run;

NOTE: Variable Label is uninitialized.
WARNING: Multiple lengths were specified for the BY variable _VARIABLE_ by input data sets. This might cause unexpected results.
NOTE: There were 2 observations read from the data set WORK.PART_BAR.
NOTE: There were 1 observations read from the data set WORK.M3OVJHUB.
NOTE: The data set WORK.PART_BAR has 2 observations and 8 variables.
NOTE: DATA statement used (Total process time):
      real time           0.00 seconds
      cpu time            0.00 seconds
      

12174  data WORK.Part_BAR;
12175  length DATA $8;
12176  set WORK.Part_BAR;
12177  DATA = "VALIDATE";
12178  run;

NOTE: There were 2 observations read from the data set WORK.PART_BAR.
NOTE: The data set WORK.PART_BAR has 2 observations and 9 variables.
NOTE: DATA statement used (Total process time):
      real time           0.00 seconds
      cpu time            0.00 seconds
      

12179  data EMWS4.Part_CLASS;
12180  set EMWS4.Part_CLASS WORK.Part_BAR;
12181  run;

NOTE: There were 4 observations read from the data set EMWS4.PART_CLASS.
NOTE: There were 2 observations read from the data set WORK.PART_BAR.
NOTE: The data set EMWS4.PART_CLASS has 6 observations and 9 variables.
NOTE: DATA statement used (Total process time):
      real time           0.00 seconds
      cpu time            0.00 seconds
      

12182  *------------------------------------------------------------*;
12183  * Part: Computing statistics for interval target variables;
12184  *------------------------------------------------------------*;
12185  data EMWS4.Part_CLASS(rename=(_VARIABLE_=VARIABLE _X_=VALUE _XLABEL_=FORMATTEDVALUE));
12186  label DATA = "%sysfunc(sasmsg(sashelp.dmine, rpt_data_vlabel ,   NOQUOTE))";
12187  set EMWS4.Part_CLASS;
12188  drop type role;
12189  run;

NOTE: There were 6 observations read from the data set EMWS4.PART_CLASS.
NOTE: The data set EMWS4.PART_CLASS has 6 observations and 7 variables.
NOTE: DATA statement used (Total process time):
      real time           0.01 seconds
      cpu time            0.01 seconds
      

12190  proc sort data=EMWS4.Part_CLASS NOTHREADS;
12191  by DATA;
12192  run;

NOTE: There were 6 observations read from the data set EMWS4.PART_CLASS.
NOTE: The data set EMWS4.PART_CLASS has 6 observations and 7 variables.
NOTE: PROCEDURE SORT used (Total process time):
      real time           0.00 seconds
      cpu time            0.00 seconds
      

12193  %let _cn = %sysfunc(getoption(CENTER));
12194  %let _nb = %sysfunc(getoption(NUMBER));
12195  options nonumber nocenter;
12196  proc print data=EMWS4.Part_CLASS noobs label;
12197  by DATA;
12198  title9 ' ';
12199  title10 "%sysfunc(sasmsg(sashelp.dmine, rpt_classTargetStats_title, NOQUOTE))";
12200  run;

NOTE: There were 6 observations read from the data set EMWS4.PART_CLASS.
NOTE: The PROCEDURE PRINT printed page 3.
NOTE: PROCEDURE PRINT used (Total process time):
      real time           0.01 seconds
      cpu time            0.01 seconds
      

12201  title10;
12202  options &_cn &_nb;

