NOTE: PROCEDURE PRINTTO used (Total process time):
      real time           0.00 seconds
      cpu time            0.00 seconds
      

Traverser: Traverser invoked.  MPCONNECT command is !sascmdv -nosyntaxcheck -noasynchio -noobjectserver. 
Traverser: Beginning flow traversal 
13358      data _null_;
MPRINT(EM_DIAGRAM):    data _null_;
13359      file emwipmsg;
MPRINT(EM_DIAGRAM):   file emwipmsg;
13360      put '<Node Id="Ids" Event="Update" Pid="" Gridid=""/>';
MPRINT(EM_DIAGRAM):   put '<Node Id="Ids" Event="Update" Pid="" Gridid=""/>';
13361      run;
MPRINT(EM_DIAGRAM):   run;

NOTE: The file EMWIPMSG is:
      Local Host Name=DESKTOP-IGMQS45,
      Local Host IP addr=fe80::b1d3:5519:2705:8806%15,
      Peer Hostname Name=DESKTOP-IGMQS45,
      Peer IP addr=127.0.0.1,Peer Name=N/A,
      Peer Portno=50415,Lrecl=32767,Recfm=Variable

NOTE: 1 record was written to the file EMWIPMSG.
      The minimum record length was 48.
      The maximum record length was 48.
NOTE: DATA statement used (Total process time):
      real time           0.00 seconds
      cpu time            0.00 seconds
      

13362      %let emloopmode =;
*------------------------------------------------------------* 
* 
* Ids : Beginning update before running 
* datetime : 12APR2022:13:40:57 
* 
*------------------------------------------------------------* 
MPRINT(EM_DIAGRAM):     filename _emtool_ 'C:\Users\Kyle McLester\Desktop\dsba-6201\final-project\Workspaces\EMWS1\Ids\PROPERTIES.xml' encoding="UTF-8" NOBOM;
13364      %let _HPDMGRIDHOST=;
13365      %let _HPDMGRIDINSTALLLOC=;
13366      %let _HPDMGRIDDATASERVER=;
13367      %hpdm_gridSetOPtions;
MPRINT(EM_DIAGRAM):   
MPRINT(HPDM_GRIDSETOPTIONS):   data _null_;
MPRINT(HPDM_GRIDSETOPTIONS):   length optionString string $2000;
MPRINT(HPDM_GRIDSETOPTIONS):   optionString = reverse(getoption('SET'));
MPRINT(HPDM_GRIDSETOPTIONS):   index = index(optionString, reverse('GRIDHOST'));
MPRINT(HPDM_GRIDSETOPTIONS):   if index then do;
MPRINT(HPDM_GRIDSETOPTIONS):   string = reverse(substr(optionString, 1, index-4));
MPRINT(HPDM_GRIDSETOPTIONS):   host = '"'!!strip(tranwrd(scan(string, 1, ']'), '"', ''))!!'"';
MPRINT(HPDM_GRIDSETOPTIONS):   call symput('_HPDMGRIDHOST', strip(host));
MPRINT(HPDM_GRIDSETOPTIONS):   end;
MPRINT(HPDM_GRIDSETOPTIONS):   index = index(optionString, reverse('GRIDINSTALLLOC'));
MPRINT(HPDM_GRIDSETOPTIONS):   if index then do;
MPRINT(HPDM_GRIDSETOPTIONS):   string = reverse(substr(optionString, 1, index-4));
MPRINT(HPDM_GRIDSETOPTIONS):   install = '"'!!strip(tranwrd(scan(string, 1, ']'), '"', ''))!!'"';
MPRINT(HPDM_GRIDSETOPTIONS):   call symput('_HPDMGRIDINSTALLLOC', strip(install));
MPRINT(HPDM_GRIDSETOPTIONS):   end;
MPRINT(HPDM_GRIDSETOPTIONS):   index = index(optionString, reverse('GRIDDATASERVER'));
MPRINT(HPDM_GRIDSETOPTIONS):   if index then do;
MPRINT(HPDM_GRIDSETOPTIONS):   string = reverse(substr(optionString, 1, index-4));
MPRINT(HPDM_GRIDSETOPTIONS):   server = '"'!!strip(tranwrd(scan(string, 1, ']'), '"', ''))!!'"';
MPRINT(HPDM_GRIDSETOPTIONS):   call symput('_HPDMGRIDDATASERVER', strip(server));
MPRINT(HPDM_GRIDSETOPTIONS):   end;
MPRINT(HPDM_GRIDSETOPTIONS):   run;

NOTE: DATA statement used (Total process time):
      real time           0.00 seconds
      cpu time            0.00 seconds
      

MPRINT(EM_DIAGRAM):  ;

*------------------------------------------------------------* 
* 
* Ids : End update 
* datetime : 12APR2022:13:40:57 
* 
*------------------------------------------------------------* 
13368      %let _emdsep = \;
13369      %em_getactionstatus(emlib =EMWS1, nodeid=Ids);
MPRINT(EM_DIAGRAM):   
MPRINT(EM_GETACTIONSTATUS):   proc display c=sashelp.emutil.getactionstatus.scl;
MPRINT(EM_GETACTIONSTATUS):   run;

13370      %let em_Train = N;
13371      %let em_Score = N;
13372      %let em_Report = N;
13373      %let em_Run = N;
NOTE: PROCEDURE DISPLAY used (Total process time):
      real time           0.01 seconds
      cpu time            0.01 seconds
      

MPRINT(EM_GETACTIONSTATUS):   
MPRINT(EM_DIAGRAM):  ;

13374      data _null_;
MPRINT(EM_DIAGRAM):    data _null_;
13375      file emwipmsg;
MPRINT(EM_DIAGRAM):   file emwipmsg;
13376      put '<Node Id="Ids" Event="Complete" Pid="" Gridid=""/>';
MPRINT(EM_DIAGRAM):   put '<Node Id="Ids" Event="Complete" Pid="" Gridid=""/>';
13377      run;
MPRINT(EM_DIAGRAM):   run;

NOTE: The file EMWIPMSG is:
      Local Host Name=DESKTOP-IGMQS45,
      Local Host IP addr=fe80::b1d3:5519:2705:8806%15,
      Peer Hostname Name=DESKTOP-IGMQS45,
      Peer IP addr=127.0.0.1,Peer Name=N/A,
      Peer Portno=50415,Lrecl=32767,Recfm=Variable

NOTE: 1 record was written to the file EMWIPMSG.
      The minimum record length was 50.
      The maximum record length was 50.
NOTE: DATA statement used (Total process time):
      real time           0.00 seconds
      cpu time            0.00 seconds
      

13378      data _null_;
MPRINT(EM_DIAGRAM):    data _null_;
13379      run;
MPRINT(EM_DIAGRAM):   run;

NOTE: DATA statement used (Total process time):
      real time           0.00 seconds
      cpu time            0.00 seconds
      

Node "Ids" is up to date and doesn't need to run. 
traverser_readyNode_note 
13380      data _null_;
MPRINT(EM_DIAGRAM):    data _null_;
13381      file emwipmsg;
MPRINT(EM_DIAGRAM):   file emwipmsg;
13382      put '<Node Id="Assoc2" Event="Update" Pid="" Gridid=""/>';
MPRINT(EM_DIAGRAM):   put '<Node Id="Assoc2" Event="Update" Pid="" Gridid=""/>';
13383      run;
MPRINT(EM_DIAGRAM):   run;

NOTE: The file EMWIPMSG is:
      Local Host Name=DESKTOP-IGMQS45,
      Local Host IP addr=fe80::b1d3:5519:2705:8806%15,
      Peer Hostname Name=DESKTOP-IGMQS45,
      Peer IP addr=127.0.0.1,Peer Name=N/A,
      Peer Portno=50415,Lrecl=32767,Recfm=Variable

NOTE: 1 record was written to the file EMWIPMSG.
      The minimum record length was 51.
      The maximum record length was 51.
NOTE: DATA statement used (Total process time):
      real time           0.00 seconds
      cpu time            0.00 seconds
      

13384      %let emloopmode =;
*------------------------------------------------------------* 
* 
* Assoc2 : Beginning update before running 
* datetime : 12APR2022:13:40:58 
* 
*------------------------------------------------------------* 
MPRINT(EM_DIAGRAM):     data WORK.Assoc2_FILTERSET;
MPRINT(EM_DIAGRAM):   length PORT $32 USE $1;
MPRINT(EM_DIAGRAM):   DROP DELTACODE APPLYDELTA APPLYSCORE IMPORTPORT;
MPRINT(EM_DIAGRAM):   set EMWS1.Ids_exportSet ;
MPRINT(EM_DIAGRAM):   PORT = '';
MPRINT(EM_DIAGRAM):   USE = '';
MPRINT(EM_DIAGRAM):   where role in( "TRANSACTION" ) and EXPORT = 'Y' ;
MPRINT(EM_DIAGRAM):   run;
MPRINT(EM_DIAGRAM):    filename _emtool_ 'C:\Users\Kyle McLester\Desktop\dsba-6201\final-project\Workspaces\EMWS1\Assoc2\PROPERTIES.xml' encoding="UTF-8" NOBOM;
13401      %let _HPDMGRIDHOST=;
13402      %let _HPDMGRIDINSTALLLOC=;
13403      %let _HPDMGRIDDATASERVER=;
13404      %hpdm_gridSetOPtions;
MPRINT(EM_DIAGRAM):   
MPRINT(HPDM_GRIDSETOPTIONS):   data _null_;
MPRINT(HPDM_GRIDSETOPTIONS):   length optionString string $2000;
MPRINT(HPDM_GRIDSETOPTIONS):   optionString = reverse(getoption('SET'));
MPRINT(HPDM_GRIDSETOPTIONS):   index = index(optionString, reverse('GRIDHOST'));
MPRINT(HPDM_GRIDSETOPTIONS):   if index then do;
MPRINT(HPDM_GRIDSETOPTIONS):   string = reverse(substr(optionString, 1, index-4));
MPRINT(HPDM_GRIDSETOPTIONS):   host = '"'!!strip(tranwrd(scan(string, 1, ']'), '"', ''))!!'"';
MPRINT(HPDM_GRIDSETOPTIONS):   call symput('_HPDMGRIDHOST', strip(host));
MPRINT(HPDM_GRIDSETOPTIONS):   end;
MPRINT(HPDM_GRIDSETOPTIONS):   index = index(optionString, reverse('GRIDINSTALLLOC'));
MPRINT(HPDM_GRIDSETOPTIONS):   if index then do;
MPRINT(HPDM_GRIDSETOPTIONS):   string = reverse(substr(optionString, 1, index-4));
MPRINT(HPDM_GRIDSETOPTIONS):   install = '"'!!strip(tranwrd(scan(string, 1, ']'), '"', ''))!!'"';
MPRINT(HPDM_GRIDSETOPTIONS):   call symput('_HPDMGRIDINSTALLLOC', strip(install));
MPRINT(HPDM_GRIDSETOPTIONS):   end;
MPRINT(HPDM_GRIDSETOPTIONS):   index = index(optionString, reverse('GRIDDATASERVER'));
MPRINT(HPDM_GRIDSETOPTIONS):   if index then do;
MPRINT(HPDM_GRIDSETOPTIONS):   string = reverse(substr(optionString, 1, index-4));
MPRINT(HPDM_GRIDSETOPTIONS):   server = '"'!!strip(tranwrd(scan(string, 1, ']'), '"', ''))!!'"';
MPRINT(HPDM_GRIDSETOPTIONS):   call symput('_HPDMGRIDDATASERVER', strip(server));
MPRINT(HPDM_GRIDSETOPTIONS):   end;
MPRINT(HPDM_GRIDSETOPTIONS):   run;

NOTE: DATA statement used (Total process time):
      real time           0.00 seconds
      cpu time            0.00 seconds
      

MPRINT(EM_DIAGRAM):  ;

*------------------------------------------------------------* 
* 
* Assoc2 : End update 
* datetime : 12APR2022:13:40:58 
* 
*------------------------------------------------------------* 
13405      %let _emdsep = \;
13406      %em_getactionstatus(emlib =EMWS1, nodeid=Assoc2);
MPRINT(EM_DIAGRAM):   
MPRINT(EM_GETACTIONSTATUS):   proc display c=sashelp.emutil.getactionstatus.scl;
MPRINT(EM_GETACTIONSTATUS):   run;

13407      %let em_Train = Y;
13408      %let em_Report = Y;
13409      %let em_Score = Y;
13410      %let em_Run = Y;
NOTE: PROCEDURE DISPLAY used (Total process time):
      real time           0.01 seconds
      cpu time            0.01 seconds
      

MPRINT(EM_GETACTIONSTATUS):   
MPRINT(EM_DIAGRAM):  ;

13411      data _null_;
MPRINT(EM_DIAGRAM):    data _null_;
13412      file emwipmsg;
MPRINT(EM_DIAGRAM):   file emwipmsg;
13413      put '<Node Id="Assoc2" Event="Run" Pid="" Gridid=""/>';
MPRINT(EM_DIAGRAM):   put '<Node Id="Assoc2" Event="Run" Pid="" Gridid=""/>';
13414      run;
MPRINT(EM_DIAGRAM):   run;

NOTE: The file EMWIPMSG is:
      Local Host Name=DESKTOP-IGMQS45,
      Local Host IP addr=fe80::b1d3:5519:2705:8806%15,
      Peer Hostname Name=DESKTOP-IGMQS45,
      Peer IP addr=127.0.0.1,Peer Name=N/A,
      Peer Portno=50415,Lrecl=32767,Recfm=Variable

NOTE: 1 record was written to the file EMWIPMSG.
      The minimum record length was 48.
      The maximum record length was 48.
NOTE: DATA statement used (Total process time):
      real time           0.00 seconds
      cpu time            0.00 seconds
      

13415      options sascmd="!sascmdv -nosyntaxcheck -noasynchio -noobjectserver";
MPRINT(EM_DIAGRAM):    options sascmd="!sascmdv -nosyntaxcheck -noasynchio -noobjectserver";
13416      %let SYSCC=0;
13417      signon C0ER7Q9V macvar=C0ER7Q9V;
MPRINT(EM_DIAGRAM):   signon macvar=C0ER7Q9V;
WARNING: TCP Access method tracing is enabled.
NOTE: Default SASCMD value being used is: "C:\Program Files\SASHome\SASFoundation\9.4\SAS.EXE" -nologo -noterminal -noxcmd   -sspi -secpackage NTLM  -xcmd.
NOTE: Remote signon to C0ER7Q9V commencing (SAS Release 9.04.01M6P111518).
NOTE: Unable to open SASUSER.PROFILE. WORK.PROFILE will be opened instead.
NOTE: All profile changes will be lost at the end of the session.
NOTE: Copyright (c) 2016 by SAS Institute Inc., Cary, NC, USA. 
NOTE: SAS (r) Proprietary Software 9.4 (TS1M6) 
      Licensed to UNIVERSITY OF NORTH CAROLINA CHARLOTTE - SFA T&R, Site 70080897.
NOTE: This session is executing on the X64_10HOME  platform.



NOTE: Analytical products:
      
      SAS/STAT 15.1
      SAS/ETS 15.1
      SAS/IML 15.1
      SAS/QC 15.1

NOTE: Additional host information:

 X64_10HOME WIN 10.0.19041  Workstation

NOTE: SAS initialization used:
      real time           0.37 seconds
      cpu time            0.34 seconds
      
NOTE: Remote signon to C0ER7Q9V complete.
13418      rsubmit C0ER7Q9V wait=N persist=N  ;
MPRINT(EM_DIAGRAM):    rsubmit wait=N persist=N ;
The SAS System

NOTE: Background remote submit to C0ER7Q9V in progress.
NOTE: Remote submit to C0ER7Q9V commencing.
MPRINT(EM_DIAGRAM):   %global emexceptionstring emloopmode emloopnumber;
MPRINT(EM_DIAGRAM):   %let EMUSERID = %nrbquote(Kyle McLester);
MPRINT(EM_DIAGRAM):   %let EMLDSPATH = %nrstr(C:\Users\Kyle McLester\Desktop\dsba-6201\final-project\DataSources);
MPRINT(EM_DIAGRAM):   %let EMFLOWMODE = Y;
MPRINT(EM_DIAGRAM):   %let EMONODE = %bquote(Assoc2);
MPRINT(EM_DIAGRAM):   %let EMPATH = %nrstr(C:\Users\Kyle McLester\Desktop\dsba-6201\final-project\Workspaces\EMWS1);
MPRINT(EM_DIAGRAM):   %let EMWS = EMWS1;
MPRINT(EM_DIAGRAM):   %let EMNODECLASS = SASHELP.EMEXPL.ASSOCIATE.CLASS;
MPRINT(EM_DIAGRAM):   %let EMSTATUSDIR = %nrstr(C:\Users\Kyle McLester\Desktop\dsba-6201\final-project\Workspaces\EMWS1\System);
MPRINT(EM_DIAGRAM):   %let EM_DEBUG =;
MPRINT(EM_DIAGRAM):   %let EMPROJECTCODE = %nrstr(C:\Users\Kyle McLester\Desktop\dsba-6201\final-project\System\STARTUP.sas);
MPRINT(EM_DIAGRAM):   %let EMSERVERCODE = %nrstr();
MPRINT(EM_DIAGRAM):   %let EM_USERID = %nrbquote(Kyle McLester);
MPRINT(EM_DIAGRAM):   %let EM_METAHOST =;
MPRINT(EM_DIAGRAM):   %let EM_METAPORT =;
MPRINT(EM_DIAGRAM):   %let EM_JAVAPACKAGE = %bquote();
MPRINT(EM_DIAGRAM):   %let EMPROJECTPATH = %nrstr(C:\Users\Kyle McLester\Desktop\dsba-6201\final-project);
MPRINT(EM_DIAGRAM):   %let EMPROJNAME = %nrstr(final-project);
MPRINT(EM_DIAGRAM):   %let EMPROJPATH = %nrstr(C:\Users\Kyle McLester\Desktop\dsba-6201);
MPRINT(EM_DIAGRAM):   %let em_Train = Y;
MPRINT(EM_DIAGRAM):   %let em_Score = Y;
MPRINT(EM_DIAGRAM):   %let em_Report = Y;
MPRINT(EM_DIAGRAM):   %let emloopmode =;
MPRINT(EM_DIAGRAM):   %let emloopnumber =0;
MPRINT(EM_DIAGRAM):   %let emloopId =Assoc2;
MPRINT(EM_DIAGRAM):   %let emexceptionstring=;
MPRINT(EM_DIAGRAM):   options VBUFSIZE= 64M;
MPRINT(EM_DIAGRAM):   %em5run();
MPRINT(EM_DIAGRAM):   %put &&emexceptionstring;
MPRINT(EM_DIAGRAM):   %sysrput emerror_Assoc2 = &&emexceptionstring;
MPRINT(EM_DIAGRAM):   %put &&emloopmode;
MPRINT(EM_DIAGRAM):   %sysrput emloopmode_Assoc2 = &&emloopmode;
MPRINT(EM_DIAGRAM):   endrsubmit;
13419      data _null_;
MPRINT(EM_DIAGRAM):    data _null_;
13420      file emwipmsg;
MPRINT(EM_DIAGRAM):   file emwipmsg;
13421      put '<Node Id="Assoc2" Event="Run" Pid=" " Gridid=""/>';
MPRINT(EM_DIAGRAM):   put '<Node Id="Assoc2" Event="Run" Pid=" " Gridid=""/>';
13422      run;
MPRINT(EM_DIAGRAM):   run;

NOTE: The file EMWIPMSG is:
      Local Host Name=DESKTOP-IGMQS45,
      Local Host IP addr=fe80::b1d3:5519:2705:8806%15,
      Peer Hostname Name=DESKTOP-IGMQS45,
      Peer IP addr=127.0.0.1,Peer Name=N/A,
      Peer Portno=50415,Lrecl=32767,Recfm=Variable

NOTE: 1 record was written to the file EMWIPMSG.
      The minimum record length was 49.
      The maximum record length was 49.
NOTE: DATA statement used (Total process time):
      real time           0.00 seconds
      cpu time            0.00 seconds
      

13423      data _null_;
MPRINT(EM_DIAGRAM):    data _null_;
13424      run;
MPRINT(EM_DIAGRAM):   run;

NOTE: DATA statement used (Total process time):
      real time           0.00 seconds
      cpu time            0.00 seconds
      

traverser_runningNode_note 
13425      data _null_;
MPRINT(EM_DIAGRAM):    data _null_;
13426      run;
MPRINT(EM_DIAGRAM):   run;

NOTE: DATA statement used (Total process time):
      real time           0.00 seconds
      cpu time            0.00 seconds
      

traverser_runningNode_note 
13427      data _null_;
MPRINT(EM_DIAGRAM):    data _null_;
13428      run;
MPRINT(EM_DIAGRAM):   run;

NOTE: DATA statement used (Total process time):
      real time           0.00 seconds
      cpu time            0.00 seconds
      

traverser_runningNode_note 
13429      data _null_;
MPRINT(EM_DIAGRAM):    data _null_;
13430      run;
MPRINT(EM_DIAGRAM):   run;

NOTE: DATA statement used (Total process time):
      real time           0.00 seconds
      cpu time            0.00 seconds
      

traverser_runningNode_note 
13431      data _null_;
MPRINT(EM_DIAGRAM):    data _null_;
13432      run;
MPRINT(EM_DIAGRAM):   run;

NOTE: DATA statement used (Total process time):
      real time           0.00 seconds
      cpu time            0.00 seconds
      

traverser_runningNode_note 
13433      data _null_;
MPRINT(EM_DIAGRAM):    data _null_;
13434      run;
MPRINT(EM_DIAGRAM):   run;

NOTE: DATA statement used (Total process time):
      real time           0.00 seconds
      cpu time            0.00 seconds
      

1     %global emexceptionstring emloopmode emloopnumber;
2     %let EMUSERID = %nrbquote(Kyle McLester);
3     %let EMLDSPATH = %nrstr(C:\Users\Kyle McLester\Desktop\dsba-6201\final-project\DataSources);
4     %let EMFLOWMODE = Y;
5     %let EMONODE = %bquote(Assoc2);
6     %let EMPATH = %nrstr(C:\Users\Kyle McLester\Desktop\dsba-6201\final-project\Workspaces\EMWS1);
7     %let EMWS = EMWS1;
8     %let EMNODECLASS = SASHELP.EMEXPL.ASSOCIATE.CLASS;
9     %let EMSTATUSDIR = %nrstr(C:\Users\Kyle McLester\Desktop\dsba-6201\final-project\Workspaces\EMWS1\System);
10    %let EM_DEBUG =;
11    %let EMPROJECTCODE = %nrstr(C:\Users\Kyle McLester\Desktop\dsba-6201\final-project\System\STARTUP.sas);
12    %let EMSERVERCODE = %nrstr();
13    %let EM_USERID = %nrbquote(Kyle McLester);
14    %let EM_METAHOST =;
15    %let EM_METAPORT =;
16    %let EM_JAVAPACKAGE = %bquote();
17    %let EMPROJECTPATH = %nrstr(C:\Users\Kyle McLester\Desktop\dsba-6201\final-project);
18    %let EMPROJNAME = %nrstr(final-project);
19    %let EMPROJPATH = %nrstr(C:\Users\Kyle McLester\Desktop\dsba-6201);
20    %let em_Train = Y;
21    %let em_Score = Y;
22    %let em_Report = Y;
23    %let emloopmode =;
24    %let emloopnumber =0;
25    %let emloopId =Assoc2;
26    %let emexceptionstring=;
27    options VBUFSIZE= 64M;
28    %em5run();

*------------------------------------------------------------* 
* 
* Assoc2 : Running 
* datetime : 12APR2022:13:40:59 
* 
*------------------------------------------------------------* 
6575   %let SYSCC =0;
6576   %let EMGROUPMODE =;
6577   %let EMGROUPID =;
12995  data EMWS1.Assoc2_EMTRAINVARIABLE;
12996  length NAME $64;
12997  set EMWS1.Assoc2_VariableSet;
12998  label NAME = "%sysfunc(sasmsg(sashelp.dmine, meta_name_vlabel, NOQUOTE))" ROLE = "%sysfunc(sasmsg(sashelp.dmine, meta_role_vlabel, NOQUOTE))" LEVEL = "%sysfunc(sasmsg(sashelp.dmine, meta_level_vlabel, NOQUOTE))" ORDER =
12999     "%sysfunc(sasmsg(sashelp.dmine, meta_order_vlabel, NOQUOTE))" LABEL = "%sysfunc(sasmsg(sashelp.dmine, meta_label_vlabel, NOQUOTE))";
13000  label USE = "%sysfunc(sasmsg(sashelp.dmine, META_USE_VLABEL, NOQUOTE))";
13001  drop lowerlimit upperlimit creator--type format--length;
13002  run;

NOTE: There were 3 observations read from the data set EMWS1.ASSOC2_VARIABLESET.
NOTE: The data set EMWS1.ASSOC2_EMTRAINVARIABLE has 3 observations and 6 variables.
NOTE: DATA statement used (Total process time):
      real time           0.01 seconds
      cpu time            0.01 seconds
      

13003  %let emexceptionstring =;
*------------------------------------------------------------* 
* 
* Assoc2 : End run 
* datetime : 12APR2022:13:41:01 
* 
*------------------------------------------------------------* 
NOTE: The PROCEDURE DISPLAY printed pages 1-4.
NOTE: PROCEDURE DISPLAY used (Total process time):
      real time           2.64 seconds
      cpu time            2.07 seconds
      

13006   %put &&emexceptionstring;
 
13007   %sysrput emerror_Assoc2 = &&emexceptionstring;
13008   %put &&emloopmode;
 
13009   %sysrput emloopmode_Assoc2 = &&emloopmode;
NOTE: Remote submit to C0ER7Q9V complete.
NOTE: Remote signoff from C0ER7Q9V commencing.
NOTE: SAS Institute Inc., SAS Campus Drive, Cary, NC USA 27513-2414
NOTE: The SAS System used:
      real time           3.15 seconds
      cpu time            2.46 seconds
      
NOTE: Remote signoff from C0ER7Q9V complete.
traverser_runningNode_note 
13435      data _null_;
MPRINT(EM_DIAGRAM):    data _null_;
13436      run;
MPRINT(EM_DIAGRAM):   run;

NOTE: DATA statement used (Total process time):
      real time           0.00 seconds
      cpu time            0.00 seconds
      

Node "Assoc2" ran. 
MPRINT(EM_DIAGRAM):    filename _emtool_ 'C:\Users\Kyle McLester\Desktop\dsba-6201\final-project\Workspaces\EMWS1\Assoc2\TRAINPROPERTIES.xml' encoding="UTF-8" NOBOM;
Node "Assoc2" succeeded. 
13438      data _null_;
MPRINT(EM_DIAGRAM):    data _null_;
13439      file emwipmsg;
MPRINT(EM_DIAGRAM):   file emwipmsg;
13440      put '<Node Id="Assoc2" Event="Complete" Pid="8792" Gridid=""/>';
MPRINT(EM_DIAGRAM):   put '<Node Id="Assoc2" Event="Complete" Pid="8792" Gridid=""/>';
13441      run;
MPRINT(EM_DIAGRAM):   run;

NOTE: The file EMWIPMSG is:
      Local Host Name=DESKTOP-IGMQS45,
      Local Host IP addr=fe80::b1d3:5519:2705:8806%15,
      Peer Hostname Name=DESKTOP-IGMQS45,
      Peer IP addr=127.0.0.1,Peer Name=N/A,
      Peer Portno=50415,Lrecl=32767,Recfm=Variable

NOTE: 1 record was written to the file EMWIPMSG.
      The minimum record length was 57.
      The maximum record length was 57.
NOTE: DATA statement used (Total process time):
      real time           0.00 seconds
      cpu time            0.00 seconds
      

Traverser: Run Completed 
NOTE: There are no active tasks/transactions.
13442      waitfor _all_ C0ER7Q9V;
MPRINT(EM_DIAGRAM):    waitfor _all_ C0ER7Q9V;
13443      signoff C0ER7Q9V;
MPRINT(EM_DIAGRAM):   signoff;
NOTE: A link to C0ER7Q9V does not exist.  SIGNOFF is not necessary.
13444      proc printto;
MPRINT(EM_DIAGRAM):   proc printto;
13445      run;
MPRINT(EM_DIAGRAM):   run;

