NOTE: PROCEDURE PRINTTO used (Total process time):
      real time           0.00 seconds
      cpu time            0.00 seconds
      

1 
Traverser: Traverser invoked.  MPCONNECT command is sas. 
Traverser: Beginning flow traversal 
*------------------------------------------------------------* 
* 
* Ids : Beginning Update 
* datetime : 13APR2022:12:27:07 
* 
*------------------------------------------------------------* 
7740       %let _HPDMGRIDHOST=;
7741       %let _HPDMGRIDINSTALLLOC=;
7742       %let _HPDMGRIDDATASERVER=;
7743       %hpdm_gridSetOPtions;

NOTE: DATA statement used (Total process time):
      real time           0.00 seconds
      cpu time            0.00 seconds
      


*------------------------------------------------------------* 
* 
* Ids : End Update 
* datetime : 13APR2022:12:27:07 
* 
*------------------------------------------------------------* 
Traverser: Run Completed 
7744       proc printto;
7745       run;

