 
                                                                                                                                                                                                                                                                
 
Variable Importance

                                                                                          Ratio of
                                Number of                                               Validation
Variable                        Splitting                            Validation        to Training
Name         Label                Rules           Importance         Importance         Importance

DemAge       Age                    1                 1.0000             1.0000             1.0000
DemAffl      Affluence Grade        4                 0.7664             0.7303             0.9529
DemGender    Gender                 4                 0.3934             0.4876             1.2394
 
                                                                                                                                                                                                                                                                
 
Tree Leaf Report

                                 Training
Node               Training       Percent     Validation     Validation
 Id     Depth    Observations        1       Observations     Percent 1

 11       2          7715          0.10          4138           0.10   
 12       2          1984          0.26          1077           0.29   
  8       2          1319          0.23           726           0.23   
 14       3           685          0.54           371           0.60   
 17       3           588          0.79           316           0.78   
 23       3           502          0.58           255           0.60   
 15       3           279          0.36           125           0.36   
 18       3           261          0.49           133           0.44   
  7       2           249          0.95           137           0.94   
 24       3           212          0.36           127           0.27   
 16       3           182          0.15           124           0.15   
 10       2           133          0.78            73           0.81   
 25       3           126          0.20            74           0.14   
 57       4            95          0.71            44           0.68   
 58       4            67          0.42            33           0.21   
 33       3            48          0.96            25           0.92   
 
                                                                                                                                                                                                                                                                
 
 
Fit Statistics

Target=TargetBuy Target Label=Organics Purchase Indicator

   Fit
Statistics    Statistics Label                 Train    Validation

  _NOBS_      Sum of Frequencies            14445.00      7778.00 
  _MISC_      Misclassification Rate            0.19         0.18 
  _MAX_       Maximum Absolute Error            0.96         0.96 
  _SSE_       Sum of Squared Errors          4025.42      2153.89 
  _ASE_       Average Squared Error             0.14         0.14 
  _RASE_      Root Average Squared Error        0.37         0.37 
  _DIV_       Divisor for ASE               28890.00     15556.00 
  _DFT_       Total Degrees of Freedom      14445.00          .   
 
                                                                                                                                                                                                                                                                
 
 
Classification Table

Data Role=TRAIN Target Variable=TargetBuy Target Label=Organics Purchase Indicator

                       Target        Outcome     Frequency       Total
Target    Outcome    Percentage    Percentage      Count      Percentage

  0          0         83.5241       93.3468       10144        70.2250 
  1          0         16.4759       55.9251        2001        13.8525 
  0          1         31.4348        6.6532         723         5.0052 
  1          1         68.5652       44.0749        1577        10.9173 


Data Role=VALIDATE Target Variable=TargetBuy Target Label=Organics Purchase Indicator

                       Target        Outcome     Frequency       Total
Target    Outcome    Percentage    Percentage      Count      Percentage

  0          0         83.7731       93.8814        5493        70.6223 
  1          0         16.2269       55.2154        1064        13.6796 
  0          1         29.3202        6.1186         358         4.6027 
  1          1         70.6798       44.7846         863        11.0954 
 
                                                                                                                                                                                                                                                                
 
 
Event Classification Table

Data Role=TRAIN Target=TargetBuy Target Label=Organics Purchase Indicator

  False       True        False       True
Negative    Negative    Positive    Positive

  2001        10144        723        1577  


Data Role=VALIDATE Target=TargetBuy Target Label=Organics Purchase Indicator

  False       True        False       True
Negative    Negative    Positive    Positive

  1064        5493         358         863  
 
                                                                                                                                                                                                                                                                
 
 
Assessment Score Rankings

Data Role=TRAIN Target Variable=TargetBuy Target Label=Organics Purchase Indicator

                                                                                           Mean
                               Cumulative        %       Cumulative      Number of      Posterior
Depth       Gain      Lift        Lift       Response    % Response    Observations    Probability

   5     244.773    3.44773      3.44773      85.3996      85.3996          723          0.85400  
  10     209.505    2.74189      3.09505      67.9161      76.6639          722          0.67916  
  15     180.379    2.22086      2.80379      55.0102      69.4493          722          0.55010  
  20     155.389    1.80385      2.55389      44.6809      63.2594          722          0.44681  
  25     127.981    1.18462      2.27981      29.3427      56.4704          723          0.29343  
  30     107.697    1.06220      2.07697      26.3105      51.4461          722          0.26310  
  35      93.206    1.06220      1.93206      26.3105      47.8567          722          0.26310  
  40      80.797    0.93905      1.80797      23.2602      44.7832          722          0.23260  
  45      70.881    0.91633      1.70881      22.6974      42.3269          723          0.22697  
  50      58.704    0.49063      1.58704      12.1529      39.3108          722          0.12153  
  55      48.034    0.41287      1.48034      10.2268      36.6678          722          0.10227  
  60      39.142    0.41287      1.39142      10.2268      34.4651          722          0.10227  
  65      31.607    0.41287      1.31607      10.2268      32.5989          723          0.10227  
  70      25.158    0.41287      1.25158      10.2268      31.0015          722          0.10227  
  75      19.569    0.41287      1.19569      10.2268      29.6170          722          0.10227  
  80      14.678    0.41287      1.14678      10.2268      28.4056          722          0.10227  
  85      10.357    0.41287      1.10357      10.2268      27.3352          723          0.10227  
  90       6.521    0.41287      1.06521      10.2268      26.3851          722          0.10227  
  95       3.089    0.41287      1.03089      10.2268      25.5350          722          0.10227  
 100       0.000    0.41287      1.00000      10.2268      24.7698          722          0.10227  


Data Role=VALIDATE Target Variable=TargetBuy Target Label=Organics Purchase Indicator

                                                                                           Mean
                               Cumulative        %       Cumulative      Number of      Posterior
Depth       Gain      Lift        Lift       Response    % Response    Observations    Probability

   5     242.571    3.42571      3.42571      84.8720      84.8720          389          0.85488  
  10     210.662    2.78754      3.10662      69.0612      76.9666          389          0.67844  
  15     187.362    2.40761      2.87362      59.6486      71.1939          389          0.54828  
  20     153.728    1.52827      2.53728      37.8630      62.8612          389          0.43536  
  25     127.521    1.22690      2.27521      30.3964      56.3682          389          0.28344  
  30     109.026    1.16555      2.09026      28.8765      51.7863          389          0.26310  
  35      95.755    1.16128      1.95755      28.7708      48.4984          389          0.26252  
  40      82.892    0.92847      1.82892      23.0028      45.3114          389          0.23048  
  45      72.241    0.87037      1.72241      21.5635      42.6727          389          0.22561  
  50      59.715    0.46687      1.59715      11.5667      39.5693          388          0.12247  
  55      48.855    0.40285      1.48855       9.9807      36.8788          389          0.10227  
  60      39.806    0.40285      1.39806       9.9807      34.6368          389          0.10227  
  65      32.149    0.40285      1.32149       9.9807      32.7398          389          0.10227  
  70      25.586    0.40285      1.25586       9.9807      31.1139          389          0.10227  
  75      19.898    0.40285      1.19898       9.9807      29.7048          389          0.10227  
  80      14.921    0.40285      1.14921       9.9807      28.4718          389          0.10227  
  85      10.530    0.40285      1.10530       9.9807      27.3839          389          0.10227  
  90       6.627    0.40285      1.06627       9.9807      26.4169          389          0.10227  
  95       3.135    0.40285      1.03135       9.9807      25.5518          389          0.10227  
 100       0.000    0.40285      1.00000       9.9807      24.7750          388          0.10227  
 
                                                                                                                                                                                                                                                                
 
 
Assessment Score Distribution

Data Role=TRAIN Target Variable=TargetBuy Target Label=Organics Purchase Indicator

 Posterior     Number                     Mean
Probability      of      Number of     Posterior
   Range       Events    Nonevents    Probability    Percentage

 0.95-1.00        46           2        0.95833         0.3323 
 0.90-0.95       236          13        0.94779         1.7238 
 0.75-0.80       567         154        0.78641         4.9913 
 0.70-0.75        67          28        0.70526         0.6577 
 0.55-0.60       290         212        0.57769         3.4753 
 0.50-0.55       371         314        0.54161         4.7421 
 0.45-0.50       129         132        0.49425         1.8069 
 0.40-0.45        28          39        0.41791         0.4638 
 0.35-0.40       176         315        0.35845         3.3991 
 0.25-0.30       522        1462        0.26310        13.7349 
 0.20-0.25       304        1015        0.23048         9.1312 
 0.15-0.20        53         255        0.17208         2.1322 
 0.10-0.15       789        6926        0.10227        53.4095 


Data Role=VALIDATE Target Variable=TargetBuy Target Label=Organics Purchase Indicator

 Posterior     Number                     Mean
Probability      of      Number of     Posterior
   Range       Events    Nonevents    Probability    Percentage

 0.95-1.00        23           2        0.95833         0.3214 
 0.90-0.95       129           8        0.94779         1.7614 
 0.75-0.80       307          82        0.78639         5.0013 
 0.70-0.75        30          14        0.70526         0.5657 
 0.55-0.60       153         102        0.57769         3.2785 
 0.50-0.55       221         150        0.54161         4.7699 
 0.45-0.50        59          74        0.49425         1.7100 
 0.40-0.45         7          26        0.41791         0.4243 
 0.35-0.40        79         173        0.35846         3.2399 
 0.25-0.30       311         766        0.26310        13.8467 
 0.20-0.25       167         559        0.23048         9.3340 
 0.15-0.20        28         170        0.17050         2.5456 
 0.10-0.15       413        3725        0.10227        53.2013 
